[2024-03-07 14:06:42] production.ERROR: Partial view [post-fields] not found. (View: /home/oqrkrpbs/offices.topdealhot.com/platform/core/base/resources/views/forms/form-tabs.blade.php) {"userId":1,"exception":"[object] (Illuminate\\View\\ViewException(code: 0): Partial view [post-fields] not found. (View: /home/oqrkrpbs/offices.topdealhot.com/platform/core/base/resources/views/forms/form-tabs.blade.php) at /home/oqrkrpbs/offices.topdealhot.com/vendor/botble/theme/src/Theme.php:432)
[stacktrace]
#0 /home/oqrkrpbs/offices.topdealhot.com/vendor/laravel/framework/src/Illuminate/View/Engines/PhpEngine.php(60): Illuminate\\View\\Engines\\CompilerEngine->handleViewException()
#1 /home/oqrkrpbs/offices.topdealhot.com/vendor/laravel/framework/src/Illuminate/View/Engines/CompilerEngine.php(72): Illuminate\\View\\Engines\\PhpEngine->evaluatePath()
#2 /home/oqrkrpbs/offices.topdealhot.com/vendor/laravel/framework/src/Illuminate/View/View.php(207): Illuminate\\View\\Engines\\CompilerEngine->get()
#3 /home/oqrkrpbs/offices.topdealhot.com/vendor/botble/shortcode/src/View/View.php(50): Illuminate\\View\\View->getContents()
#4 /home/oqrkrpbs/offices.topdealhot.com/vendor/laravel/framework/src/Illuminate/View/View.php(159): Botble\\Shortcode\\View\\View->renderContents()
#5 /home/oqrkrpbs/offices.topdealhot.com/vendor/kris/laravel-form-builder/src/Kris/LaravelFormBuilder/Form.php(1013): Illuminate\\View\\View->render()
#6 /home/oqrkrpbs/offices.topdealhot.com/vendor/kris/laravel-form-builder/src/Kris/LaravelFormBuilder/Form.php(422): Kris\\LaravelFormBuilder\\Form->render()
#7 /home/oqrkrpbs/offices.topdealhot.com/vendor/botble/platform/base/src/Forms/FormAbstract.php(370): Kris\\LaravelFormBuilder\\Form->renderForm()
#8 /home/oqrkrpbs/offices.topdealhot.com/platform/plugins/blog/src/Http/Controllers/PostController.php(39): Botble\\Base\\Forms\\FormAbstract->renderForm()
#9 /home/oqrkrpbs/offices.topdealhot.com/vendor/laravel/framework/src/Illuminate/Routing/Controller.php(54): Botble\\Blog\\Http\\Controllers\\PostController->create()
#10 /home/oqrkrpbs/offices.topdealhot.com/vendor/laravel/framework/src/Illuminate/Routing/ControllerDispatcher.php(43): Illuminate\\Routing\\Controller->callAction()
#11 /home/oqrkrpbs/offices.topdealhot.com/vendor/laravel/framework/src/Illuminate/Routing/Route.php(260): Illuminate\\Routing\\ControllerDispatcher->dispatch()
#12 /home/oqrkrpbs/offices.topdealhot.com/vendor/laravel/framework/src/Illuminate/Routing/Route.php(205): Illuminate\\Routing\\Route->runController()
#13 /home/oqrkrpbs/offices.topdealhot.com/vendor/laravel/framework/src/Illuminate/Routing/Router.php(806): Illuminate\\Routing\\Route->run()
#14 /home/oqrkrpbs/offices.topdealhot.com/vendor/laravel/framework/src/Illuminate/Pipeline/Pipeline.php(144): Illuminate\\Routing\\Router->Illuminate\\Routing\\{closure}()
#15 /home/oqrkrpbs/offices.topdealhot.com/vendor/botble/platform/base/src/Http/Middleware/CoreMiddleware.php(17): Illuminate\\Pipeline\\Pipeline->Illuminate\\Pipeline\\{closure}()
#16 /home/oqrkrpbs/offices.topdealhot.com/vendor/laravel/framework/src/Illuminate/Pipeline/Pipeline.php(144): Botble\\Base\\Http\\Middleware\\CoreMiddleware->Botble\\Base\\Http\\Middleware\\{closure}()
#17 /home/oqrkrpbs/offices.topdealhot.com/vendor/botble/platform/base/src/Http/Middleware/EnsureLicenseHasBeenActivated.php(24): Illuminate\\Pipeline\\Pipeline->Illuminate\\Pipeline\\{closure}()
#18 /home/oqrkrpbs/offices.topdealhot.com/vendor/laravel/framework/src/Illuminate/Pipeline/Pipeline.php(183): Botble\\Base\\Http\\Middleware\\EnsureLicenseHasBeenActivated->handle()
#19 /home/oqrkrpbs/offices.topdealhot.com/vendor/laravel/framework/src/Illuminate/Pipeline/Pipeline.php(119): Illuminate\\Pipeline\\Pipeline->Illuminate\\Pipeline\\{closure}()
#20 /home/oqrkrpbs/offices.topdealhot.com/vendor/botble/platform/base/src/Http/Middleware/CoreMiddleware.php(18): Illuminate\\Pipeline\\Pipeline->then()
#21 /home/oqrkrpbs/offices.topdealhot.com/vendor/laravel/framework/src/Illuminate/Pipeline/Pipeline.php(183): Botble\\Base\\Http\\Middleware\\CoreMiddleware->handle()
#22 /home/oqrkrpbs/offices.topdealhot.com/vendor/botble/platform/base/src/Http/Middleware/HttpsProtocolMiddleware.php(16): Illuminate\\Pipeline\\Pipeline->Illuminate\\Pipeline\\{closure}()
#23 /home/oqrkrpbs/offices.topdealhot.com/vendor/laravel/framework/src/Illuminate/Pipeline/Pipeline.php(183): Botble\\Base\\Http\\Middleware\\HttpsProtocolMiddleware->handle()
#24 /home/oqrkrpbs/offices.topdealhot.com/vendor/botble/platform/base/src/Http/Middleware/AdminLocaleMiddleware.php(31): Illuminate\\Pipeline\\Pipeline->Illuminate\\Pipeline\\{closure}()
#25 /home/oqrkrpbs/offices.topdealhot.com/vendor/laravel/framework/src/Illuminate/Pipeline/Pipeline.php(183): Botble\\Base\\Http\\Middleware\\AdminLocaleMiddleware->handle()
#26 /home/oqrkrpbs/offices.topdealhot.com/vendor/botble/platform/base/src/Http/Middleware/LocaleMiddleware.php(23): Illuminate\\Pipeline\\Pipeline->Illuminate\\Pipeline\\{closure}()
#27 /home/oqrkrpbs/offices.topdealhot.com/vendor/laravel/framework/src/Illuminate/Pipeline/Pipeline.php(183): Botble\\Base\\Http\\Middleware\\LocaleMiddleware->handle()
#28 /home/oqrkrpbs/offices.topdealhot.com/vendor/botble/installer/src/Http/Middleware/RedirectIfNotInstalledMiddleware.php(17): Illuminate\\Pipeline\\Pipeline->Illuminate\\Pipeline\\{closure}()
#29 /home/oqrkrpbs/offices.topdealhot.com/vendor/laravel/framework/src/Illuminate/Pipeline/Pipeline.php(183): Botble\\Installer\\Http\\Middleware\\RedirectIfNotInstalledMiddleware->handle()
#30 /home/oqrkrpbs/offices.topdealhot.com/vendor/laravel/framework/src/Illuminate/Routing/Middleware/SubstituteBindings.php(50): Illuminate\\Pipeline\\Pipeline->Illuminate\\Pipeline\\{closure}()
#31 /home/oqrkrpbs/offices.topdealhot.com/vendor/laravel/framework/src/Illuminate/Pipeline/Pipeline.php(183): Illuminate\\Routing\\Middleware\\SubstituteBindings->handle()
#32 /home/oqrkrpbs/offices.topdealhot.com/vendor/botble/platform/acl/src/Http/Middleware/Authenticate.php(37): Illuminate\\Pipeline\\Pipeline->Illuminate\\Pipeline\\{closure}()
#33 /home/oqrkrpbs/offices.topdealhot.com/vendor/laravel/framework/src/Illuminate/Pipeline/Pipeline.php(183): Botble\\ACL\\Http\\Middleware\\Authenticate->handle()
#34 /home/oqrkrpbs/offices.topdealhot.com/vendor/laravel/framework/src/Illuminate/Foundation/Http/Middleware/VerifyCsrfToken.php(78): Illuminate\\Pipeline\\Pipeline->Illuminate\\Pipeline\\{closure}()
#35 /home/oqrkrpbs/offices.topdealhot.com/vendor/laravel/framework/src/Illuminate/Pipeline/Pipeline.php(183): Illuminate\\Foundation\\Http\\Middleware\\VerifyCsrfToken->handle()
#36 /home/oqrkrpbs/offices.topdealhot.com/vendor/laravel/framework/src/Illuminate/View/Middleware/ShareErrorsFromSession.php(49): Illuminate\\Pipeline\\Pipeline->Illuminate\\Pipeline\\{closure}()
#37 /home/oqrkrpbs/offices.topdealhot.com/vendor/laravel/framework/src/Illuminate/Pipeline/Pipeline.php(183): Illuminate\\View\\Middleware\\ShareErrorsFromSession->handle()
#38 /home/oqrkrpbs/offices.topdealhot.com/vendor/laravel/framework/src/Illuminate/Session/Middleware/StartSession.php(121): Illuminate\\Pipeline\\Pipeline->Illuminate\\Pipeline\\{closure}()
#39 /home/oqrkrpbs/offices.topdealhot.com/vendor/laravel/framework/src/Illuminate/Session/Middleware/StartSession.php(64): Illuminate\\Session\\Middleware\\StartSession->handleStatefulRequest()
#40 /home/oqrkrpbs/offices.topdealhot.com/vendor/laravel/framework/src/Illuminate/Pipeline/Pipeline.php(183): Illuminate\\Session\\Middleware\\StartSession->handle()
#41 /home/oqrkrpbs/offices.topdealhot.com/vendor/laravel/framework/src/Illuminate/Cookie/Middleware/AddQueuedCookiesToResponse.php(37): Illuminate\\Pipeline\\Pipeline->Illuminate\\Pipeline\\{closure}()
#42 /home/oqrkrpbs/offices.topdealhot.com/vendor/laravel/framework/src/Illuminate/Pipeline/Pipeline.php(183): Illuminate\\Cookie\\Middleware\\AddQueuedCookiesToResponse->handle()
#43 /home/oqrkrpbs/offices.topdealhot.com/vendor/laravel/framework/src/Illuminate/Cookie/Middleware/EncryptCookies.php(67): Illuminate\\Pipeline\\Pipeline->Illuminate\\Pipeline\\{closure}()
#44 /home/oqrkrpbs/offices.topdealhot.com/vendor/laravel/framework/src/Illuminate/Pipeline/Pipeline.php(183): Illuminate\\Cookie\\Middleware\\EncryptCookies->handle()
#45 /home/oqrkrpbs/offices.topdealhot.com/vendor/laravel/framework/src/Illuminate/Pipeline/Pipeline.php(119): Illuminate\\Pipeline\\Pipeline->Illuminate\\Pipeline\\{closure}()
#46 /home/oqrkrpbs/offices.topdealhot.com/vendor/laravel/framework/src/Illuminate/Routing/Router.php(807): Illuminate\\Pipeline\\Pipeline->then()
#47 /home/oqrkrpbs/offices.topdealhot.com/vendor/laravel/framework/src/Illuminate/Routing/Router.php(784): Illuminate\\Routing\\Router->runRouteWithinStack()
#48 /home/oqrkrpbs/offices.topdealhot.com/vendor/laravel/framework/src/Illuminate/Routing/Router.php(748): Illuminate\\Routing\\Router->runRoute()
#49 /home/oqrkrpbs/offices.topdealhot.com/vendor/laravel/framework/src/Illuminate/Routing/Router.php(737): Illuminate\\Routing\\Router->dispatchToRoute()
#50 /home/oqrkrpbs/offices.topdealhot.com/vendor/laravel/framework/src/Illuminate/Foundation/Http/Kernel.php(200): Illuminate\\Routing\\Router->dispatch()
#51 /home/oqrkrpbs/offices.topdealhot.com/vendor/laravel/framework/src/Illuminate/Pipeline/Pipeline.php(144): Illuminate\\Foundation\\Http\\Kernel->Illuminate\\Foundation\\Http\\{closure}()
#52 /home/oqrkrpbs/offices.topdealhot.com/vendor/botble/platform/js-validation/src/RemoteValidationMiddleware.php(43): Illuminate\\Pipeline\\Pipeline->Illuminate\\Pipeline\\{closure}()
#53 /home/oqrkrpbs/offices.topdealhot.com/vendor/laravel/framework/src/Illuminate/Pipeline/Pipeline.php(183): Botble\\JsValidation\\RemoteValidationMiddleware->handle()
#54 /home/oqrkrpbs/offices.topdealhot.com/vendor/laravel/framework/src/Illuminate/Foundation/Http/Middleware/TransformsRequest.php(21): Illuminate\\Pipeline\\Pipeline->Illuminate\\Pipeline\\{closure}()
#55 /home/oqrkrpbs/offices.topdealhot.com/vendor/laravel/framework/src/Illuminate/Foundation/Http/Middleware/ConvertEmptyStringsToNull.php(31): Illuminate\\Foundation\\Http\\Middleware\\TransformsRequest->handle()
#56 /home/oqrkrpbs/offices.topdealhot.com/vendor/laravel/framework/src/Illuminate/Pipeline/Pipeline.php(183): Illuminate\\Foundation\\Http\\Middleware\\ConvertEmptyStringsToNull->handle()
#57 /home/oqrkrpbs/offices.topdealhot.com/vendor/laravel/framework/src/Illuminate/Foundation/Http/Middleware/TransformsRequest.php(21): Illuminate\\Pipeline\\Pipeline->Illuminate\\Pipeline\\{closure}()
#58 /home/oqrkrpbs/offices.topdealhot.com/vendor/laravel/framework/src/Illuminate/Foundation/Http/Middleware/TrimStrings.php(40): Illuminate\\Foundation\\Http\\Middleware\\TransformsRequest->handle()
#59 /home/oqrkrpbs/offices.topdealhot.com/vendor/laravel/framework/src/Illuminate/Pipeline/Pipeline.php(183): Illuminate\\Foundation\\Http\\Middleware\\TrimStrings->handle()
#60 /home/oqrkrpbs/offices.topdealhot.com/vendor/laravel/framework/src/Illuminate/Foundation/Http/Middleware/ValidatePostSize.php(27): Illuminate\\Pipeline\\Pipeline->Illuminate\\Pipeline\\{closure}()
#61 /home/oqrkrpbs/offices.topdealhot.com/vendor/laravel/framework/src/Illuminate/Pipeline/Pipeline.php(183): Illuminate\\Foundation\\Http\\Middleware\\ValidatePostSize->handle()
#62 /home/oqrkrpbs/offices.topdealhot.com/vendor/laravel/framework/src/Illuminate/Foundation/Http/Middleware/PreventRequestsDuringMaintenance.php(99): Illuminate\\Pipeline\\Pipeline->Illuminate\\Pipeline\\{closure}()
#63 /home/oqrkrpbs/offices.topdealhot.com/vendor/laravel/framework/src/Illuminate/Pipeline/Pipeline.php(183): Illuminate\\Foundation\\Http\\Middleware\\PreventRequestsDuringMaintenance->handle()
#64 /home/oqrkrpbs/offices.topdealhot.com/vendor/laravel/framework/src/Illuminate/Http/Middleware/HandleCors.php(49): Illuminate\\Pipeline\\Pipeline->Illuminate\\Pipeline\\{closure}()
#65 /home/oqrkrpbs/offices.topdealhot.com/vendor/laravel/framework/src/Illuminate/Pipeline/Pipeline.php(183): Illuminate\\Http\\Middleware\\HandleCors->handle()
#66 /home/oqrkrpbs/offices.topdealhot.com/vendor/laravel/framework/src/Illuminate/Http/Middleware/TrustProxies.php(39): Illuminate\\Pipeline\\Pipeline->Illuminate\\Pipeline\\{closure}()
#67 /home/oqrkrpbs/offices.topdealhot.com/vendor/laravel/framework/src/Illuminate/Pipeline/Pipeline.php(183): Illuminate\\Http\\Middleware\\TrustProxies->handle()
#68 /home/oqrkrpbs/offices.topdealhot.com/vendor/laravel/framework/src/Illuminate/Pipeline/Pipeline.php(119): Illuminate\\Pipeline\\Pipeline->Illuminate\\Pipeline\\{closure}()
#69 /home/oqrkrpbs/offices.topdealhot.com/vendor/laravel/framework/src/Illuminate/Foundation/Http/Kernel.php(175): Illuminate\\Pipeline\\Pipeline->then()
#70 /home/oqrkrpbs/offices.topdealhot.com/vendor/laravel/framework/src/Illuminate/Foundation/Http/Kernel.php(144): Illuminate\\Foundation\\Http\\Kernel->sendRequestThroughRouter()
#71 /home/oqrkrpbs/offices.topdealhot.com/public/index.php(56): Illuminate\\Foundation\\Http\\Kernel->handle()
#72 {main}

[previous exception] [object] (Botble\\Theme\\Exceptions\\UnknownPartialFileException(code: 0): Partial view [post-fields] not found. at /home/oqrkrpbs/offices.topdealhot.com/vendor/botble/theme/src/Theme.php:432)
[stacktrace]
#0 /home/oqrkrpbs/offices.topdealhot.com/vendor/botble/theme/src/Theme.php(421): Botble\\Theme\\Theme->loadPartial()
#1 /home/oqrkrpbs/offices.topdealhot.com/vendor/laravel/framework/src/Illuminate/Support/Facades/Facade.php(355): Botble\\Theme\\Theme->partial()
#2 /home/oqrkrpbs/offices.topdealhot.com/platform/themes/resido/functions/functions.php(564): Illuminate\\Support\\Facades\\Facade::__callStatic()
#3 [internal function]: post_additional_fields()
#4 /home/oqrkrpbs/offices.topdealhot.com/vendor/botble/platform/base/src/Supports/MetaBox.php(108): call_user_func_array()
#5 /home/oqrkrpbs/offices.topdealhot.com/vendor/laravel/framework/src/Illuminate/Support/Facades/Facade.php(355): Botble\\Base\\Supports\\MetaBox->doMetaBoxes()
#6 [internal function]: Illuminate\\Support\\Facades\\Facade::__callStatic()
#7 /home/oqrkrpbs/offices.topdealhot.com/vendor/botble/platform/base/src/Supports/Action.php(26): call_user_func_array()
#8 /home/oqrkrpbs/offices.topdealhot.com/vendor/laravel/framework/src/Illuminate/Support/Facades/Facade.php(355): Botble\\Base\\Supports\\Action->fire()
#9 /home/oqrkrpbs/offices.topdealhot.com/platform/core/base/helpers/action-filter.php(46): Illuminate\\Support\\Facades\\Facade::__callStatic()
#10 /home/oqrkrpbs/offices.topdealhot.com/storage/framework/views/d06c8c5ef09760029107bbfcce1714d4.php(189): do_action()
#11 /home/oqrkrpbs/offices.topdealhot.com/vendor/laravel/framework/src/Illuminate/Filesystem/Filesystem.php(124): require('/home/oqrkrpbs/...')
#12 /home/oqrkrpbs/offices.topdealhot.com/vendor/laravel/framework/src/Illuminate/Filesystem/Filesystem.php(125): Illuminate\\Filesystem\\Filesystem::Illuminate\\Filesystem\\{closure}()
#13 /home/oqrkrpbs/offices.topdealhot.com/vendor/laravel/framework/src/Illuminate/View/Engines/PhpEngine.php(58): Illuminate\\Filesystem\\Filesystem->getRequire()
#14 /home/oqrkrpbs/offices.topdealhot.com/vendor/laravel/framework/src/Illuminate/View/Engines/CompilerEngine.php(72): Illuminate\\View\\Engines\\PhpEngine->evaluatePath()
#15 /home/oqrkrpbs/offices.topdealhot.com/vendor/laravel/framework/src/Illuminate/View/View.php(207): Illuminate\\View\\Engines\\CompilerEngine->get()
#16 /home/oqrkrpbs/offices.topdealhot.com/vendor/botble/shortcode/src/View/View.php(50): Illuminate\\View\\View->getContents()
#17 /home/oqrkrpbs/offices.topdealhot.com/vendor/laravel/framework/src/Illuminate/View/View.php(159): Botble\\Shortcode\\View\\View->renderContents()
#18 /home/oqrkrpbs/offices.topdealhot.com/vendor/kris/laravel-form-builder/src/Kris/LaravelFormBuilder/Form.php(1013): Illuminate\\View\\View->render()
#19 /home/oqrkrpbs/offices.topdealhot.com/vendor/kris/laravel-form-builder/src/Kris/LaravelFormBuilder/Form.php(422): Kris\\LaravelFormBuilder\\Form->render()
#20 /home/oqrkrpbs/offices.topdealhot.com/vendor/botble/platform/base/src/Forms/FormAbstract.php(370): Kris\\LaravelFormBuilder\\Form->renderForm()
#21 /home/oqrkrpbs/offices.topdealhot.com/platform/plugins/blog/src/Http/Controllers/PostController.php(39): Botble\\Base\\Forms\\FormAbstract->renderForm()
#22 /home/oqrkrpbs/offices.topdealhot.com/vendor/laravel/framework/src/Illuminate/Routing/Controller.php(54): Botble\\Blog\\Http\\Controllers\\PostController->create()
#23 /home/oqrkrpbs/offices.topdealhot.com/vendor/laravel/framework/src/Illuminate/Routing/ControllerDispatcher.php(43): Illuminate\\Routing\\Controller->callAction()
#24 /home/oqrkrpbs/offices.topdealhot.com/vendor/laravel/framework/src/Illuminate/Routing/Route.php(260): Illuminate\\Routing\\ControllerDispatcher->dispatch()
#25 /home/oqrkrpbs/offices.topdealhot.com/vendor/laravel/framework/src/Illuminate/Routing/Route.php(205): Illuminate\\Routing\\Route->runController()
#26 /home/oqrkrpbs/offices.topdealhot.com/vendor/laravel/framework/src/Illuminate/Routing/Router.php(806): Illuminate\\Routing\\Route->run()
#27 /home/oqrkrpbs/offices.topdealhot.com/vendor/laravel/framework/src/Illuminate/Pipeline/Pipeline.php(144): Illuminate\\Routing\\Router->Illuminate\\Routing\\{closure}()
#28 /home/oqrkrpbs/offices.topdealhot.com/vendor/botble/platform/base/src/Http/Middleware/CoreMiddleware.php(17): Illuminate\\Pipeline\\Pipeline->Illuminate\\Pipeline\\{closure}()
#29 /home/oqrkrpbs/offices.topdealhot.com/vendor/laravel/framework/src/Illuminate/Pipeline/Pipeline.php(144): Botble\\Base\\Http\\Middleware\\CoreMiddleware->Botble\\Base\\Http\\Middleware\\{closure}()
#30 /home/oqrkrpbs/offices.topdealhot.com/vendor/botble/platform/base/src/Http/Middleware/EnsureLicenseHasBeenActivated.php(24): Illuminate\\Pipeline\\Pipeline->Illuminate\\Pipeline\\{closure}()
#31 /home/oqrkrpbs/offices.topdealhot.com/vendor/laravel/framework/src/Illuminate/Pipeline/Pipeline.php(183): Botble\\Base\\Http\\Middleware\\EnsureLicenseHasBeenActivated->handle()
#32 /home/oqrkrpbs/offices.topdealhot.com/vendor/laravel/framework/src/Illuminate/Pipeline/Pipeline.php(119): Illuminate\\Pipeline\\Pipeline->Illuminate\\Pipeline\\{closure}()
#33 /home/oqrkrpbs/offices.topdealhot.com/vendor/botble/platform/base/src/Http/Middleware/CoreMiddleware.php(18): Illuminate\\Pipeline\\Pipeline->then()
#34 /home/oqrkrpbs/offices.topdealhot.com/vendor/laravel/framework/src/Illuminate/Pipeline/Pipeline.php(183): Botble\\Base\\Http\\Middleware\\CoreMiddleware->handle()
#35 /home/oqrkrpbs/offices.topdealhot.com/vendor/botble/platform/base/src/Http/Middleware/HttpsProtocolMiddleware.php(16): Illuminate\\Pipeline\\Pipeline->Illuminate\\Pipeline\\{closure}()
#36 /home/oqrkrpbs/offices.topdealhot.com/vendor/laravel/framework/src/Illuminate/Pipeline/Pipeline.php(183): Botble\\Base\\Http\\Middleware\\HttpsProtocolMiddleware->handle()
#37 /home/oqrkrpbs/offices.topdealhot.com/vendor/botble/platform/base/src/Http/Middleware/AdminLocaleMiddleware.php(31): Illuminate\\Pipeline\\Pipeline->Illuminate\\Pipeline\\{closure}()
#38 /home/oqrkrpbs/offices.topdealhot.com/vendor/laravel/framework/src/Illuminate/Pipeline/Pipeline.php(183): Botble\\Base\\Http\\Middleware\\AdminLocaleMiddleware->handle()
#39 /home/oqrkrpbs/offices.topdealhot.com/vendor/botble/platform/base/src/Http/Middleware/LocaleMiddleware.php(23): Illuminate\\Pipeline\\Pipeline->Illuminate\\Pipeline\\{closure}()
#40 /home/oqrkrpbs/offices.topdealhot.com/vendor/laravel/framework/src/Illuminate/Pipeline/Pipeline.php(183): Botble\\Base\\Http\\Middleware\\LocaleMiddleware->handle()
#41 /home/oqrkrpbs/offices.topdealhot.com/vendor/botble/installer/src/Http/Middleware/RedirectIfNotInstalledMiddleware.php(17): Illuminate\\Pipeline\\Pipeline->Illuminate\\Pipeline\\{closure}()
#42 /home/oqrkrpbs/offices.topdealhot.com/vendor/laravel/framework/src/Illuminate/Pipeline/Pipeline.php(183): Botble\\Installer\\Http\\Middleware\\RedirectIfNotInstalledMiddleware->handle()
#43 /home/oqrkrpbs/offices.topdealhot.com/vendor/laravel/framework/src/Illuminate/Routing/Middleware/SubstituteBindings.php(50): Illuminate\\Pipeline\\Pipeline->Illuminate\\Pipeline\\{closure}()
#44 /home/oqrkrpbs/offices.topdealhot.com/vendor/laravel/framework/src/Illuminate/Pipeline/Pipeline.php(183): Illuminate\\Routing\\Middleware\\SubstituteBindings->handle()
#45 /home/oqrkrpbs/offices.topdealhot.com/vendor/botble/platform/acl/src/Http/Middleware/Authenticate.php(37): Illuminate\\Pipeline\\Pipeline->Illuminate\\Pipeline\\{closure}()
#46 /home/oqrkrpbs/offices.topdealhot.com/vendor/laravel/framework/src/Illuminate/Pipeline/Pipeline.php(183): Botble\\ACL\\Http\\Middleware\\Authenticate->handle()
#47 /home/oqrkrpbs/offices.topdealhot.com/vendor/laravel/framework/src/Illuminate/Foundation/Http/Middleware/VerifyCsrfToken.php(78): Illuminate\\Pipeline\\Pipeline->Illuminate\\Pipeline\\{closure}()
#48 /home/oqrkrpbs/offices.topdealhot.com/vendor/laravel/framework/src/Illuminate/Pipeline/Pipeline.php(183): Illuminate\\Foundation\\Http\\Middleware\\VerifyCsrfToken->handle()
#49 /home/oqrkrpbs/offices.topdealhot.com/vendor/laravel/framework/src/Illuminate/View/Middleware/ShareErrorsFromSession.php(49): Illuminate\\Pipeline\\Pipeline->Illuminate\\Pipeline\\{closure}()
#50 /home/oqrkrpbs/offices.topdealhot.com/vendor/laravel/framework/src/Illuminate/Pipeline/Pipeline.php(183): Illuminate\\View\\Middleware\\ShareErrorsFromSession->handle()
#51 /home/oqrkrpbs/offices.topdealhot.com/vendor/laravel/framework/src/Illuminate/Session/Middleware/StartSession.php(121): Illuminate\\Pipeline\\Pipeline->Illuminate\\Pipeline\\{closure}()
#52 /home/oqrkrpbs/offices.topdealhot.com/vendor/laravel/framework/src/Illuminate/Session/Middleware/StartSession.php(64): Illuminate\\Session\\Middleware\\StartSession->handleStatefulRequest()
#53 /home/oqrkrpbs/offices.topdealhot.com/vendor/laravel/framework/src/Illuminate/Pipeline/Pipeline.php(183): Illuminate\\Session\\Middleware\\StartSession->handle()
#54 /home/oqrkrpbs/offices.topdealhot.com/vendor/laravel/framework/src/Illuminate/Cookie/Middleware/AddQueuedCookiesToResponse.php(37): Illuminate\\Pipeline\\Pipeline->Illuminate\\Pipeline\\{closure}()
#55 /home/oqrkrpbs/offices.topdealhot.com/vendor/laravel/framework/src/Illuminate/Pipeline/Pipeline.php(183): Illuminate\\Cookie\\Middleware\\AddQueuedCookiesToResponse->handle()
#56 /home/oqrkrpbs/offices.topdealhot.com/vendor/laravel/framework/src/Illuminate/Cookie/Middleware/EncryptCookies.php(67): Illuminate\\Pipeline\\Pipeline->Illuminate\\Pipeline\\{closure}()
#57 /home/oqrkrpbs/offices.topdealhot.com/vendor/laravel/framework/src/Illuminate/Pipeline/Pipeline.php(183): Illuminate\\Cookie\\Middleware\\EncryptCookies->handle()
#58 /home/oqrkrpbs/offices.topdealhot.com/vendor/laravel/framework/src/Illuminate/Pipeline/Pipeline.php(119): Illuminate\\Pipeline\\Pipeline->Illuminate\\Pipeline\\{closure}()
#59 /home/oqrkrpbs/offices.topdealhot.com/vendor/laravel/framework/src/Illuminate/Routing/Router.php(807): Illuminate\\Pipeline\\Pipeline->then()
#60 /home/oqrkrpbs/offices.topdealhot.com/vendor/laravel/framework/src/Illuminate/Routing/Router.php(784): Illuminate\\Routing\\Router->runRouteWithinStack()
#61 /home/oqrkrpbs/offices.topdealhot.com/vendor/laravel/framework/src/Illuminate/Routing/Router.php(748): Illuminate\\Routing\\Router->runRoute()
#62 /home/oqrkrpbs/offices.topdealhot.com/vendor/laravel/framework/src/Illuminate/Routing/Router.php(737): Illuminate\\Routing\\Router->dispatchToRoute()
#63 /home/oqrkrpbs/offices.topdealhot.com/vendor/laravel/framework/src/Illuminate/Foundation/Http/Kernel.php(200): Illuminate\\Routing\\Router->dispatch()
#64 /home/oqrkrpbs/offices.topdealhot.com/vendor/laravel/framework/src/Illuminate/Pipeline/Pipeline.php(144): Illuminate\\Foundation\\Http\\Kernel->Illuminate\\Foundation\\Http\\{closure}()
#65 /home/oqrkrpbs/offices.topdealhot.com/vendor/botble/platform/js-validation/src/RemoteValidationMiddleware.php(43): Illuminate\\Pipeline\\Pipeline->Illuminate\\Pipeline\\{closure}()
#66 /home/oqrkrpbs/offices.topdealhot.com/vendor/laravel/framework/src/Illuminate/Pipeline/Pipeline.php(183): Botble\\JsValidation\\RemoteValidationMiddleware->handle()
#67 /home/oqrkrpbs/offices.topdealhot.com/vendor/laravel/framework/src/Illuminate/Foundation/Http/Middleware/TransformsRequest.php(21): Illuminate\\Pipeline\\Pipeline->Illuminate\\Pipeline\\{closure}()
#68 /home/oqrkrpbs/offices.topdealhot.com/vendor/laravel/framework/src/Illuminate/Foundation/Http/Middleware/ConvertEmptyStringsToNull.php(31): Illuminate\\Foundation\\Http\\Middleware\\TransformsRequest->handle()
#69 /home/oqrkrpbs/offices.topdealhot.com/vendor/laravel/framework/src/Illuminate/Pipeline/Pipeline.php(183): Illuminate\\Foundation\\Http\\Middleware\\ConvertEmptyStringsToNull->handle()
#70 /home/oqrkrpbs/offices.topdealhot.com/vendor/laravel/framework/src/Illuminate/Foundation/Http/Middleware/TransformsRequest.php(21): Illuminate\\Pipeline\\Pipeline->Illuminate\\Pipeline\\{closure}()
#71 /home/oqrkrpbs/offices.topdealhot.com/vendor/laravel/framework/src/Illuminate/Foundation/Http/Middleware/TrimStrings.php(40): Illuminate\\Foundation\\Http\\Middleware\\TransformsRequest->handle()
#72 /home/oqrkrpbs/offices.topdealhot.com/vendor/laravel/framework/src/Illuminate/Pipeline/Pipeline.php(183): Illuminate\\Foundation\\Http\\Middleware\\TrimStrings->handle()
#73 /home/oqrkrpbs/offices.topdealhot.com/vendor/laravel/framework/src/Illuminate/Foundation/Http/Middleware/ValidatePostSize.php(27): Illuminate\\Pipeline\\Pipeline->Illuminate\\Pipeline\\{closure}()
#74 /home/oqrkrpbs/offices.topdealhot.com/vendor/laravel/framework/src/Illuminate/Pipeline/Pipeline.php(183): Illuminate\\Foundation\\Http\\Middleware\\ValidatePostSize->handle()
#75 /home/oqrkrpbs/offices.topdealhot.com/vendor/laravel/framework/src/Illuminate/Foundation/Http/Middleware/PreventRequestsDuringMaintenance.php(99): Illuminate\\Pipeline\\Pipeline->Illuminate\\Pipeline\\{closure}()
#76 /home/oqrkrpbs/offices.topdealhot.com/vendor/laravel/framework/src/Illuminate/Pipeline/Pipeline.php(183): Illuminate\\Foundation\\Http\\Middleware\\PreventRequestsDuringMaintenance->handle()
#77 /home/oqrkrpbs/offices.topdealhot.com/vendor/laravel/framework/src/Illuminate/Http/Middleware/HandleCors.php(49): Illuminate\\Pipeline\\Pipeline->Illuminate\\Pipeline\\{closure}()
#78 /home/oqrkrpbs/offices.topdealhot.com/vendor/laravel/framework/src/Illuminate/Pipeline/Pipeline.php(183): Illuminate\\Http\\Middleware\\HandleCors->handle()
#79 /home/oqrkrpbs/offices.topdealhot.com/vendor/laravel/framework/src/Illuminate/Http/Middleware/TrustProxies.php(39): Illuminate\\Pipeline\\Pipeline->Illuminate\\Pipeline\\{closure}()
#80 /home/oqrkrpbs/offices.topdealhot.com/vendor/laravel/framework/src/Illuminate/Pipeline/Pipeline.php(183): Illuminate\\Http\\Middleware\\TrustProxies->handle()
#81 /home/oqrkrpbs/offices.topdealhot.com/vendor/laravel/framework/src/Illuminate/Pipeline/Pipeline.php(119): Illuminate\\Pipeline\\Pipeline->Illuminate\\Pipeline\\{closure}()
#82 /home/oqrkrpbs/offices.topdealhot.com/vendor/laravel/framework/src/Illuminate/Foundation/Http/Kernel.php(175): Illuminate\\Pipeline\\Pipeline->then()
#83 /home/oqrkrpbs/offices.topdealhot.com/vendor/laravel/framework/src/Illuminate/Foundation/Http/Kernel.php(144): Illuminate\\Foundation\\Http\\Kernel->sendRequestThroughRouter()
#84 /home/oqrkrpbs/offices.topdealhot.com/public/index.php(56): Illuminate\\Foundation\\Http\\Kernel->handle()
#85 {main}
"} 
