[2024-02-26 18:12:53] production.ERROR: Undefined variable $image (View: /home/oqrkrpbs/offices.topdealhot.com/platform/themes/resido/partials/real-estate/properties/item-list.blade.php) (View: /home/oqrkrpbs/offices.topdealhot.com/platform/themes/resido/partials/real-estate/properties/item-list.blade.php) (View: /home/oqrkrpbs/offices.topdealhot.com/platform/themes/resido/partials/real-estate/properties/item-list.blade.php) (View: /home/oqrkrpbs/offices.topdealhot.com/platform/themes/resido/partials/real-estate/properties/item-list.blade.php) {"userId":1,"exception":"[object] (Illuminate\\View\\ViewException(code: 0): Undefined variable $image (View: /home/oqrkrpbs/offices.topdealhot.com/platform/themes/resido/partials/real-estate/properties/item-list.blade.php) (View: /home/oqrkrpbs/offices.topdealhot.com/platform/themes/resido/partials/real-estate/properties/item-list.blade.php) (View: /home/oqrkrpbs/offices.topdealhot.com/platform/themes/resido/partials/real-estate/properties/item-list.blade.php) (View: /home/oqrkrpbs/offices.topdealhot.com/platform/themes/resido/partials/real-estate/properties/item-list.blade.php) at /home/oqrkrpbs/offices.topdealhot.com/storage/framework/views/7f8a1341c5f4e8836998553c733bf274.php:10)
[stacktrace]
#0 /home/oqrkrpbs/offices.topdealhot.com/vendor/laravel/framework/src/Illuminate/View/Engines/PhpEngine.php(60): Illuminate\\View\\Engines\\CompilerEngine->handleViewException()
#1 /home/oqrkrpbs/offices.topdealhot.com/vendor/laravel/framework/src/Illuminate/View/Engines/CompilerEngine.php(72): Illuminate\\View\\Engines\\PhpEngine->evaluatePath()
#2 /home/oqrkrpbs/offices.topdealhot.com/vendor/laravel/framework/src/Illuminate/View/View.php(207): Illuminate\\View\\Engines\\CompilerEngine->get()
#3 /home/oqrkrpbs/offices.topdealhot.com/vendor/botble/shortcode/src/View/View.php(50): Illuminate\\View\\View->getContents()
#4 /home/oqrkrpbs/offices.topdealhot.com/vendor/laravel/framework/src/Illuminate/View/View.php(159): Botble\\Shortcode\\View\\View->renderContents()
#5 /home/oqrkrpbs/offices.topdealhot.com/vendor/botble/theme/src/Theme.php(617): Illuminate\\View\\View->render()
#6 /home/oqrkrpbs/offices.topdealhot.com/vendor/botble/theme/src/Theme.php(597): Botble\\Theme\\Theme->setUpContent()
#7 /home/oqrkrpbs/offices.topdealhot.com/vendor/laravel/framework/src/Illuminate/Support/Facades/Facade.php(355): Botble\\Theme\\Theme->scope()
#8 /home/oqrkrpbs/offices.topdealhot.com/vendor/botble/theme/src/Http/Controllers/PublicController.php(89): Illuminate\\Support\\Facades\\Facade::__callStatic()
#9 /home/oqrkrpbs/offices.topdealhot.com/vendor/botble/theme/src/Http/Controllers/PublicController.php(119): Botble\\Theme\\Http\\Controllers\\PublicController->getView()
#10 /home/oqrkrpbs/offices.topdealhot.com/vendor/laravel/framework/src/Illuminate/Routing/Controller.php(54): Botble\\Theme\\Http\\Controllers\\PublicController->getViewWithPrefix()
#11 /home/oqrkrpbs/offices.topdealhot.com/vendor/laravel/framework/src/Illuminate/Routing/ControllerDispatcher.php(43): Illuminate\\Routing\\Controller->callAction()
#12 /home/oqrkrpbs/offices.topdealhot.com/vendor/laravel/framework/src/Illuminate/Routing/Route.php(260): Illuminate\\Routing\\ControllerDispatcher->dispatch()
#13 /home/oqrkrpbs/offices.topdealhot.com/vendor/laravel/framework/src/Illuminate/Routing/Route.php(205): Illuminate\\Routing\\Route->runController()
#14 /home/oqrkrpbs/offices.topdealhot.com/vendor/laravel/framework/src/Illuminate/Routing/Router.php(806): Illuminate\\Routing\\Route->run()
#15 /home/oqrkrpbs/offices.topdealhot.com/vendor/laravel/framework/src/Illuminate/Pipeline/Pipeline.php(144): Illuminate\\Routing\\Router->Illuminate\\Routing\\{closure}()
#16 /home/oqrkrpbs/offices.topdealhot.com/vendor/botble/platform/base/src/Http/Middleware/CoreMiddleware.php(17): Illuminate\\Pipeline\\Pipeline->Illuminate\\Pipeline\\{closure}()
#17 /home/oqrkrpbs/offices.topdealhot.com/vendor/laravel/framework/src/Illuminate/Pipeline/Pipeline.php(144): Botble\\Base\\Http\\Middleware\\CoreMiddleware->Botble\\Base\\Http\\Middleware\\{closure}()
#18 /home/oqrkrpbs/offices.topdealhot.com/vendor/botble/platform/base/src/Http/Middleware/EnsureLicenseHasBeenActivated.php(24): Illuminate\\Pipeline\\Pipeline->Illuminate\\Pipeline\\{closure}()
#19 /home/oqrkrpbs/offices.topdealhot.com/vendor/laravel/framework/src/Illuminate/Pipeline/Pipeline.php(183): Botble\\Base\\Http\\Middleware\\EnsureLicenseHasBeenActivated->handle()
#20 /home/oqrkrpbs/offices.topdealhot.com/vendor/laravel/framework/src/Illuminate/Pipeline/Pipeline.php(119): Illuminate\\Pipeline\\Pipeline->Illuminate\\Pipeline\\{closure}()
#21 /home/oqrkrpbs/offices.topdealhot.com/vendor/botble/platform/base/src/Http/Middleware/CoreMiddleware.php(18): Illuminate\\Pipeline\\Pipeline->then()
#22 /home/oqrkrpbs/offices.topdealhot.com/vendor/laravel/framework/src/Illuminate/Pipeline/Pipeline.php(183): Botble\\Base\\Http\\Middleware\\CoreMiddleware->handle()
#23 /home/oqrkrpbs/offices.topdealhot.com/vendor/botble/platform/base/src/Http/Middleware/HttpsProtocolMiddleware.php(16): Illuminate\\Pipeline\\Pipeline->Illuminate\\Pipeline\\{closure}()
#24 /home/oqrkrpbs/offices.topdealhot.com/vendor/laravel/framework/src/Illuminate/Pipeline/Pipeline.php(183): Botble\\Base\\Http\\Middleware\\HttpsProtocolMiddleware->handle()
#25 /home/oqrkrpbs/offices.topdealhot.com/vendor/botble/platform/base/src/Http/Middleware/AdminLocaleMiddleware.php(17): Illuminate\\Pipeline\\Pipeline->Illuminate\\Pipeline\\{closure}()
#26 /home/oqrkrpbs/offices.topdealhot.com/vendor/laravel/framework/src/Illuminate/Pipeline/Pipeline.php(183): Botble\\Base\\Http\\Middleware\\AdminLocaleMiddleware->handle()
#27 /home/oqrkrpbs/offices.topdealhot.com/vendor/botble/platform/base/src/Http/Middleware/LocaleMiddleware.php(29): Illuminate\\Pipeline\\Pipeline->Illuminate\\Pipeline\\{closure}()
#28 /home/oqrkrpbs/offices.topdealhot.com/vendor/laravel/framework/src/Illuminate/Pipeline/Pipeline.php(183): Botble\\Base\\Http\\Middleware\\LocaleMiddleware->handle()
#29 /home/oqrkrpbs/offices.topdealhot.com/vendor/botble/installer/src/Http/Middleware/RedirectIfNotInstalledMiddleware.php(17): Illuminate\\Pipeline\\Pipeline->Illuminate\\Pipeline\\{closure}()
#30 /home/oqrkrpbs/offices.topdealhot.com/vendor/laravel/framework/src/Illuminate/Pipeline/Pipeline.php(183): Botble\\Installer\\Http\\Middleware\\RedirectIfNotInstalledMiddleware->handle()
#31 /home/oqrkrpbs/offices.topdealhot.com/vendor/laravel/framework/src/Illuminate/Routing/Middleware/SubstituteBindings.php(50): Illuminate\\Pipeline\\Pipeline->Illuminate\\Pipeline\\{closure}()
#32 /home/oqrkrpbs/offices.topdealhot.com/vendor/laravel/framework/src/Illuminate/Pipeline/Pipeline.php(183): Illuminate\\Routing\\Middleware\\SubstituteBindings->handle()
#33 /home/oqrkrpbs/offices.topdealhot.com/vendor/laravel/framework/src/Illuminate/Foundation/Http/Middleware/VerifyCsrfToken.php(78): Illuminate\\Pipeline\\Pipeline->Illuminate\\Pipeline\\{closure}()
#34 /home/oqrkrpbs/offices.topdealhot.com/vendor/laravel/framework/src/Illuminate/Pipeline/Pipeline.php(183): Illuminate\\Foundation\\Http\\Middleware\\VerifyCsrfToken->handle()
#35 /home/oqrkrpbs/offices.topdealhot.com/vendor/laravel/framework/src/Illuminate/View/Middleware/ShareErrorsFromSession.php(49): Illuminate\\Pipeline\\Pipeline->Illuminate\\Pipeline\\{closure}()
#36 /home/oqrkrpbs/offices.topdealhot.com/vendor/laravel/framework/src/Illuminate/Pipeline/Pipeline.php(183): Illuminate\\View\\Middleware\\ShareErrorsFromSession->handle()
#37 /home/oqrkrpbs/offices.topdealhot.com/vendor/laravel/framework/src/Illuminate/Session/Middleware/StartSession.php(121): Illuminate\\Pipeline\\Pipeline->Illuminate\\Pipeline\\{closure}()
#38 /home/oqrkrpbs/offices.topdealhot.com/vendor/laravel/framework/src/Illuminate/Session/Middleware/StartSession.php(64): Illuminate\\Session\\Middleware\\StartSession->handleStatefulRequest()
#39 /home/oqrkrpbs/offices.topdealhot.com/vendor/laravel/framework/src/Illuminate/Pipeline/Pipeline.php(183): Illuminate\\Session\\Middleware\\StartSession->handle()
#40 /home/oqrkrpbs/offices.topdealhot.com/vendor/laravel/framework/src/Illuminate/Cookie/Middleware/AddQueuedCookiesToResponse.php(37): Illuminate\\Pipeline\\Pipeline->Illuminate\\Pipeline\\{closure}()
#41 /home/oqrkrpbs/offices.topdealhot.com/vendor/laravel/framework/src/Illuminate/Pipeline/Pipeline.php(183): Illuminate\\Cookie\\Middleware\\AddQueuedCookiesToResponse->handle()
#42 /home/oqrkrpbs/offices.topdealhot.com/vendor/laravel/framework/src/Illuminate/Cookie/Middleware/EncryptCookies.php(67): Illuminate\\Pipeline\\Pipeline->Illuminate\\Pipeline\\{closure}()
#43 /home/oqrkrpbs/offices.topdealhot.com/vendor/laravel/framework/src/Illuminate/Pipeline/Pipeline.php(183): Illuminate\\Cookie\\Middleware\\EncryptCookies->handle()
#44 /home/oqrkrpbs/offices.topdealhot.com/platform/plugins/language/src/Http/Middleware/LocalizationRedirectFilter.php(51): Illuminate\\Pipeline\\Pipeline->Illuminate\\Pipeline\\{closure}()
#45 /home/oqrkrpbs/offices.topdealhot.com/vendor/laravel/framework/src/Illuminate/Pipeline/Pipeline.php(183): Botble\\Language\\Http\\Middleware\\LocalizationRedirectFilter->handle()
#46 /home/oqrkrpbs/offices.topdealhot.com/platform/plugins/language/src/Http/Middleware/LocaleSessionRedirect.php(71): Illuminate\\Pipeline\\Pipeline->Illuminate\\Pipeline\\{closure}()
#47 /home/oqrkrpbs/offices.topdealhot.com/vendor/laravel/framework/src/Illuminate/Pipeline/Pipeline.php(183): Botble\\Language\\Http\\Middleware\\LocaleSessionRedirect->handle()
#48 /home/oqrkrpbs/offices.topdealhot.com/vendor/laravel/framework/src/Illuminate/Pipeline/Pipeline.php(119): Illuminate\\Pipeline\\Pipeline->Illuminate\\Pipeline\\{closure}()
#49 /home/oqrkrpbs/offices.topdealhot.com/vendor/laravel/framework/src/Illuminate/Routing/Router.php(807): Illuminate\\Pipeline\\Pipeline->then()
#50 /home/oqrkrpbs/offices.topdealhot.com/vendor/laravel/framework/src/Illuminate/Routing/Router.php(784): Illuminate\\Routing\\Router->runRouteWithinStack()
#51 /home/oqrkrpbs/offices.topdealhot.com/vendor/laravel/framework/src/Illuminate/Routing/Router.php(748): Illuminate\\Routing\\Router->runRoute()
#52 /home/oqrkrpbs/offices.topdealhot.com/vendor/laravel/framework/src/Illuminate/Routing/Router.php(737): Illuminate\\Routing\\Router->dispatchToRoute()
#53 /home/oqrkrpbs/offices.topdealhot.com/vendor/laravel/framework/src/Illuminate/Foundation/Http/Kernel.php(200): Illuminate\\Routing\\Router->dispatch()
#54 /home/oqrkrpbs/offices.topdealhot.com/vendor/laravel/framework/src/Illuminate/Pipeline/Pipeline.php(144): Illuminate\\Foundation\\Http\\Kernel->Illuminate\\Foundation\\Http\\{closure}()
#55 /home/oqrkrpbs/offices.topdealhot.com/vendor/botble/platform/js-validation/src/RemoteValidationMiddleware.php(43): Illuminate\\Pipeline\\Pipeline->Illuminate\\Pipeline\\{closure}()
#56 /home/oqrkrpbs/offices.topdealhot.com/vendor/laravel/framework/src/Illuminate/Pipeline/Pipeline.php(183): Botble\\JsValidation\\RemoteValidationMiddleware->handle()
#57 /home/oqrkrpbs/offices.topdealhot.com/vendor/laravel/framework/src/Illuminate/Foundation/Http/Middleware/TransformsRequest.php(21): Illuminate\\Pipeline\\Pipeline->Illuminate\\Pipeline\\{closure}()
#58 /home/oqrkrpbs/offices.topdealhot.com/vendor/laravel/framework/src/Illuminate/Foundation/Http/Middleware/ConvertEmptyStringsToNull.php(31): Illuminate\\Foundation\\Http\\Middleware\\TransformsRequest->handle()
#59 /home/oqrkrpbs/offices.topdealhot.com/vendor/laravel/framework/src/Illuminate/Pipeline/Pipeline.php(183): Illuminate\\Foundation\\Http\\Middleware\\ConvertEmptyStringsToNull->handle()
#60 /home/oqrkrpbs/offices.topdealhot.com/vendor/laravel/framework/src/Illuminate/Foundation/Http/Middleware/TransformsRequest.php(21): Illuminate\\Pipeline\\Pipeline->Illuminate\\Pipeline\\{closure}()
#61 /home/oqrkrpbs/offices.topdealhot.com/vendor/laravel/framework/src/Illuminate/Foundation/Http/Middleware/TrimStrings.php(40): Illuminate\\Foundation\\Http\\Middleware\\TransformsRequest->handle()
#62 /home/oqrkrpbs/offices.topdealhot.com/vendor/laravel/framework/src/Illuminate/Pipeline/Pipeline.php(183): Illuminate\\Foundation\\Http\\Middleware\\TrimStrings->handle()
#63 /home/oqrkrpbs/offices.topdealhot.com/vendor/laravel/framework/src/Illuminate/Foundation/Http/Middleware/ValidatePostSize.php(27): Illuminate\\Pipeline\\Pipeline->Illuminate\\Pipeline\\{closure}()
#64 /home/oqrkrpbs/offices.topdealhot.com/vendor/laravel/framework/src/Illuminate/Pipeline/Pipeline.php(183): Illuminate\\Foundation\\Http\\Middleware\\ValidatePostSize->handle()
#65 /home/oqrkrpbs/offices.topdealhot.com/vendor/laravel/framework/src/Illuminate/Foundation/Http/Middleware/PreventRequestsDuringMaintenance.php(99): Illuminate\\Pipeline\\Pipeline->Illuminate\\Pipeline\\{closure}()
#66 /home/oqrkrpbs/offices.topdealhot.com/vendor/laravel/framework/src/Illuminate/Pipeline/Pipeline.php(183): Illuminate\\Foundation\\Http\\Middleware\\PreventRequestsDuringMaintenance->handle()
#67 /home/oqrkrpbs/offices.topdealhot.com/vendor/laravel/framework/src/Illuminate/Http/Middleware/HandleCors.php(49): Illuminate\\Pipeline\\Pipeline->Illuminate\\Pipeline\\{closure}()
#68 /home/oqrkrpbs/offices.topdealhot.com/vendor/laravel/framework/src/Illuminate/Pipeline/Pipeline.php(183): Illuminate\\Http\\Middleware\\HandleCors->handle()
#69 /home/oqrkrpbs/offices.topdealhot.com/vendor/laravel/framework/src/Illuminate/Http/Middleware/TrustProxies.php(39): Illuminate\\Pipeline\\Pipeline->Illuminate\\Pipeline\\{closure}()
#70 /home/oqrkrpbs/offices.topdealhot.com/vendor/laravel/framework/src/Illuminate/Pipeline/Pipeline.php(183): Illuminate\\Http\\Middleware\\TrustProxies->handle()
#71 /home/oqrkrpbs/offices.topdealhot.com/vendor/laravel/framework/src/Illuminate/Pipeline/Pipeline.php(119): Illuminate\\Pipeline\\Pipeline->Illuminate\\Pipeline\\{closure}()
#72 /home/oqrkrpbs/offices.topdealhot.com/vendor/laravel/framework/src/Illuminate/Foundation/Http/Kernel.php(175): Illuminate\\Pipeline\\Pipeline->then()
#73 /home/oqrkrpbs/offices.topdealhot.com/vendor/laravel/framework/src/Illuminate/Foundation/Http/Kernel.php(144): Illuminate\\Foundation\\Http\\Kernel->sendRequestThroughRouter()
#74 /home/oqrkrpbs/offices.topdealhot.com/public/index.php(56): Illuminate\\Foundation\\Http\\Kernel->handle()
#75 {main}

[previous exception] [object] (Illuminate\\View\\ViewException(code: 0): Undefined variable $image (View: /home/oqrkrpbs/offices.topdealhot.com/platform/themes/resido/partials/real-estate/properties/item-list.blade.php) (View: /home/oqrkrpbs/offices.topdealhot.com/platform/themes/resido/partials/real-estate/properties/item-list.blade.php) (View: /home/oqrkrpbs/offices.topdealhot.com/platform/themes/resido/partials/real-estate/properties/item-list.blade.php) at /home/oqrkrpbs/offices.topdealhot.com/storage/framework/views/7f8a1341c5f4e8836998553c733bf274.php:10)
[stacktrace]
#0 /home/oqrkrpbs/offices.topdealhot.com/vendor/laravel/framework/src/Illuminate/View/Engines/PhpEngine.php(60): Illuminate\\View\\Engines\\CompilerEngine->handleViewException()
#1 /home/oqrkrpbs/offices.topdealhot.com/vendor/laravel/framework/src/Illuminate/View/Engines/CompilerEngine.php(72): Illuminate\\View\\Engines\\PhpEngine->evaluatePath()
#2 /home/oqrkrpbs/offices.topdealhot.com/vendor/laravel/framework/src/Illuminate/View/View.php(207): Illuminate\\View\\Engines\\CompilerEngine->get()
#3 /home/oqrkrpbs/offices.topdealhot.com/vendor/botble/shortcode/src/View/View.php(50): Illuminate\\View\\View->getContents()
#4 /home/oqrkrpbs/offices.topdealhot.com/vendor/laravel/framework/src/Illuminate/View/View.php(159): Botble\\Shortcode\\View\\View->renderContents()
#5 /home/oqrkrpbs/offices.topdealhot.com/storage/framework/views/992a8199c11081ec71d2ae082b0f7677.php(16): Illuminate\\View\\View->render()
#6 /home/oqrkrpbs/offices.topdealhot.com/vendor/laravel/framework/src/Illuminate/Filesystem/Filesystem.php(124): require('/home/oqrkrpbs/...')
#7 /home/oqrkrpbs/offices.topdealhot.com/vendor/laravel/framework/src/Illuminate/Filesystem/Filesystem.php(125): Illuminate\\Filesystem\\Filesystem::Illuminate\\Filesystem\\{closure}()
#8 /home/oqrkrpbs/offices.topdealhot.com/vendor/laravel/framework/src/Illuminate/View/Engines/PhpEngine.php(58): Illuminate\\Filesystem\\Filesystem->getRequire()
#9 /home/oqrkrpbs/offices.topdealhot.com/vendor/laravel/framework/src/Illuminate/View/Engines/CompilerEngine.php(72): Illuminate\\View\\Engines\\PhpEngine->evaluatePath()
#10 /home/oqrkrpbs/offices.topdealhot.com/vendor/laravel/framework/src/Illuminate/View/View.php(207): Illuminate\\View\\Engines\\CompilerEngine->get()
#11 /home/oqrkrpbs/offices.topdealhot.com/vendor/botble/shortcode/src/View/View.php(50): Illuminate\\View\\View->getContents()
#12 /home/oqrkrpbs/offices.topdealhot.com/vendor/laravel/framework/src/Illuminate/View/View.php(159): Botble\\Shortcode\\View\\View->renderContents()
#13 /home/oqrkrpbs/offices.topdealhot.com/vendor/botble/theme/src/Theme.php(617): Illuminate\\View\\View->render()
#14 /home/oqrkrpbs/offices.topdealhot.com/vendor/botble/theme/src/Theme.php(597): Botble\\Theme\\Theme->setUpContent()
#15 /home/oqrkrpbs/offices.topdealhot.com/vendor/laravel/framework/src/Illuminate/Support/Facades/Facade.php(355): Botble\\Theme\\Theme->scope()
#16 /home/oqrkrpbs/offices.topdealhot.com/vendor/botble/theme/src/Http/Controllers/PublicController.php(89): Illuminate\\Support\\Facades\\Facade::__callStatic()
#17 /home/oqrkrpbs/offices.topdealhot.com/vendor/botble/theme/src/Http/Controllers/PublicController.php(119): Botble\\Theme\\Http\\Controllers\\PublicController->getView()
#18 /home/oqrkrpbs/offices.topdealhot.com/vendor/laravel/framework/src/Illuminate/Routing/Controller.php(54): Botble\\Theme\\Http\\Controllers\\PublicController->getViewWithPrefix()
#19 /home/oqrkrpbs/offices.topdealhot.com/vendor/laravel/framework/src/Illuminate/Routing/ControllerDispatcher.php(43): Illuminate\\Routing\\Controller->callAction()
#20 /home/oqrkrpbs/offices.topdealhot.com/vendor/laravel/framework/src/Illuminate/Routing/Route.php(260): Illuminate\\Routing\\ControllerDispatcher->dispatch()
#21 /home/oqrkrpbs/offices.topdealhot.com/vendor/laravel/framework/src/Illuminate/Routing/Route.php(205): Illuminate\\Routing\\Route->runController()
#22 /home/oqrkrpbs/offices.topdealhot.com/vendor/laravel/framework/src/Illuminate/Routing/Router.php(806): Illuminate\\Routing\\Route->run()
#23 /home/oqrkrpbs/offices.topdealhot.com/vendor/laravel/framework/src/Illuminate/Pipeline/Pipeline.php(144): Illuminate\\Routing\\Router->Illuminate\\Routing\\{closure}()
#24 /home/oqrkrpbs/offices.topdealhot.com/vendor/botble/platform/base/src/Http/Middleware/CoreMiddleware.php(17): Illuminate\\Pipeline\\Pipeline->Illuminate\\Pipeline\\{closure}()
#25 /home/oqrkrpbs/offices.topdealhot.com/vendor/laravel/framework/src/Illuminate/Pipeline/Pipeline.php(144): Botble\\Base\\Http\\Middleware\\CoreMiddleware->Botble\\Base\\Http\\Middleware\\{closure}()
#26 /home/oqrkrpbs/offices.topdealhot.com/vendor/botble/platform/base/src/Http/Middleware/EnsureLicenseHasBeenActivated.php(24): Illuminate\\Pipeline\\Pipeline->Illuminate\\Pipeline\\{closure}()
#27 /home/oqrkrpbs/offices.topdealhot.com/vendor/laravel/framework/src/Illuminate/Pipeline/Pipeline.php(183): Botble\\Base\\Http\\Middleware\\EnsureLicenseHasBeenActivated->handle()
#28 /home/oqrkrpbs/offices.topdealhot.com/vendor/laravel/framework/src/Illuminate/Pipeline/Pipeline.php(119): Illuminate\\Pipeline\\Pipeline->Illuminate\\Pipeline\\{closure}()
#29 /home/oqrkrpbs/offices.topdealhot.com/vendor/botble/platform/base/src/Http/Middleware/CoreMiddleware.php(18): Illuminate\\Pipeline\\Pipeline->then()
#30 /home/oqrkrpbs/offices.topdealhot.com/vendor/laravel/framework/src/Illuminate/Pipeline/Pipeline.php(183): Botble\\Base\\Http\\Middleware\\CoreMiddleware->handle()
#31 /home/oqrkrpbs/offices.topdealhot.com/vendor/botble/platform/base/src/Http/Middleware/HttpsProtocolMiddleware.php(16): Illuminate\\Pipeline\\Pipeline->Illuminate\\Pipeline\\{closure}()
#32 /home/oqrkrpbs/offices.topdealhot.com/vendor/laravel/framework/src/Illuminate/Pipeline/Pipeline.php(183): Botble\\Base\\Http\\Middleware\\HttpsProtocolMiddleware->handle()
#33 /home/oqrkrpbs/offices.topdealhot.com/vendor/botble/platform/base/src/Http/Middleware/AdminLocaleMiddleware.php(17): Illuminate\\Pipeline\\Pipeline->Illuminate\\Pipeline\\{closure}()
#34 /home/oqrkrpbs/offices.topdealhot.com/vendor/laravel/framework/src/Illuminate/Pipeline/Pipeline.php(183): Botble\\Base\\Http\\Middleware\\AdminLocaleMiddleware->handle()
#35 /home/oqrkrpbs/offices.topdealhot.com/vendor/botble/platform/base/src/Http/Middleware/LocaleMiddleware.php(29): Illuminate\\Pipeline\\Pipeline->Illuminate\\Pipeline\\{closure}()
#36 /home/oqrkrpbs/offices.topdealhot.com/vendor/laravel/framework/src/Illuminate/Pipeline/Pipeline.php(183): Botble\\Base\\Http\\Middleware\\LocaleMiddleware->handle()
#37 /home/oqrkrpbs/offices.topdealhot.com/vendor/botble/installer/src/Http/Middleware/RedirectIfNotInstalledMiddleware.php(17): Illuminate\\Pipeline\\Pipeline->Illuminate\\Pipeline\\{closure}()
#38 /home/oqrkrpbs/offices.topdealhot.com/vendor/laravel/framework/src/Illuminate/Pipeline/Pipeline.php(183): Botble\\Installer\\Http\\Middleware\\RedirectIfNotInstalledMiddleware->handle()
#39 /home/oqrkrpbs/offices.topdealhot.com/vendor/laravel/framework/src/Illuminate/Routing/Middleware/SubstituteBindings.php(50): Illuminate\\Pipeline\\Pipeline->Illuminate\\Pipeline\\{closure}()
#40 /home/oqrkrpbs/offices.topdealhot.com/vendor/laravel/framework/src/Illuminate/Pipeline/Pipeline.php(183): Illuminate\\Routing\\Middleware\\SubstituteBindings->handle()
#41 /home/oqrkrpbs/offices.topdealhot.com/vendor/laravel/framework/src/Illuminate/Foundation/Http/Middleware/VerifyCsrfToken.php(78): Illuminate\\Pipeline\\Pipeline->Illuminate\\Pipeline\\{closure}()
#42 /home/oqrkrpbs/offices.topdealhot.com/vendor/laravel/framework/src/Illuminate/Pipeline/Pipeline.php(183): Illuminate\\Foundation\\Http\\Middleware\\VerifyCsrfToken->handle()
#43 /home/oqrkrpbs/offices.topdealhot.com/vendor/laravel/framework/src/Illuminate/View/Middleware/ShareErrorsFromSession.php(49): Illuminate\\Pipeline\\Pipeline->Illuminate\\Pipeline\\{closure}()
#44 /home/oqrkrpbs/offices.topdealhot.com/vendor/laravel/framework/src/Illuminate/Pipeline/Pipeline.php(183): Illuminate\\View\\Middleware\\ShareErrorsFromSession->handle()
#45 /home/oqrkrpbs/offices.topdealhot.com/vendor/laravel/framework/src/Illuminate/Session/Middleware/StartSession.php(121): Illuminate\\Pipeline\\Pipeline->Illuminate\\Pipeline\\{closure}()
#46 /home/oqrkrpbs/offices.topdealhot.com/vendor/laravel/framework/src/Illuminate/Session/Middleware/StartSession.php(64): Illuminate\\Session\\Middleware\\StartSession->handleStatefulRequest()
#47 /home/oqrkrpbs/offices.topdealhot.com/vendor/laravel/framework/src/Illuminate/Pipeline/Pipeline.php(183): Illuminate\\Session\\Middleware\\StartSession->handle()
#48 /home/oqrkrpbs/offices.topdealhot.com/vendor/laravel/framework/src/Illuminate/Cookie/Middleware/AddQueuedCookiesToResponse.php(37): Illuminate\\Pipeline\\Pipeline->Illuminate\\Pipeline\\{closure}()
#49 /home/oqrkrpbs/offices.topdealhot.com/vendor/laravel/framework/src/Illuminate/Pipeline/Pipeline.php(183): Illuminate\\Cookie\\Middleware\\AddQueuedCookiesToResponse->handle()
#50 /home/oqrkrpbs/offices.topdealhot.com/vendor/laravel/framework/src/Illuminate/Cookie/Middleware/EncryptCookies.php(67): Illuminate\\Pipeline\\Pipeline->Illuminate\\Pipeline\\{closure}()
#51 /home/oqrkrpbs/offices.topdealhot.com/vendor/laravel/framework/src/Illuminate/Pipeline/Pipeline.php(183): Illuminate\\Cookie\\Middleware\\EncryptCookies->handle()
#52 /home/oqrkrpbs/offices.topdealhot.com/platform/plugins/language/src/Http/Middleware/LocalizationRedirectFilter.php(51): Illuminate\\Pipeline\\Pipeline->Illuminate\\Pipeline\\{closure}()
#53 /home/oqrkrpbs/offices.topdealhot.com/vendor/laravel/framework/src/Illuminate/Pipeline/Pipeline.php(183): Botble\\Language\\Http\\Middleware\\LocalizationRedirectFilter->handle()
#54 /home/oqrkrpbs/offices.topdealhot.com/platform/plugins/language/src/Http/Middleware/LocaleSessionRedirect.php(71): Illuminate\\Pipeline\\Pipeline->Illuminate\\Pipeline\\{closure}()
#55 /home/oqrkrpbs/offices.topdealhot.com/vendor/laravel/framework/src/Illuminate/Pipeline/Pipeline.php(183): Botble\\Language\\Http\\Middleware\\LocaleSessionRedirect->handle()
#56 /home/oqrkrpbs/offices.topdealhot.com/vendor/laravel/framework/src/Illuminate/Pipeline/Pipeline.php(119): Illuminate\\Pipeline\\Pipeline->Illuminate\\Pipeline\\{closure}()
#57 /home/oqrkrpbs/offices.topdealhot.com/vendor/laravel/framework/src/Illuminate/Routing/Router.php(807): Illuminate\\Pipeline\\Pipeline->then()
#58 /home/oqrkrpbs/offices.topdealhot.com/vendor/laravel/framework/src/Illuminate/Routing/Router.php(784): Illuminate\\Routing\\Router->runRouteWithinStack()
#59 /home/oqrkrpbs/offices.topdealhot.com/vendor/laravel/framework/src/Illuminate/Routing/Router.php(748): Illuminate\\Routing\\Router->runRoute()
#60 /home/oqrkrpbs/offices.topdealhot.com/vendor/laravel/framework/src/Illuminate/Routing/Router.php(737): Illuminate\\Routing\\Router->dispatchToRoute()
#61 /home/oqrkrpbs/offices.topdealhot.com/vendor/laravel/framework/src/Illuminate/Foundation/Http/Kernel.php(200): Illuminate\\Routing\\Router->dispatch()
#62 /home/oqrkrpbs/offices.topdealhot.com/vendor/laravel/framework/src/Illuminate/Pipeline/Pipeline.php(144): Illuminate\\Foundation\\Http\\Kernel->Illuminate\\Foundation\\Http\\{closure}()
#63 /home/oqrkrpbs/offices.topdealhot.com/vendor/botble/platform/js-validation/src/RemoteValidationMiddleware.php(43): Illuminate\\Pipeline\\Pipeline->Illuminate\\Pipeline\\{closure}()
#64 /home/oqrkrpbs/offices.topdealhot.com/vendor/laravel/framework/src/Illuminate/Pipeline/Pipeline.php(183): Botble\\JsValidation\\RemoteValidationMiddleware->handle()
#65 /home/oqrkrpbs/offices.topdealhot.com/vendor/laravel/framework/src/Illuminate/Foundation/Http/Middleware/TransformsRequest.php(21): Illuminate\\Pipeline\\Pipeline->Illuminate\\Pipeline\\{closure}()
#66 /home/oqrkrpbs/offices.topdealhot.com/vendor/laravel/framework/src/Illuminate/Foundation/Http/Middleware/ConvertEmptyStringsToNull.php(31): Illuminate\\Foundation\\Http\\Middleware\\TransformsRequest->handle()
#67 /home/oqrkrpbs/offices.topdealhot.com/vendor/laravel/framework/src/Illuminate/Pipeline/Pipeline.php(183): Illuminate\\Foundation\\Http\\Middleware\\ConvertEmptyStringsToNull->handle()
#68 /home/oqrkrpbs/offices.topdealhot.com/vendor/laravel/framework/src/Illuminate/Foundation/Http/Middleware/TransformsRequest.php(21): Illuminate\\Pipeline\\Pipeline->Illuminate\\Pipeline\\{closure}()
#69 /home/oqrkrpbs/offices.topdealhot.com/vendor/laravel/framework/src/Illuminate/Foundation/Http/Middleware/TrimStrings.php(40): Illuminate\\Foundation\\Http\\Middleware\\TransformsRequest->handle()
#70 /home/oqrkrpbs/offices.topdealhot.com/vendor/laravel/framework/src/Illuminate/Pipeline/Pipeline.php(183): Illuminate\\Foundation\\Http\\Middleware\\TrimStrings->handle()
#71 /home/oqrkrpbs/offices.topdealhot.com/vendor/laravel/framework/src/Illuminate/Foundation/Http/Middleware/ValidatePostSize.php(27): Illuminate\\Pipeline\\Pipeline->Illuminate\\Pipeline\\{closure}()
#72 /home/oqrkrpbs/offices.topdealhot.com/vendor/laravel/framework/src/Illuminate/Pipeline/Pipeline.php(183): Illuminate\\Foundation\\Http\\Middleware\\ValidatePostSize->handle()
#73 /home/oqrkrpbs/offices.topdealhot.com/vendor/laravel/framework/src/Illuminate/Foundation/Http/Middleware/PreventRequestsDuringMaintenance.php(99): Illuminate\\Pipeline\\Pipeline->Illuminate\\Pipeline\\{closure}()
#74 /home/oqrkrpbs/offices.topdealhot.com/vendor/laravel/framework/src/Illuminate/Pipeline/Pipeline.php(183): Illuminate\\Foundation\\Http\\Middleware\\PreventRequestsDuringMaintenance->handle()
#75 /home/oqrkrpbs/offices.topdealhot.com/vendor/laravel/framework/src/Illuminate/Http/Middleware/HandleCors.php(49): Illuminate\\Pipeline\\Pipeline->Illuminate\\Pipeline\\{closure}()
#76 /home/oqrkrpbs/offices.topdealhot.com/vendor/laravel/framework/src/Illuminate/Pipeline/Pipeline.php(183): Illuminate\\Http\\Middleware\\HandleCors->handle()
#77 /home/oqrkrpbs/offices.topdealhot.com/vendor/laravel/framework/src/Illuminate/Http/Middleware/TrustProxies.php(39): Illuminate\\Pipeline\\Pipeline->Illuminate\\Pipeline\\{closure}()
#78 /home/oqrkrpbs/offices.topdealhot.com/vendor/laravel/framework/src/Illuminate/Pipeline/Pipeline.php(183): Illuminate\\Http\\Middleware\\TrustProxies->handle()
#79 /home/oqrkrpbs/offices.topdealhot.com/vendor/laravel/framework/src/Illuminate/Pipeline/Pipeline.php(119): Illuminate\\Pipeline\\Pipeline->Illuminate\\Pipeline\\{closure}()
#80 /home/oqrkrpbs/offices.topdealhot.com/vendor/laravel/framework/src/Illuminate/Foundation/Http/Kernel.php(175): Illuminate\\Pipeline\\Pipeline->then()
#81 /home/oqrkrpbs/offices.topdealhot.com/vendor/laravel/framework/src/Illuminate/Foundation/Http/Kernel.php(144): Illuminate\\Foundation\\Http\\Kernel->sendRequestThroughRouter()
#82 /home/oqrkrpbs/offices.topdealhot.com/public/index.php(56): Illuminate\\Foundation\\Http\\Kernel->handle()
#83 {main}

[previous exception] [object] (Illuminate\\View\\ViewException(code: 0): Undefined variable $image (View: /home/oqrkrpbs/offices.topdealhot.com/platform/themes/resido/partials/real-estate/properties/item-list.blade.php) (View: /home/oqrkrpbs/offices.topdealhot.com/platform/themes/resido/partials/real-estate/properties/item-list.blade.php) at /home/oqrkrpbs/offices.topdealhot.com/storage/framework/views/7f8a1341c5f4e8836998553c733bf274.php:10)
[stacktrace]
#0 /home/oqrkrpbs/offices.topdealhot.com/vendor/laravel/framework/src/Illuminate/View/Engines/PhpEngine.php(60): Illuminate\\View\\Engines\\CompilerEngine->handleViewException()
#1 /home/oqrkrpbs/offices.topdealhot.com/vendor/laravel/framework/src/Illuminate/View/Engines/CompilerEngine.php(72): Illuminate\\View\\Engines\\PhpEngine->evaluatePath()
#2 /home/oqrkrpbs/offices.topdealhot.com/vendor/laravel/framework/src/Illuminate/View/View.php(207): Illuminate\\View\\Engines\\CompilerEngine->get()
#3 /home/oqrkrpbs/offices.topdealhot.com/vendor/botble/shortcode/src/View/View.php(50): Illuminate\\View\\View->getContents()
#4 /home/oqrkrpbs/offices.topdealhot.com/vendor/laravel/framework/src/Illuminate/View/View.php(159): Botble\\Shortcode\\View\\View->renderContents()
#5 /home/oqrkrpbs/offices.topdealhot.com/vendor/botble/theme/src/Theme.php(435): Illuminate\\View\\View->render()
#6 /home/oqrkrpbs/offices.topdealhot.com/vendor/botble/theme/src/Theme.php(421): Botble\\Theme\\Theme->loadPartial()
#7 /home/oqrkrpbs/offices.topdealhot.com/vendor/laravel/framework/src/Illuminate/Support/Facades/Facade.php(355): Botble\\Theme\\Theme->partial()
#8 /home/oqrkrpbs/offices.topdealhot.com/storage/framework/views/27ab3ca2bb49b3fdccd27f97042e9a82.php(64): Illuminate\\Support\\Facades\\Facade::__callStatic()
#9 /home/oqrkrpbs/offices.topdealhot.com/vendor/laravel/framework/src/Illuminate/Filesystem/Filesystem.php(124): require('/home/oqrkrpbs/...')
#10 /home/oqrkrpbs/offices.topdealhot.com/vendor/laravel/framework/src/Illuminate/Filesystem/Filesystem.php(125): Illuminate\\Filesystem\\Filesystem::Illuminate\\Filesystem\\{closure}()
#11 /home/oqrkrpbs/offices.topdealhot.com/vendor/laravel/framework/src/Illuminate/View/Engines/PhpEngine.php(58): Illuminate\\Filesystem\\Filesystem->getRequire()
#12 /home/oqrkrpbs/offices.topdealhot.com/vendor/laravel/framework/src/Illuminate/View/Engines/CompilerEngine.php(72): Illuminate\\View\\Engines\\PhpEngine->evaluatePath()
#13 /home/oqrkrpbs/offices.topdealhot.com/vendor/laravel/framework/src/Illuminate/View/View.php(207): Illuminate\\View\\Engines\\CompilerEngine->get()
#14 /home/oqrkrpbs/offices.topdealhot.com/vendor/botble/shortcode/src/View/View.php(50): Illuminate\\View\\View->getContents()
#15 /home/oqrkrpbs/offices.topdealhot.com/vendor/laravel/framework/src/Illuminate/View/View.php(159): Botble\\Shortcode\\View\\View->renderContents()
#16 /home/oqrkrpbs/offices.topdealhot.com/storage/framework/views/992a8199c11081ec71d2ae082b0f7677.php(16): Illuminate\\View\\View->render()
#17 /home/oqrkrpbs/offices.topdealhot.com/vendor/laravel/framework/src/Illuminate/Filesystem/Filesystem.php(124): require('/home/oqrkrpbs/...')
#18 /home/oqrkrpbs/offices.topdealhot.com/vendor/laravel/framework/src/Illuminate/Filesystem/Filesystem.php(125): Illuminate\\Filesystem\\Filesystem::Illuminate\\Filesystem\\{closure}()
#19 /home/oqrkrpbs/offices.topdealhot.com/vendor/laravel/framework/src/Illuminate/View/Engines/PhpEngine.php(58): Illuminate\\Filesystem\\Filesystem->getRequire()
#20 /home/oqrkrpbs/offices.topdealhot.com/vendor/laravel/framework/src/Illuminate/View/Engines/CompilerEngine.php(72): Illuminate\\View\\Engines\\PhpEngine->evaluatePath()
#21 /home/oqrkrpbs/offices.topdealhot.com/vendor/laravel/framework/src/Illuminate/View/View.php(207): Illuminate\\View\\Engines\\CompilerEngine->get()
#22 /home/oqrkrpbs/offices.topdealhot.com/vendor/botble/shortcode/src/View/View.php(50): Illuminate\\View\\View->getContents()
#23 /home/oqrkrpbs/offices.topdealhot.com/vendor/laravel/framework/src/Illuminate/View/View.php(159): Botble\\Shortcode\\View\\View->renderContents()
#24 /home/oqrkrpbs/offices.topdealhot.com/vendor/botble/theme/src/Theme.php(617): Illuminate\\View\\View->render()
#25 /home/oqrkrpbs/offices.topdealhot.com/vendor/botble/theme/src/Theme.php(597): Botble\\Theme\\Theme->setUpContent()
#26 /home/oqrkrpbs/offices.topdealhot.com/vendor/laravel/framework/src/Illuminate/Support/Facades/Facade.php(355): Botble\\Theme\\Theme->scope()
#27 /home/oqrkrpbs/offices.topdealhot.com/vendor/botble/theme/src/Http/Controllers/PublicController.php(89): Illuminate\\Support\\Facades\\Facade::__callStatic()
#28 /home/oqrkrpbs/offices.topdealhot.com/vendor/botble/theme/src/Http/Controllers/PublicController.php(119): Botble\\Theme\\Http\\Controllers\\PublicController->getView()
#29 /home/oqrkrpbs/offices.topdealhot.com/vendor/laravel/framework/src/Illuminate/Routing/Controller.php(54): Botble\\Theme\\Http\\Controllers\\PublicController->getViewWithPrefix()
#30 /home/oqrkrpbs/offices.topdealhot.com/vendor/laravel/framework/src/Illuminate/Routing/ControllerDispatcher.php(43): Illuminate\\Routing\\Controller->callAction()
#31 /home/oqrkrpbs/offices.topdealhot.com/vendor/laravel/framework/src/Illuminate/Routing/Route.php(260): Illuminate\\Routing\\ControllerDispatcher->dispatch()
#32 /home/oqrkrpbs/offices.topdealhot.com/vendor/laravel/framework/src/Illuminate/Routing/Route.php(205): Illuminate\\Routing\\Route->runController()
#33 /home/oqrkrpbs/offices.topdealhot.com/vendor/laravel/framework/src/Illuminate/Routing/Router.php(806): Illuminate\\Routing\\Route->run()
#34 /home/oqrkrpbs/offices.topdealhot.com/vendor/laravel/framework/src/Illuminate/Pipeline/Pipeline.php(144): Illuminate\\Routing\\Router->Illuminate\\Routing\\{closure}()
#35 /home/oqrkrpbs/offices.topdealhot.com/vendor/botble/platform/base/src/Http/Middleware/CoreMiddleware.php(17): Illuminate\\Pipeline\\Pipeline->Illuminate\\Pipeline\\{closure}()
#36 /home/oqrkrpbs/offices.topdealhot.com/vendor/laravel/framework/src/Illuminate/Pipeline/Pipeline.php(144): Botble\\Base\\Http\\Middleware\\CoreMiddleware->Botble\\Base\\Http\\Middleware\\{closure}()
#37 /home/oqrkrpbs/offices.topdealhot.com/vendor/botble/platform/base/src/Http/Middleware/EnsureLicenseHasBeenActivated.php(24): Illuminate\\Pipeline\\Pipeline->Illuminate\\Pipeline\\{closure}()
#38 /home/oqrkrpbs/offices.topdealhot.com/vendor/laravel/framework/src/Illuminate/Pipeline/Pipeline.php(183): Botble\\Base\\Http\\Middleware\\EnsureLicenseHasBeenActivated->handle()
#39 /home/oqrkrpbs/offices.topdealhot.com/vendor/laravel/framework/src/Illuminate/Pipeline/Pipeline.php(119): Illuminate\\Pipeline\\Pipeline->Illuminate\\Pipeline\\{closure}()
#40 /home/oqrkrpbs/offices.topdealhot.com/vendor/botble/platform/base/src/Http/Middleware/CoreMiddleware.php(18): Illuminate\\Pipeline\\Pipeline->then()
#41 /home/oqrkrpbs/offices.topdealhot.com/vendor/laravel/framework/src/Illuminate/Pipeline/Pipeline.php(183): Botble\\Base\\Http\\Middleware\\CoreMiddleware->handle()
#42 /home/oqrkrpbs/offices.topdealhot.com/vendor/botble/platform/base/src/Http/Middleware/HttpsProtocolMiddleware.php(16): Illuminate\\Pipeline\\Pipeline->Illuminate\\Pipeline\\{closure}()
#43 /home/oqrkrpbs/offices.topdealhot.com/vendor/laravel/framework/src/Illuminate/Pipeline/Pipeline.php(183): Botble\\Base\\Http\\Middleware\\HttpsProtocolMiddleware->handle()
#44 /home/oqrkrpbs/offices.topdealhot.com/vendor/botble/platform/base/src/Http/Middleware/AdminLocaleMiddleware.php(17): Illuminate\\Pipeline\\Pipeline->Illuminate\\Pipeline\\{closure}()
#45 /home/oqrkrpbs/offices.topdealhot.com/vendor/laravel/framework/src/Illuminate/Pipeline/Pipeline.php(183): Botble\\Base\\Http\\Middleware\\AdminLocaleMiddleware->handle()
#46 /home/oqrkrpbs/offices.topdealhot.com/vendor/botble/platform/base/src/Http/Middleware/LocaleMiddleware.php(29): Illuminate\\Pipeline\\Pipeline->Illuminate\\Pipeline\\{closure}()
#47 /home/oqrkrpbs/offices.topdealhot.com/vendor/laravel/framework/src/Illuminate/Pipeline/Pipeline.php(183): Botble\\Base\\Http\\Middleware\\LocaleMiddleware->handle()
#48 /home/oqrkrpbs/offices.topdealhot.com/vendor/botble/installer/src/Http/Middleware/RedirectIfNotInstalledMiddleware.php(17): Illuminate\\Pipeline\\Pipeline->Illuminate\\Pipeline\\{closure}()
#49 /home/oqrkrpbs/offices.topdealhot.com/vendor/laravel/framework/src/Illuminate/Pipeline/Pipeline.php(183): Botble\\Installer\\Http\\Middleware\\RedirectIfNotInstalledMiddleware->handle()
#50 /home/oqrkrpbs/offices.topdealhot.com/vendor/laravel/framework/src/Illuminate/Routing/Middleware/SubstituteBindings.php(50): Illuminate\\Pipeline\\Pipeline->Illuminate\\Pipeline\\{closure}()
#51 /home/oqrkrpbs/offices.topdealhot.com/vendor/laravel/framework/src/Illuminate/Pipeline/Pipeline.php(183): Illuminate\\Routing\\Middleware\\SubstituteBindings->handle()
#52 /home/oqrkrpbs/offices.topdealhot.com/vendor/laravel/framework/src/Illuminate/Foundation/Http/Middleware/VerifyCsrfToken.php(78): Illuminate\\Pipeline\\Pipeline->Illuminate\\Pipeline\\{closure}()
#53 /home/oqrkrpbs/offices.topdealhot.com/vendor/laravel/framework/src/Illuminate/Pipeline/Pipeline.php(183): Illuminate\\Foundation\\Http\\Middleware\\VerifyCsrfToken->handle()
#54 /home/oqrkrpbs/offices.topdealhot.com/vendor/laravel/framework/src/Illuminate/View/Middleware/ShareErrorsFromSession.php(49): Illuminate\\Pipeline\\Pipeline->Illuminate\\Pipeline\\{closure}()
#55 /home/oqrkrpbs/offices.topdealhot.com/vendor/laravel/framework/src/Illuminate/Pipeline/Pipeline.php(183): Illuminate\\View\\Middleware\\ShareErrorsFromSession->handle()
#56 /home/oqrkrpbs/offices.topdealhot.com/vendor/laravel/framework/src/Illuminate/Session/Middleware/StartSession.php(121): Illuminate\\Pipeline\\Pipeline->Illuminate\\Pipeline\\{closure}()
#57 /home/oqrkrpbs/offices.topdealhot.com/vendor/laravel/framework/src/Illuminate/Session/Middleware/StartSession.php(64): Illuminate\\Session\\Middleware\\StartSession->handleStatefulRequest()
#58 /home/oqrkrpbs/offices.topdealhot.com/vendor/laravel/framework/src/Illuminate/Pipeline/Pipeline.php(183): Illuminate\\Session\\Middleware\\StartSession->handle()
#59 /home/oqrkrpbs/offices.topdealhot.com/vendor/laravel/framework/src/Illuminate/Cookie/Middleware/AddQueuedCookiesToResponse.php(37): Illuminate\\Pipeline\\Pipeline->Illuminate\\Pipeline\\{closure}()
#60 /home/oqrkrpbs/offices.topdealhot.com/vendor/laravel/framework/src/Illuminate/Pipeline/Pipeline.php(183): Illuminate\\Cookie\\Middleware\\AddQueuedCookiesToResponse->handle()
#61 /home/oqrkrpbs/offices.topdealhot.com/vendor/laravel/framework/src/Illuminate/Cookie/Middleware/EncryptCookies.php(67): Illuminate\\Pipeline\\Pipeline->Illuminate\\Pipeline\\{closure}()
#62 /home/oqrkrpbs/offices.topdealhot.com/vendor/laravel/framework/src/Illuminate/Pipeline/Pipeline.php(183): Illuminate\\Cookie\\Middleware\\EncryptCookies->handle()
#63 /home/oqrkrpbs/offices.topdealhot.com/platform/plugins/language/src/Http/Middleware/LocalizationRedirectFilter.php(51): Illuminate\\Pipeline\\Pipeline->Illuminate\\Pipeline\\{closure}()
#64 /home/oqrkrpbs/offices.topdealhot.com/vendor/laravel/framework/src/Illuminate/Pipeline/Pipeline.php(183): Botble\\Language\\Http\\Middleware\\LocalizationRedirectFilter->handle()
#65 /home/oqrkrpbs/offices.topdealhot.com/platform/plugins/language/src/Http/Middleware/LocaleSessionRedirect.php(71): Illuminate\\Pipeline\\Pipeline->Illuminate\\Pipeline\\{closure}()
#66 /home/oqrkrpbs/offices.topdealhot.com/vendor/laravel/framework/src/Illuminate/Pipeline/Pipeline.php(183): Botble\\Language\\Http\\Middleware\\LocaleSessionRedirect->handle()
#67 /home/oqrkrpbs/offices.topdealhot.com/vendor/laravel/framework/src/Illuminate/Pipeline/Pipeline.php(119): Illuminate\\Pipeline\\Pipeline->Illuminate\\Pipeline\\{closure}()
#68 /home/oqrkrpbs/offices.topdealhot.com/vendor/laravel/framework/src/Illuminate/Routing/Router.php(807): Illuminate\\Pipeline\\Pipeline->then()
#69 /home/oqrkrpbs/offices.topdealhot.com/vendor/laravel/framework/src/Illuminate/Routing/Router.php(784): Illuminate\\Routing\\Router->runRouteWithinStack()
#70 /home/oqrkrpbs/offices.topdealhot.com/vendor/laravel/framework/src/Illuminate/Routing/Router.php(748): Illuminate\\Routing\\Router->runRoute()
#71 /home/oqrkrpbs/offices.topdealhot.com/vendor/laravel/framework/src/Illuminate/Routing/Router.php(737): Illuminate\\Routing\\Router->dispatchToRoute()
#72 /home/oqrkrpbs/offices.topdealhot.com/vendor/laravel/framework/src/Illuminate/Foundation/Http/Kernel.php(200): Illuminate\\Routing\\Router->dispatch()
#73 /home/oqrkrpbs/offices.topdealhot.com/vendor/laravel/framework/src/Illuminate/Pipeline/Pipeline.php(144): Illuminate\\Foundation\\Http\\Kernel->Illuminate\\Foundation\\Http\\{closure}()
#74 /home/oqrkrpbs/offices.topdealhot.com/vendor/botble/platform/js-validation/src/RemoteValidationMiddleware.php(43): Illuminate\\Pipeline\\Pipeline->Illuminate\\Pipeline\\{closure}()
#75 /home/oqrkrpbs/offices.topdealhot.com/vendor/laravel/framework/src/Illuminate/Pipeline/Pipeline.php(183): Botble\\JsValidation\\RemoteValidationMiddleware->handle()
#76 /home/oqrkrpbs/offices.topdealhot.com/vendor/laravel/framework/src/Illuminate/Foundation/Http/Middleware/TransformsRequest.php(21): Illuminate\\Pipeline\\Pipeline->Illuminate\\Pipeline\\{closure}()
#77 /home/oqrkrpbs/offices.topdealhot.com/vendor/laravel/framework/src/Illuminate/Foundation/Http/Middleware/ConvertEmptyStringsToNull.php(31): Illuminate\\Foundation\\Http\\Middleware\\TransformsRequest->handle()
#78 /home/oqrkrpbs/offices.topdealhot.com/vendor/laravel/framework/src/Illuminate/Pipeline/Pipeline.php(183): Illuminate\\Foundation\\Http\\Middleware\\ConvertEmptyStringsToNull->handle()
#79 /home/oqrkrpbs/offices.topdealhot.com/vendor/laravel/framework/src/Illuminate/Foundation/Http/Middleware/TransformsRequest.php(21): Illuminate\\Pipeline\\Pipeline->Illuminate\\Pipeline\\{closure}()
#80 /home/oqrkrpbs/offices.topdealhot.com/vendor/laravel/framework/src/Illuminate/Foundation/Http/Middleware/TrimStrings.php(40): Illuminate\\Foundation\\Http\\Middleware\\TransformsRequest->handle()
#81 /home/oqrkrpbs/offices.topdealhot.com/vendor/laravel/framework/src/Illuminate/Pipeline/Pipeline.php(183): Illuminate\\Foundation\\Http\\Middleware\\TrimStrings->handle()
#82 /home/oqrkrpbs/offices.topdealhot.com/vendor/laravel/framework/src/Illuminate/Foundation/Http/Middleware/ValidatePostSize.php(27): Illuminate\\Pipeline\\Pipeline->Illuminate\\Pipeline\\{closure}()
#83 /home/oqrkrpbs/offices.topdealhot.com/vendor/laravel/framework/src/Illuminate/Pipeline/Pipeline.php(183): Illuminate\\Foundation\\Http\\Middleware\\ValidatePostSize->handle()
#84 /home/oqrkrpbs/offices.topdealhot.com/vendor/laravel/framework/src/Illuminate/Foundation/Http/Middleware/PreventRequestsDuringMaintenance.php(99): Illuminate\\Pipeline\\Pipeline->Illuminate\\Pipeline\\{closure}()
#85 /home/oqrkrpbs/offices.topdealhot.com/vendor/laravel/framework/src/Illuminate/Pipeline/Pipeline.php(183): Illuminate\\Foundation\\Http\\Middleware\\PreventRequestsDuringMaintenance->handle()
#86 /home/oqrkrpbs/offices.topdealhot.com/vendor/laravel/framework/src/Illuminate/Http/Middleware/HandleCors.php(49): Illuminate\\Pipeline\\Pipeline->Illuminate\\Pipeline\\{closure}()
#87 /home/oqrkrpbs/offices.topdealhot.com/vendor/laravel/framework/src/Illuminate/Pipeline/Pipeline.php(183): Illuminate\\Http\\Middleware\\HandleCors->handle()
#88 /home/oqrkrpbs/offices.topdealhot.com/vendor/laravel/framework/src/Illuminate/Http/Middleware/TrustProxies.php(39): Illuminate\\Pipeline\\Pipeline->Illuminate\\Pipeline\\{closure}()
#89 /home/oqrkrpbs/offices.topdealhot.com/vendor/laravel/framework/src/Illuminate/Pipeline/Pipeline.php(183): Illuminate\\Http\\Middleware\\TrustProxies->handle()
#90 /home/oqrkrpbs/offices.topdealhot.com/vendor/laravel/framework/src/Illuminate/Pipeline/Pipeline.php(119): Illuminate\\Pipeline\\Pipeline->Illuminate\\Pipeline\\{closure}()
#91 /home/oqrkrpbs/offices.topdealhot.com/vendor/laravel/framework/src/Illuminate/Foundation/Http/Kernel.php(175): Illuminate\\Pipeline\\Pipeline->then()
#92 /home/oqrkrpbs/offices.topdealhot.com/vendor/laravel/framework/src/Illuminate/Foundation/Http/Kernel.php(144): Illuminate\\Foundation\\Http\\Kernel->sendRequestThroughRouter()
#93 /home/oqrkrpbs/offices.topdealhot.com/public/index.php(56): Illuminate\\Foundation\\Http\\Kernel->handle()
#94 {main}

[previous exception] [object] (Illuminate\\View\\ViewException(code: 0): Undefined variable $image (View: /home/oqrkrpbs/offices.topdealhot.com/platform/themes/resido/partials/real-estate/properties/item-list.blade.php) at /home/oqrkrpbs/offices.topdealhot.com/storage/framework/views/7f8a1341c5f4e8836998553c733bf274.php:10)
[stacktrace]
#0 /home/oqrkrpbs/offices.topdealhot.com/vendor/laravel/framework/src/Illuminate/View/Engines/PhpEngine.php(60): Illuminate\\View\\Engines\\CompilerEngine->handleViewException()
#1 /home/oqrkrpbs/offices.topdealhot.com/vendor/laravel/framework/src/Illuminate/View/Engines/CompilerEngine.php(72): Illuminate\\View\\Engines\\PhpEngine->evaluatePath()
#2 /home/oqrkrpbs/offices.topdealhot.com/vendor/laravel/framework/src/Illuminate/View/View.php(207): Illuminate\\View\\Engines\\CompilerEngine->get()
#3 /home/oqrkrpbs/offices.topdealhot.com/vendor/botble/shortcode/src/View/View.php(50): Illuminate\\View\\View->getContents()
#4 /home/oqrkrpbs/offices.topdealhot.com/vendor/laravel/framework/src/Illuminate/View/View.php(159): Botble\\Shortcode\\View\\View->renderContents()
#5 /home/oqrkrpbs/offices.topdealhot.com/vendor/botble/theme/src/Theme.php(435): Illuminate\\View\\View->render()
#6 /home/oqrkrpbs/offices.topdealhot.com/vendor/botble/theme/src/Theme.php(421): Botble\\Theme\\Theme->loadPartial()
#7 /home/oqrkrpbs/offices.topdealhot.com/vendor/laravel/framework/src/Illuminate/Support/Facades/Facade.php(355): Botble\\Theme\\Theme->partial()
#8 /home/oqrkrpbs/offices.topdealhot.com/storage/framework/views/172aa63c6ad351a2e7173d7ec916f09c.php(13): Illuminate\\Support\\Facades\\Facade::__callStatic()
#9 /home/oqrkrpbs/offices.topdealhot.com/vendor/laravel/framework/src/Illuminate/Filesystem/Filesystem.php(124): require('/home/oqrkrpbs/...')
#10 /home/oqrkrpbs/offices.topdealhot.com/vendor/laravel/framework/src/Illuminate/Filesystem/Filesystem.php(125): Illuminate\\Filesystem\\Filesystem::Illuminate\\Filesystem\\{closure}()
#11 /home/oqrkrpbs/offices.topdealhot.com/vendor/laravel/framework/src/Illuminate/View/Engines/PhpEngine.php(58): Illuminate\\Filesystem\\Filesystem->getRequire()
#12 /home/oqrkrpbs/offices.topdealhot.com/vendor/laravel/framework/src/Illuminate/View/Engines/CompilerEngine.php(72): Illuminate\\View\\Engines\\PhpEngine->evaluatePath()
#13 /home/oqrkrpbs/offices.topdealhot.com/vendor/laravel/framework/src/Illuminate/View/View.php(207): Illuminate\\View\\Engines\\CompilerEngine->get()
#14 /home/oqrkrpbs/offices.topdealhot.com/vendor/botble/shortcode/src/View/View.php(50): Illuminate\\View\\View->getContents()
#15 /home/oqrkrpbs/offices.topdealhot.com/vendor/laravel/framework/src/Illuminate/View/View.php(159): Botble\\Shortcode\\View\\View->renderContents()
#16 /home/oqrkrpbs/offices.topdealhot.com/vendor/botble/theme/src/Theme.php(435): Illuminate\\View\\View->render()
#17 /home/oqrkrpbs/offices.topdealhot.com/vendor/botble/theme/src/Theme.php(421): Botble\\Theme\\Theme->loadPartial()
#18 /home/oqrkrpbs/offices.topdealhot.com/vendor/laravel/framework/src/Illuminate/Support/Facades/Facade.php(355): Botble\\Theme\\Theme->partial()
#19 /home/oqrkrpbs/offices.topdealhot.com/storage/framework/views/27ab3ca2bb49b3fdccd27f97042e9a82.php(64): Illuminate\\Support\\Facades\\Facade::__callStatic()
#20 /home/oqrkrpbs/offices.topdealhot.com/vendor/laravel/framework/src/Illuminate/Filesystem/Filesystem.php(124): require('/home/oqrkrpbs/...')
#21 /home/oqrkrpbs/offices.topdealhot.com/vendor/laravel/framework/src/Illuminate/Filesystem/Filesystem.php(125): Illuminate\\Filesystem\\Filesystem::Illuminate\\Filesystem\\{closure}()
#22 /home/oqrkrpbs/offices.topdealhot.com/vendor/laravel/framework/src/Illuminate/View/Engines/PhpEngine.php(58): Illuminate\\Filesystem\\Filesystem->getRequire()
#23 /home/oqrkrpbs/offices.topdealhot.com/vendor/laravel/framework/src/Illuminate/View/Engines/CompilerEngine.php(72): Illuminate\\View\\Engines\\PhpEngine->evaluatePath()
#24 /home/oqrkrpbs/offices.topdealhot.com/vendor/laravel/framework/src/Illuminate/View/View.php(207): Illuminate\\View\\Engines\\CompilerEngine->get()
#25 /home/oqrkrpbs/offices.topdealhot.com/vendor/botble/shortcode/src/View/View.php(50): Illuminate\\View\\View->getContents()
#26 /home/oqrkrpbs/offices.topdealhot.com/vendor/laravel/framework/src/Illuminate/View/View.php(159): Botble\\Shortcode\\View\\View->renderContents()
#27 /home/oqrkrpbs/offices.topdealhot.com/storage/framework/views/992a8199c11081ec71d2ae082b0f7677.php(16): Illuminate\\View\\View->render()
#28 /home/oqrkrpbs/offices.topdealhot.com/vendor/laravel/framework/src/Illuminate/Filesystem/Filesystem.php(124): require('/home/oqrkrpbs/...')
#29 /home/oqrkrpbs/offices.topdealhot.com/vendor/laravel/framework/src/Illuminate/Filesystem/Filesystem.php(125): Illuminate\\Filesystem\\Filesystem::Illuminate\\Filesystem\\{closure}()
#30 /home/oqrkrpbs/offices.topdealhot.com/vendor/laravel/framework/src/Illuminate/View/Engines/PhpEngine.php(58): Illuminate\\Filesystem\\Filesystem->getRequire()
#31 /home/oqrkrpbs/offices.topdealhot.com/vendor/laravel/framework/src/Illuminate/View/Engines/CompilerEngine.php(72): Illuminate\\View\\Engines\\PhpEngine->evaluatePath()
#32 /home/oqrkrpbs/offices.topdealhot.com/vendor/laravel/framework/src/Illuminate/View/View.php(207): Illuminate\\View\\Engines\\CompilerEngine->get()
#33 /home/oqrkrpbs/offices.topdealhot.com/vendor/botble/shortcode/src/View/View.php(50): Illuminate\\View\\View->getContents()
#34 /home/oqrkrpbs/offices.topdealhot.com/vendor/laravel/framework/src/Illuminate/View/View.php(159): Botble\\Shortcode\\View\\View->renderContents()
#35 /home/oqrkrpbs/offices.topdealhot.com/vendor/botble/theme/src/Theme.php(617): Illuminate\\View\\View->render()
#36 /home/oqrkrpbs/offices.topdealhot.com/vendor/botble/theme/src/Theme.php(597): Botble\\Theme\\Theme->setUpContent()
#37 /home/oqrkrpbs/offices.topdealhot.com/vendor/laravel/framework/src/Illuminate/Support/Facades/Facade.php(355): Botble\\Theme\\Theme->scope()
#38 /home/oqrkrpbs/offices.topdealhot.com/vendor/botble/theme/src/Http/Controllers/PublicController.php(89): Illuminate\\Support\\Facades\\Facade::__callStatic()
#39 /home/oqrkrpbs/offices.topdealhot.com/vendor/botble/theme/src/Http/Controllers/PublicController.php(119): Botble\\Theme\\Http\\Controllers\\PublicController->getView()
#40 /home/oqrkrpbs/offices.topdealhot.com/vendor/laravel/framework/src/Illuminate/Routing/Controller.php(54): Botble\\Theme\\Http\\Controllers\\PublicController->getViewWithPrefix()
#41 /home/oqrkrpbs/offices.topdealhot.com/vendor/laravel/framework/src/Illuminate/Routing/ControllerDispatcher.php(43): Illuminate\\Routing\\Controller->callAction()
#42 /home/oqrkrpbs/offices.topdealhot.com/vendor/laravel/framework/src/Illuminate/Routing/Route.php(260): Illuminate\\Routing\\ControllerDispatcher->dispatch()
#43 /home/oqrkrpbs/offices.topdealhot.com/vendor/laravel/framework/src/Illuminate/Routing/Route.php(205): Illuminate\\Routing\\Route->runController()
#44 /home/oqrkrpbs/offices.topdealhot.com/vendor/laravel/framework/src/Illuminate/Routing/Router.php(806): Illuminate\\Routing\\Route->run()
#45 /home/oqrkrpbs/offices.topdealhot.com/vendor/laravel/framework/src/Illuminate/Pipeline/Pipeline.php(144): Illuminate\\Routing\\Router->Illuminate\\Routing\\{closure}()
#46 /home/oqrkrpbs/offices.topdealhot.com/vendor/botble/platform/base/src/Http/Middleware/CoreMiddleware.php(17): Illuminate\\Pipeline\\Pipeline->Illuminate\\Pipeline\\{closure}()
#47 /home/oqrkrpbs/offices.topdealhot.com/vendor/laravel/framework/src/Illuminate/Pipeline/Pipeline.php(144): Botble\\Base\\Http\\Middleware\\CoreMiddleware->Botble\\Base\\Http\\Middleware\\{closure}()
#48 /home/oqrkrpbs/offices.topdealhot.com/vendor/botble/platform/base/src/Http/Middleware/EnsureLicenseHasBeenActivated.php(24): Illuminate\\Pipeline\\Pipeline->Illuminate\\Pipeline\\{closure}()
#49 /home/oqrkrpbs/offices.topdealhot.com/vendor/laravel/framework/src/Illuminate/Pipeline/Pipeline.php(183): Botble\\Base\\Http\\Middleware\\EnsureLicenseHasBeenActivated->handle()
#50 /home/oqrkrpbs/offices.topdealhot.com/vendor/laravel/framework/src/Illuminate/Pipeline/Pipeline.php(119): Illuminate\\Pipeline\\Pipeline->Illuminate\\Pipeline\\{closure}()
#51 /home/oqrkrpbs/offices.topdealhot.com/vendor/botble/platform/base/src/Http/Middleware/CoreMiddleware.php(18): Illuminate\\Pipeline\\Pipeline->then()
#52 /home/oqrkrpbs/offices.topdealhot.com/vendor/laravel/framework/src/Illuminate/Pipeline/Pipeline.php(183): Botble\\Base\\Http\\Middleware\\CoreMiddleware->handle()
#53 /home/oqrkrpbs/offices.topdealhot.com/vendor/botble/platform/base/src/Http/Middleware/HttpsProtocolMiddleware.php(16): Illuminate\\Pipeline\\Pipeline->Illuminate\\Pipeline\\{closure}()
#54 /home/oqrkrpbs/offices.topdealhot.com/vendor/laravel/framework/src/Illuminate/Pipeline/Pipeline.php(183): Botble\\Base\\Http\\Middleware\\HttpsProtocolMiddleware->handle()
#55 /home/oqrkrpbs/offices.topdealhot.com/vendor/botble/platform/base/src/Http/Middleware/AdminLocaleMiddleware.php(17): Illuminate\\Pipeline\\Pipeline->Illuminate\\Pipeline\\{closure}()
#56 /home/oqrkrpbs/offices.topdealhot.com/vendor/laravel/framework/src/Illuminate/Pipeline/Pipeline.php(183): Botble\\Base\\Http\\Middleware\\AdminLocaleMiddleware->handle()
#57 /home/oqrkrpbs/offices.topdealhot.com/vendor/botble/platform/base/src/Http/Middleware/LocaleMiddleware.php(29): Illuminate\\Pipeline\\Pipeline->Illuminate\\Pipeline\\{closure}()
#58 /home/oqrkrpbs/offices.topdealhot.com/vendor/laravel/framework/src/Illuminate/Pipeline/Pipeline.php(183): Botble\\Base\\Http\\Middleware\\LocaleMiddleware->handle()
#59 /home/oqrkrpbs/offices.topdealhot.com/vendor/botble/installer/src/Http/Middleware/RedirectIfNotInstalledMiddleware.php(17): Illuminate\\Pipeline\\Pipeline->Illuminate\\Pipeline\\{closure}()
#60 /home/oqrkrpbs/offices.topdealhot.com/vendor/laravel/framework/src/Illuminate/Pipeline/Pipeline.php(183): Botble\\Installer\\Http\\Middleware\\RedirectIfNotInstalledMiddleware->handle()
#61 /home/oqrkrpbs/offices.topdealhot.com/vendor/laravel/framework/src/Illuminate/Routing/Middleware/SubstituteBindings.php(50): Illuminate\\Pipeline\\Pipeline->Illuminate\\Pipeline\\{closure}()
#62 /home/oqrkrpbs/offices.topdealhot.com/vendor/laravel/framework/src/Illuminate/Pipeline/Pipeline.php(183): Illuminate\\Routing\\Middleware\\SubstituteBindings->handle()
#63 /home/oqrkrpbs/offices.topdealhot.com/vendor/laravel/framework/src/Illuminate/Foundation/Http/Middleware/VerifyCsrfToken.php(78): Illuminate\\Pipeline\\Pipeline->Illuminate\\Pipeline\\{closure}()
#64 /home/oqrkrpbs/offices.topdealhot.com/vendor/laravel/framework/src/Illuminate/Pipeline/Pipeline.php(183): Illuminate\\Foundation\\Http\\Middleware\\VerifyCsrfToken->handle()
#65 /home/oqrkrpbs/offices.topdealhot.com/vendor/laravel/framework/src/Illuminate/View/Middleware/ShareErrorsFromSession.php(49): Illuminate\\Pipeline\\Pipeline->Illuminate\\Pipeline\\{closure}()
#66 /home/oqrkrpbs/offices.topdealhot.com/vendor/laravel/framework/src/Illuminate/Pipeline/Pipeline.php(183): Illuminate\\View\\Middleware\\ShareErrorsFromSession->handle()
#67 /home/oqrkrpbs/offices.topdealhot.com/vendor/laravel/framework/src/Illuminate/Session/Middleware/StartSession.php(121): Illuminate\\Pipeline\\Pipeline->Illuminate\\Pipeline\\{closure}()
#68 /home/oqrkrpbs/offices.topdealhot.com/vendor/laravel/framework/src/Illuminate/Session/Middleware/StartSession.php(64): Illuminate\\Session\\Middleware\\StartSession->handleStatefulRequest()
#69 /home/oqrkrpbs/offices.topdealhot.com/vendor/laravel/framework/src/Illuminate/Pipeline/Pipeline.php(183): Illuminate\\Session\\Middleware\\StartSession->handle()
#70 /home/oqrkrpbs/offices.topdealhot.com/vendor/laravel/framework/src/Illuminate/Cookie/Middleware/AddQueuedCookiesToResponse.php(37): Illuminate\\Pipeline\\Pipeline->Illuminate\\Pipeline\\{closure}()
#71 /home/oqrkrpbs/offices.topdealhot.com/vendor/laravel/framework/src/Illuminate/Pipeline/Pipeline.php(183): Illuminate\\Cookie\\Middleware\\AddQueuedCookiesToResponse->handle()
#72 /home/oqrkrpbs/offices.topdealhot.com/vendor/laravel/framework/src/Illuminate/Cookie/Middleware/EncryptCookies.php(67): Illuminate\\Pipeline\\Pipeline->Illuminate\\Pipeline\\{closure}()
#73 /home/oqrkrpbs/offices.topdealhot.com/vendor/laravel/framework/src/Illuminate/Pipeline/Pipeline.php(183): Illuminate\\Cookie\\Middleware\\EncryptCookies->handle()
#74 /home/oqrkrpbs/offices.topdealhot.com/platform/plugins/language/src/Http/Middleware/LocalizationRedirectFilter.php(51): Illuminate\\Pipeline\\Pipeline->Illuminate\\Pipeline\\{closure}()
#75 /home/oqrkrpbs/offices.topdealhot.com/vendor/laravel/framework/src/Illuminate/Pipeline/Pipeline.php(183): Botble\\Language\\Http\\Middleware\\LocalizationRedirectFilter->handle()
#76 /home/oqrkrpbs/offices.topdealhot.com/platform/plugins/language/src/Http/Middleware/LocaleSessionRedirect.php(71): Illuminate\\Pipeline\\Pipeline->Illuminate\\Pipeline\\{closure}()
#77 /home/oqrkrpbs/offices.topdealhot.com/vendor/laravel/framework/src/Illuminate/Pipeline/Pipeline.php(183): Botble\\Language\\Http\\Middleware\\LocaleSessionRedirect->handle()
#78 /home/oqrkrpbs/offices.topdealhot.com/vendor/laravel/framework/src/Illuminate/Pipeline/Pipeline.php(119): Illuminate\\Pipeline\\Pipeline->Illuminate\\Pipeline\\{closure}()
#79 /home/oqrkrpbs/offices.topdealhot.com/vendor/laravel/framework/src/Illuminate/Routing/Router.php(807): Illuminate\\Pipeline\\Pipeline->then()
#80 /home/oqrkrpbs/offices.topdealhot.com/vendor/laravel/framework/src/Illuminate/Routing/Router.php(784): Illuminate\\Routing\\Router->runRouteWithinStack()
#81 /home/oqrkrpbs/offices.topdealhot.com/vendor/laravel/framework/src/Illuminate/Routing/Router.php(748): Illuminate\\Routing\\Router->runRoute()
#82 /home/oqrkrpbs/offices.topdealhot.com/vendor/laravel/framework/src/Illuminate/Routing/Router.php(737): Illuminate\\Routing\\Router->dispatchToRoute()
#83 /home/oqrkrpbs/offices.topdealhot.com/vendor/laravel/framework/src/Illuminate/Foundation/Http/Kernel.php(200): Illuminate\\Routing\\Router->dispatch()
#84 /home/oqrkrpbs/offices.topdealhot.com/vendor/laravel/framework/src/Illuminate/Pipeline/Pipeline.php(144): Illuminate\\Foundation\\Http\\Kernel->Illuminate\\Foundation\\Http\\{closure}()
#85 /home/oqrkrpbs/offices.topdealhot.com/vendor/botble/platform/js-validation/src/RemoteValidationMiddleware.php(43): Illuminate\\Pipeline\\Pipeline->Illuminate\\Pipeline\\{closure}()
#86 /home/oqrkrpbs/offices.topdealhot.com/vendor/laravel/framework/src/Illuminate/Pipeline/Pipeline.php(183): Botble\\JsValidation\\RemoteValidationMiddleware->handle()
#87 /home/oqrkrpbs/offices.topdealhot.com/vendor/laravel/framework/src/Illuminate/Foundation/Http/Middleware/TransformsRequest.php(21): Illuminate\\Pipeline\\Pipeline->Illuminate\\Pipeline\\{closure}()
#88 /home/oqrkrpbs/offices.topdealhot.com/vendor/laravel/framework/src/Illuminate/Foundation/Http/Middleware/ConvertEmptyStringsToNull.php(31): Illuminate\\Foundation\\Http\\Middleware\\TransformsRequest->handle()
#89 /home/oqrkrpbs/offices.topdealhot.com/vendor/laravel/framework/src/Illuminate/Pipeline/Pipeline.php(183): Illuminate\\Foundation\\Http\\Middleware\\ConvertEmptyStringsToNull->handle()
#90 /home/oqrkrpbs/offices.topdealhot.com/vendor/laravel/framework/src/Illuminate/Foundation/Http/Middleware/TransformsRequest.php(21): Illuminate\\Pipeline\\Pipeline->Illuminate\\Pipeline\\{closure}()
#91 /home/oqrkrpbs/offices.topdealhot.com/vendor/laravel/framework/src/Illuminate/Foundation/Http/Middleware/TrimStrings.php(40): Illuminate\\Foundation\\Http\\Middleware\\TransformsRequest->handle()
#92 /home/oqrkrpbs/offices.topdealhot.com/vendor/laravel/framework/src/Illuminate/Pipeline/Pipeline.php(183): Illuminate\\Foundation\\Http\\Middleware\\TrimStrings->handle()
#93 /home/oqrkrpbs/offices.topdealhot.com/vendor/laravel/framework/src/Illuminate/Foundation/Http/Middleware/ValidatePostSize.php(27): Illuminate\\Pipeline\\Pipeline->Illuminate\\Pipeline\\{closure}()
#94 /home/oqrkrpbs/offices.topdealhot.com/vendor/laravel/framework/src/Illuminate/Pipeline/Pipeline.php(183): Illuminate\\Foundation\\Http\\Middleware\\ValidatePostSize->handle()
#95 /home/oqrkrpbs/offices.topdealhot.com/vendor/laravel/framework/src/Illuminate/Foundation/Http/Middleware/PreventRequestsDuringMaintenance.php(99): Illuminate\\Pipeline\\Pipeline->Illuminate\\Pipeline\\{closure}()
#96 /home/oqrkrpbs/offices.topdealhot.com/vendor/laravel/framework/src/Illuminate/Pipeline/Pipeline.php(183): Illuminate\\Foundation\\Http\\Middleware\\PreventRequestsDuringMaintenance->handle()
#97 /home/oqrkrpbs/offices.topdealhot.com/vendor/laravel/framework/src/Illuminate/Http/Middleware/HandleCors.php(49): Illuminate\\Pipeline\\Pipeline->Illuminate\\Pipeline\\{closure}()
#98 /home/oqrkrpbs/offices.topdealhot.com/vendor/laravel/framework/src/Illuminate/Pipeline/Pipeline.php(183): Illuminate\\Http\\Middleware\\HandleCors->handle()
#99 /home/oqrkrpbs/offices.topdealhot.com/vendor/laravel/framework/src/Illuminate/Http/Middleware/TrustProxies.php(39): Illuminate\\Pipeline\\Pipeline->Illuminate\\Pipeline\\{closure}()
#100 /home/oqrkrpbs/offices.topdealhot.com/vendor/laravel/framework/src/Illuminate/Pipeline/Pipeline.php(183): Illuminate\\Http\\Middleware\\TrustProxies->handle()
#101 /home/oqrkrpbs/offices.topdealhot.com/vendor/laravel/framework/src/Illuminate/Pipeline/Pipeline.php(119): Illuminate\\Pipeline\\Pipeline->Illuminate\\Pipeline\\{closure}()
#102 /home/oqrkrpbs/offices.topdealhot.com/vendor/laravel/framework/src/Illuminate/Foundation/Http/Kernel.php(175): Illuminate\\Pipeline\\Pipeline->then()
#103 /home/oqrkrpbs/offices.topdealhot.com/vendor/laravel/framework/src/Illuminate/Foundation/Http/Kernel.php(144): Illuminate\\Foundation\\Http\\Kernel->sendRequestThroughRouter()
#104 /home/oqrkrpbs/offices.topdealhot.com/public/index.php(56): Illuminate\\Foundation\\Http\\Kernel->handle()
#105 {main}

[previous exception] [object] (ErrorException(code: 0): Undefined variable $image at /home/oqrkrpbs/offices.topdealhot.com/storage/framework/views/7f8a1341c5f4e8836998553c733bf274.php:10)
[stacktrace]
#0 /home/oqrkrpbs/offices.topdealhot.com/vendor/laravel/framework/src/Illuminate/Foundation/Bootstrap/HandleExceptions.php(255): Illuminate\\Foundation\\Bootstrap\\HandleExceptions->handleError()
#1 /home/oqrkrpbs/offices.topdealhot.com/storage/framework/views/7f8a1341c5f4e8836998553c733bf274.php(10): Illuminate\\Foundation\\Bootstrap\\HandleExceptions->Illuminate\\Foundation\\Bootstrap\\{closure}()
#2 /home/oqrkrpbs/offices.topdealhot.com/vendor/laravel/framework/src/Illuminate/Filesystem/Filesystem.php(124): require('/home/oqrkrpbs/...')
#3 /home/oqrkrpbs/offices.topdealhot.com/vendor/laravel/framework/src/Illuminate/Filesystem/Filesystem.php(125): Illuminate\\Filesystem\\Filesystem::Illuminate\\Filesystem\\{closure}()
#4 /home/oqrkrpbs/offices.topdealhot.com/vendor/laravel/framework/src/Illuminate/View/Engines/PhpEngine.php(58): Illuminate\\Filesystem\\Filesystem->getRequire()
#5 /home/oqrkrpbs/offices.topdealhot.com/vendor/laravel/framework/src/Illuminate/View/Engines/CompilerEngine.php(72): Illuminate\\View\\Engines\\PhpEngine->evaluatePath()
#6 /home/oqrkrpbs/offices.topdealhot.com/vendor/laravel/framework/src/Illuminate/View/View.php(207): Illuminate\\View\\Engines\\CompilerEngine->get()
#7 /home/oqrkrpbs/offices.topdealhot.com/vendor/botble/shortcode/src/View/View.php(50): Illuminate\\View\\View->getContents()
#8 /home/oqrkrpbs/offices.topdealhot.com/vendor/laravel/framework/src/Illuminate/View/View.php(159): Botble\\Shortcode\\View\\View->renderContents()
#9 /home/oqrkrpbs/offices.topdealhot.com/vendor/botble/theme/src/Theme.php(435): Illuminate\\View\\View->render()
#10 /home/oqrkrpbs/offices.topdealhot.com/vendor/botble/theme/src/Theme.php(421): Botble\\Theme\\Theme->loadPartial()
#11 /home/oqrkrpbs/offices.topdealhot.com/vendor/laravel/framework/src/Illuminate/Support/Facades/Facade.php(355): Botble\\Theme\\Theme->partial()
#12 /home/oqrkrpbs/offices.topdealhot.com/storage/framework/views/172aa63c6ad351a2e7173d7ec916f09c.php(13): Illuminate\\Support\\Facades\\Facade::__callStatic()
#13 /home/oqrkrpbs/offices.topdealhot.com/vendor/laravel/framework/src/Illuminate/Filesystem/Filesystem.php(124): require('/home/oqrkrpbs/...')
#14 /home/oqrkrpbs/offices.topdealhot.com/vendor/laravel/framework/src/Illuminate/Filesystem/Filesystem.php(125): Illuminate\\Filesystem\\Filesystem::Illuminate\\Filesystem\\{closure}()
#15 /home/oqrkrpbs/offices.topdealhot.com/vendor/laravel/framework/src/Illuminate/View/Engines/PhpEngine.php(58): Illuminate\\Filesystem\\Filesystem->getRequire()
#16 /home/oqrkrpbs/offices.topdealhot.com/vendor/laravel/framework/src/Illuminate/View/Engines/CompilerEngine.php(72): Illuminate\\View\\Engines\\PhpEngine->evaluatePath()
#17 /home/oqrkrpbs/offices.topdealhot.com/vendor/laravel/framework/src/Illuminate/View/View.php(207): Illuminate\\View\\Engines\\CompilerEngine->get()
#18 /home/oqrkrpbs/offices.topdealhot.com/vendor/botble/shortcode/src/View/View.php(50): Illuminate\\View\\View->getContents()
#19 /home/oqrkrpbs/offices.topdealhot.com/vendor/laravel/framework/src/Illuminate/View/View.php(159): Botble\\Shortcode\\View\\View->renderContents()
#20 /home/oqrkrpbs/offices.topdealhot.com/vendor/botble/theme/src/Theme.php(435): Illuminate\\View\\View->render()
#21 /home/oqrkrpbs/offices.topdealhot.com/vendor/botble/theme/src/Theme.php(421): Botble\\Theme\\Theme->loadPartial()
#22 /home/oqrkrpbs/offices.topdealhot.com/vendor/laravel/framework/src/Illuminate/Support/Facades/Facade.php(355): Botble\\Theme\\Theme->partial()
#23 /home/oqrkrpbs/offices.topdealhot.com/storage/framework/views/27ab3ca2bb49b3fdccd27f97042e9a82.php(64): Illuminate\\Support\\Facades\\Facade::__callStatic()
#24 /home/oqrkrpbs/offices.topdealhot.com/vendor/laravel/framework/src/Illuminate/Filesystem/Filesystem.php(124): require('/home/oqrkrpbs/...')
#25 /home/oqrkrpbs/offices.topdealhot.com/vendor/laravel/framework/src/Illuminate/Filesystem/Filesystem.php(125): Illuminate\\Filesystem\\Filesystem::Illuminate\\Filesystem\\{closure}()
#26 /home/oqrkrpbs/offices.topdealhot.com/vendor/laravel/framework/src/Illuminate/View/Engines/PhpEngine.php(58): Illuminate\\Filesystem\\Filesystem->getRequire()
#27 /home/oqrkrpbs/offices.topdealhot.com/vendor/laravel/framework/src/Illuminate/View/Engines/CompilerEngine.php(72): Illuminate\\View\\Engines\\PhpEngine->evaluatePath()
#28 /home/oqrkrpbs/offices.topdealhot.com/vendor/laravel/framework/src/Illuminate/View/View.php(207): Illuminate\\View\\Engines\\CompilerEngine->get()
#29 /home/oqrkrpbs/offices.topdealhot.com/vendor/botble/shortcode/src/View/View.php(50): Illuminate\\View\\View->getContents()
#30 /home/oqrkrpbs/offices.topdealhot.com/vendor/laravel/framework/src/Illuminate/View/View.php(159): Botble\\Shortcode\\View\\View->renderContents()
#31 /home/oqrkrpbs/offices.topdealhot.com/storage/framework/views/992a8199c11081ec71d2ae082b0f7677.php(16): Illuminate\\View\\View->render()
#32 /home/oqrkrpbs/offices.topdealhot.com/vendor/laravel/framework/src/Illuminate/Filesystem/Filesystem.php(124): require('/home/oqrkrpbs/...')
#33 /home/oqrkrpbs/offices.topdealhot.com/vendor/laravel/framework/src/Illuminate/Filesystem/Filesystem.php(125): Illuminate\\Filesystem\\Filesystem::Illuminate\\Filesystem\\{closure}()
#34 /home/oqrkrpbs/offices.topdealhot.com/vendor/laravel/framework/src/Illuminate/View/Engines/PhpEngine.php(58): Illuminate\\Filesystem\\Filesystem->getRequire()
#35 /home/oqrkrpbs/offices.topdealhot.com/vendor/laravel/framework/src/Illuminate/View/Engines/CompilerEngine.php(72): Illuminate\\View\\Engines\\PhpEngine->evaluatePath()
#36 /home/oqrkrpbs/offices.topdealhot.com/vendor/laravel/framework/src/Illuminate/View/View.php(207): Illuminate\\View\\Engines\\CompilerEngine->get()
#37 /home/oqrkrpbs/offices.topdealhot.com/vendor/botble/shortcode/src/View/View.php(50): Illuminate\\View\\View->getContents()
#38 /home/oqrkrpbs/offices.topdealhot.com/vendor/laravel/framework/src/Illuminate/View/View.php(159): Botble\\Shortcode\\View\\View->renderContents()
#39 /home/oqrkrpbs/offices.topdealhot.com/vendor/botble/theme/src/Theme.php(617): Illuminate\\View\\View->render()
#40 /home/oqrkrpbs/offices.topdealhot.com/vendor/botble/theme/src/Theme.php(597): Botble\\Theme\\Theme->setUpContent()
#41 /home/oqrkrpbs/offices.topdealhot.com/vendor/laravel/framework/src/Illuminate/Support/Facades/Facade.php(355): Botble\\Theme\\Theme->scope()
#42 /home/oqrkrpbs/offices.topdealhot.com/vendor/botble/theme/src/Http/Controllers/PublicController.php(89): Illuminate\\Support\\Facades\\Facade::__callStatic()
#43 /home/oqrkrpbs/offices.topdealhot.com/vendor/botble/theme/src/Http/Controllers/PublicController.php(119): Botble\\Theme\\Http\\Controllers\\PublicController->getView()
#44 /home/oqrkrpbs/offices.topdealhot.com/vendor/laravel/framework/src/Illuminate/Routing/Controller.php(54): Botble\\Theme\\Http\\Controllers\\PublicController->getViewWithPrefix()
#45 /home/oqrkrpbs/offices.topdealhot.com/vendor/laravel/framework/src/Illuminate/Routing/ControllerDispatcher.php(43): Illuminate\\Routing\\Controller->callAction()
#46 /home/oqrkrpbs/offices.topdealhot.com/vendor/laravel/framework/src/Illuminate/Routing/Route.php(260): Illuminate\\Routing\\ControllerDispatcher->dispatch()
#47 /home/oqrkrpbs/offices.topdealhot.com/vendor/laravel/framework/src/Illuminate/Routing/Route.php(205): Illuminate\\Routing\\Route->runController()
#48 /home/oqrkrpbs/offices.topdealhot.com/vendor/laravel/framework/src/Illuminate/Routing/Router.php(806): Illuminate\\Routing\\Route->run()
#49 /home/oqrkrpbs/offices.topdealhot.com/vendor/laravel/framework/src/Illuminate/Pipeline/Pipeline.php(144): Illuminate\\Routing\\Router->Illuminate\\Routing\\{closure}()
#50 /home/oqrkrpbs/offices.topdealhot.com/vendor/botble/platform/base/src/Http/Middleware/CoreMiddleware.php(17): Illuminate\\Pipeline\\Pipeline->Illuminate\\Pipeline\\{closure}()
#51 /home/oqrkrpbs/offices.topdealhot.com/vendor/laravel/framework/src/Illuminate/Pipeline/Pipeline.php(144): Botble\\Base\\Http\\Middleware\\CoreMiddleware->Botble\\Base\\Http\\Middleware\\{closure}()
#52 /home/oqrkrpbs/offices.topdealhot.com/vendor/botble/platform/base/src/Http/Middleware/EnsureLicenseHasBeenActivated.php(24): Illuminate\\Pipeline\\Pipeline->Illuminate\\Pipeline\\{closure}()
#53 /home/oqrkrpbs/offices.topdealhot.com/vendor/laravel/framework/src/Illuminate/Pipeline/Pipeline.php(183): Botble\\Base\\Http\\Middleware\\EnsureLicenseHasBeenActivated->handle()
#54 /home/oqrkrpbs/offices.topdealhot.com/vendor/laravel/framework/src/Illuminate/Pipeline/Pipeline.php(119): Illuminate\\Pipeline\\Pipeline->Illuminate\\Pipeline\\{closure}()
#55 /home/oqrkrpbs/offices.topdealhot.com/vendor/botble/platform/base/src/Http/Middleware/CoreMiddleware.php(18): Illuminate\\Pipeline\\Pipeline->then()
#56 /home/oqrkrpbs/offices.topdealhot.com/vendor/laravel/framework/src/Illuminate/Pipeline/Pipeline.php(183): Botble\\Base\\Http\\Middleware\\CoreMiddleware->handle()
#57 /home/oqrkrpbs/offices.topdealhot.com/vendor/botble/platform/base/src/Http/Middleware/HttpsProtocolMiddleware.php(16): Illuminate\\Pipeline\\Pipeline->Illuminate\\Pipeline\\{closure}()
#58 /home/oqrkrpbs/offices.topdealhot.com/vendor/laravel/framework/src/Illuminate/Pipeline/Pipeline.php(183): Botble\\Base\\Http\\Middleware\\HttpsProtocolMiddleware->handle()
#59 /home/oqrkrpbs/offices.topdealhot.com/vendor/botble/platform/base/src/Http/Middleware/AdminLocaleMiddleware.php(17): Illuminate\\Pipeline\\Pipeline->Illuminate\\Pipeline\\{closure}()
#60 /home/oqrkrpbs/offices.topdealhot.com/vendor/laravel/framework/src/Illuminate/Pipeline/Pipeline.php(183): Botble\\Base\\Http\\Middleware\\AdminLocaleMiddleware->handle()
#61 /home/oqrkrpbs/offices.topdealhot.com/vendor/botble/platform/base/src/Http/Middleware/LocaleMiddleware.php(29): Illuminate\\Pipeline\\Pipeline->Illuminate\\Pipeline\\{closure}()
#62 /home/oqrkrpbs/offices.topdealhot.com/vendor/laravel/framework/src/Illuminate/Pipeline/Pipeline.php(183): Botble\\Base\\Http\\Middleware\\LocaleMiddleware->handle()
#63 /home/oqrkrpbs/offices.topdealhot.com/vendor/botble/installer/src/Http/Middleware/RedirectIfNotInstalledMiddleware.php(17): Illuminate\\Pipeline\\Pipeline->Illuminate\\Pipeline\\{closure}()
#64 /home/oqrkrpbs/offices.topdealhot.com/vendor/laravel/framework/src/Illuminate/Pipeline/Pipeline.php(183): Botble\\Installer\\Http\\Middleware\\RedirectIfNotInstalledMiddleware->handle()
#65 /home/oqrkrpbs/offices.topdealhot.com/vendor/laravel/framework/src/Illuminate/Routing/Middleware/SubstituteBindings.php(50): Illuminate\\Pipeline\\Pipeline->Illuminate\\Pipeline\\{closure}()
#66 /home/oqrkrpbs/offices.topdealhot.com/vendor/laravel/framework/src/Illuminate/Pipeline/Pipeline.php(183): Illuminate\\Routing\\Middleware\\SubstituteBindings->handle()
#67 /home/oqrkrpbs/offices.topdealhot.com/vendor/laravel/framework/src/Illuminate/Foundation/Http/Middleware/VerifyCsrfToken.php(78): Illuminate\\Pipeline\\Pipeline->Illuminate\\Pipeline\\{closure}()
#68 /home/oqrkrpbs/offices.topdealhot.com/vendor/laravel/framework/src/Illuminate/Pipeline/Pipeline.php(183): Illuminate\\Foundation\\Http\\Middleware\\VerifyCsrfToken->handle()
#69 /home/oqrkrpbs/offices.topdealhot.com/vendor/laravel/framework/src/Illuminate/View/Middleware/ShareErrorsFromSession.php(49): Illuminate\\Pipeline\\Pipeline->Illuminate\\Pipeline\\{closure}()
#70 /home/oqrkrpbs/offices.topdealhot.com/vendor/laravel/framework/src/Illuminate/Pipeline/Pipeline.php(183): Illuminate\\View\\Middleware\\ShareErrorsFromSession->handle()
#71 /home/oqrkrpbs/offices.topdealhot.com/vendor/laravel/framework/src/Illuminate/Session/Middleware/StartSession.php(121): Illuminate\\Pipeline\\Pipeline->Illuminate\\Pipeline\\{closure}()
#72 /home/oqrkrpbs/offices.topdealhot.com/vendor/laravel/framework/src/Illuminate/Session/Middleware/StartSession.php(64): Illuminate\\Session\\Middleware\\StartSession->handleStatefulRequest()
#73 /home/oqrkrpbs/offices.topdealhot.com/vendor/laravel/framework/src/Illuminate/Pipeline/Pipeline.php(183): Illuminate\\Session\\Middleware\\StartSession->handle()
#74 /home/oqrkrpbs/offices.topdealhot.com/vendor/laravel/framework/src/Illuminate/Cookie/Middleware/AddQueuedCookiesToResponse.php(37): Illuminate\\Pipeline\\Pipeline->Illuminate\\Pipeline\\{closure}()
#75 /home/oqrkrpbs/offices.topdealhot.com/vendor/laravel/framework/src/Illuminate/Pipeline/Pipeline.php(183): Illuminate\\Cookie\\Middleware\\AddQueuedCookiesToResponse->handle()
#76 /home/oqrkrpbs/offices.topdealhot.com/vendor/laravel/framework/src/Illuminate/Cookie/Middleware/EncryptCookies.php(67): Illuminate\\Pipeline\\Pipeline->Illuminate\\Pipeline\\{closure}()
#77 /home/oqrkrpbs/offices.topdealhot.com/vendor/laravel/framework/src/Illuminate/Pipeline/Pipeline.php(183): Illuminate\\Cookie\\Middleware\\EncryptCookies->handle()
#78 /home/oqrkrpbs/offices.topdealhot.com/platform/plugins/language/src/Http/Middleware/LocalizationRedirectFilter.php(51): Illuminate\\Pipeline\\Pipeline->Illuminate\\Pipeline\\{closure}()
#79 /home/oqrkrpbs/offices.topdealhot.com/vendor/laravel/framework/src/Illuminate/Pipeline/Pipeline.php(183): Botble\\Language\\Http\\Middleware\\LocalizationRedirectFilter->handle()
#80 /home/oqrkrpbs/offices.topdealhot.com/platform/plugins/language/src/Http/Middleware/LocaleSessionRedirect.php(71): Illuminate\\Pipeline\\Pipeline->Illuminate\\Pipeline\\{closure}()
#81 /home/oqrkrpbs/offices.topdealhot.com/vendor/laravel/framework/src/Illuminate/Pipeline/Pipeline.php(183): Botble\\Language\\Http\\Middleware\\LocaleSessionRedirect->handle()
#82 /home/oqrkrpbs/offices.topdealhot.com/vendor/laravel/framework/src/Illuminate/Pipeline/Pipeline.php(119): Illuminate\\Pipeline\\Pipeline->Illuminate\\Pipeline\\{closure}()
#83 /home/oqrkrpbs/offices.topdealhot.com/vendor/laravel/framework/src/Illuminate/Routing/Router.php(807): Illuminate\\Pipeline\\Pipeline->then()
#84 /home/oqrkrpbs/offices.topdealhot.com/vendor/laravel/framework/src/Illuminate/Routing/Router.php(784): Illuminate\\Routing\\Router->runRouteWithinStack()
#85 /home/oqrkrpbs/offices.topdealhot.com/vendor/laravel/framework/src/Illuminate/Routing/Router.php(748): Illuminate\\Routing\\Router->runRoute()
#86 /home/oqrkrpbs/offices.topdealhot.com/vendor/laravel/framework/src/Illuminate/Routing/Router.php(737): Illuminate\\Routing\\Router->dispatchToRoute()
#87 /home/oqrkrpbs/offices.topdealhot.com/vendor/laravel/framework/src/Illuminate/Foundation/Http/Kernel.php(200): Illuminate\\Routing\\Router->dispatch()
#88 /home/oqrkrpbs/offices.topdealhot.com/vendor/laravel/framework/src/Illuminate/Pipeline/Pipeline.php(144): Illuminate\\Foundation\\Http\\Kernel->Illuminate\\Foundation\\Http\\{closure}()
#89 /home/oqrkrpbs/offices.topdealhot.com/vendor/botble/platform/js-validation/src/RemoteValidationMiddleware.php(43): Illuminate\\Pipeline\\Pipeline->Illuminate\\Pipeline\\{closure}()
#90 /home/oqrkrpbs/offices.topdealhot.com/vendor/laravel/framework/src/Illuminate/Pipeline/Pipeline.php(183): Botble\\JsValidation\\RemoteValidationMiddleware->handle()
#91 /home/oqrkrpbs/offices.topdealhot.com/vendor/laravel/framework/src/Illuminate/Foundation/Http/Middleware/TransformsRequest.php(21): Illuminate\\Pipeline\\Pipeline->Illuminate\\Pipeline\\{closure}()
#92 /home/oqrkrpbs/offices.topdealhot.com/vendor/laravel/framework/src/Illuminate/Foundation/Http/Middleware/ConvertEmptyStringsToNull.php(31): Illuminate\\Foundation\\Http\\Middleware\\TransformsRequest->handle()
#93 /home/oqrkrpbs/offices.topdealhot.com/vendor/laravel/framework/src/Illuminate/Pipeline/Pipeline.php(183): Illuminate\\Foundation\\Http\\Middleware\\ConvertEmptyStringsToNull->handle()
#94 /home/oqrkrpbs/offices.topdealhot.com/vendor/laravel/framework/src/Illuminate/Foundation/Http/Middleware/TransformsRequest.php(21): Illuminate\\Pipeline\\Pipeline->Illuminate\\Pipeline\\{closure}()
#95 /home/oqrkrpbs/offices.topdealhot.com/vendor/laravel/framework/src/Illuminate/Foundation/Http/Middleware/TrimStrings.php(40): Illuminate\\Foundation\\Http\\Middleware\\TransformsRequest->handle()
#96 /home/oqrkrpbs/offices.topdealhot.com/vendor/laravel/framework/src/Illuminate/Pipeline/Pipeline.php(183): Illuminate\\Foundation\\Http\\Middleware\\TrimStrings->handle()
#97 /home/oqrkrpbs/offices.topdealhot.com/vendor/laravel/framework/src/Illuminate/Foundation/Http/Middleware/ValidatePostSize.php(27): Illuminate\\Pipeline\\Pipeline->Illuminate\\Pipeline\\{closure}()
#98 /home/oqrkrpbs/offices.topdealhot.com/vendor/laravel/framework/src/Illuminate/Pipeline/Pipeline.php(183): Illuminate\\Foundation\\Http\\Middleware\\ValidatePostSize->handle()
#99 /home/oqrkrpbs/offices.topdealhot.com/vendor/laravel/framework/src/Illuminate/Foundation/Http/Middleware/PreventRequestsDuringMaintenance.php(99): Illuminate\\Pipeline\\Pipeline->Illuminate\\Pipeline\\{closure}()
#100 /home/oqrkrpbs/offices.topdealhot.com/vendor/laravel/framework/src/Illuminate/Pipeline/Pipeline.php(183): Illuminate\\Foundation\\Http\\Middleware\\PreventRequestsDuringMaintenance->handle()
#101 /home/oqrkrpbs/offices.topdealhot.com/vendor/laravel/framework/src/Illuminate/Http/Middleware/HandleCors.php(49): Illuminate\\Pipeline\\Pipeline->Illuminate\\Pipeline\\{closure}()
#102 /home/oqrkrpbs/offices.topdealhot.com/vendor/laravel/framework/src/Illuminate/Pipeline/Pipeline.php(183): Illuminate\\Http\\Middleware\\HandleCors->handle()
#103 /home/oqrkrpbs/offices.topdealhot.com/vendor/laravel/framework/src/Illuminate/Http/Middleware/TrustProxies.php(39): Illuminate\\Pipeline\\Pipeline->Illuminate\\Pipeline\\{closure}()
#104 /home/oqrkrpbs/offices.topdealhot.com/vendor/laravel/framework/src/Illuminate/Pipeline/Pipeline.php(183): Illuminate\\Http\\Middleware\\TrustProxies->handle()
#105 /home/oqrkrpbs/offices.topdealhot.com/vendor/laravel/framework/src/Illuminate/Pipeline/Pipeline.php(119): Illuminate\\Pipeline\\Pipeline->Illuminate\\Pipeline\\{closure}()
#106 /home/oqrkrpbs/offices.topdealhot.com/vendor/laravel/framework/src/Illuminate/Foundation/Http/Kernel.php(175): Illuminate\\Pipeline\\Pipeline->then()
#107 /home/oqrkrpbs/offices.topdealhot.com/vendor/laravel/framework/src/Illuminate/Foundation/Http/Kernel.php(144): Illuminate\\Foundation\\Http\\Kernel->sendRequestThroughRouter()
#108 /home/oqrkrpbs/offices.topdealhot.com/public/index.php(56): Illuminate\\Foundation\\Http\\Kernel->handle()
#109 {main}
"} 
