[2024-02-20 05:48:08] production.ERROR: require(/home/oqrkrpbs/offices.topdealhot.com/routes/api.php): Failed to open stream: No such file or directory {"exception":"[object] (ErrorException(code: 0): require(/home/oqrkrpbs/offices.topdealhot.com/routes/api.php): Failed to open stream: No such file or directory at /home/oqrkrpbs/offices.topdealhot.com/vendor/laravel/framework/src/Illuminate/Routing/RouteFileRegistrar.php:35)
[stacktrace]
#0 /home/oqrkrpbs/offices.topdealhot.com/vendor/laravel/framework/src/Illuminate/Foundation/Bootstrap/HandleExceptions.php(255): Illuminate\\Foundation\\Bootstrap\\HandleExceptions->handleError()
#1 /home/oqrkrpbs/offices.topdealhot.com/vendor/laravel/framework/src/Illuminate/Routing/RouteFileRegistrar.php(35): Illuminate\\Foundation\\Bootstrap\\HandleExceptions->Illuminate\\Foundation\\Bootstrap\\{closure}()
#2 /home/oqrkrpbs/offices.topdealhot.com/vendor/laravel/framework/src/Illuminate/Routing/RouteFileRegistrar.php(35): require('/home/oqrkrpbs/...')
#3 /home/oqrkrpbs/offices.topdealhot.com/vendor/laravel/framework/src/Illuminate/Routing/Router.php(511): Illuminate\\Routing\\RouteFileRegistrar->register()
#4 /home/oqrkrpbs/offices.topdealhot.com/vendor/laravel/framework/src/Illuminate/Routing/Router.php(465): Illuminate\\Routing\\Router->loadRoutes()
#5 /home/oqrkrpbs/offices.topdealhot.com/vendor/laravel/framework/src/Illuminate/Routing/RouteRegistrar.php(194): Illuminate\\Routing\\Router->group()
#6 /home/oqrkrpbs/offices.topdealhot.com/app/Providers/RouteServiceProvider.php(34): Illuminate\\Routing\\RouteRegistrar->group()
#7 /home/oqrkrpbs/offices.topdealhot.com/vendor/laravel/framework/src/Illuminate/Container/BoundMethod.php(36): App\\Providers\\RouteServiceProvider->App\\Providers\\{closure}()
#8 /home/oqrkrpbs/offices.topdealhot.com/vendor/laravel/framework/src/Illuminate/Container/Util.php(41): Illuminate\\Container\\BoundMethod::Illuminate\\Container\\{closure}()
#9 /home/oqrkrpbs/offices.topdealhot.com/vendor/laravel/framework/src/Illuminate/Container/BoundMethod.php(81): Illuminate\\Container\\Util::unwrapIfClosure()
#10 /home/oqrkrpbs/offices.topdealhot.com/vendor/laravel/framework/src/Illuminate/Container/BoundMethod.php(37): Illuminate\\Container\\BoundMethod::callBoundMethod()
#11 /home/oqrkrpbs/offices.topdealhot.com/vendor/laravel/framework/src/Illuminate/Container/Container.php(662): Illuminate\\Container\\BoundMethod::call()
#12 /home/oqrkrpbs/offices.topdealhot.com/vendor/laravel/framework/src/Illuminate/Foundation/Support/Providers/RouteServiceProvider.php(120): Illuminate\\Container\\Container->call()
#13 /home/oqrkrpbs/offices.topdealhot.com/vendor/laravel/framework/src/Illuminate/Foundation/Support/Providers/RouteServiceProvider.php(45): Illuminate\\Foundation\\Support\\Providers\\RouteServiceProvider->loadRoutes()
#14 /home/oqrkrpbs/offices.topdealhot.com/vendor/laravel/framework/src/Illuminate/Container/BoundMethod.php(36): Illuminate\\Foundation\\Support\\Providers\\RouteServiceProvider->Illuminate\\Foundation\\Support\\Providers\\{closure}()
#15 /home/oqrkrpbs/offices.topdealhot.com/vendor/laravel/framework/src/Illuminate/Container/Util.php(41): Illuminate\\Container\\BoundMethod::Illuminate\\Container\\{closure}()
#16 /home/oqrkrpbs/offices.topdealhot.com/vendor/laravel/framework/src/Illuminate/Container/BoundMethod.php(81): Illuminate\\Container\\Util::unwrapIfClosure()
#17 /home/oqrkrpbs/offices.topdealhot.com/vendor/laravel/framework/src/Illuminate/Container/BoundMethod.php(37): Illuminate\\Container\\BoundMethod::callBoundMethod()
#18 /home/oqrkrpbs/offices.topdealhot.com/vendor/laravel/framework/src/Illuminate/Container/Container.php(662): Illuminate\\Container\\BoundMethod::call()
#19 /home/oqrkrpbs/offices.topdealhot.com/vendor/laravel/framework/src/Illuminate/Support/ServiceProvider.php(119): Illuminate\\Container\\Container->call()
#20 /home/oqrkrpbs/offices.topdealhot.com/vendor/laravel/framework/src/Illuminate/Foundation/Application.php(1033): Illuminate\\Support\\ServiceProvider->callBootedCallbacks()
#21 /home/oqrkrpbs/offices.topdealhot.com/vendor/laravel/framework/src/Illuminate/Foundation/Application.php(1011): Illuminate\\Foundation\\Application->bootProvider()
#22 [internal function]: Illuminate\\Foundation\\Application->Illuminate\\Foundation\\{closure}()
#23 /home/oqrkrpbs/offices.topdealhot.com/vendor/laravel/framework/src/Illuminate/Foundation/Application.php(1012): array_walk()
#24 /home/oqrkrpbs/offices.topdealhot.com/vendor/laravel/framework/src/Illuminate/Foundation/Bootstrap/BootProviders.php(17): Illuminate\\Foundation\\Application->boot()
#25 /home/oqrkrpbs/offices.topdealhot.com/vendor/laravel/framework/src/Illuminate/Foundation/Application.php(263): Illuminate\\Foundation\\Bootstrap\\BootProviders->bootstrap()
#26 /home/oqrkrpbs/offices.topdealhot.com/vendor/laravel/framework/src/Illuminate/Foundation/Http/Kernel.php(186): Illuminate\\Foundation\\Application->bootstrapWith()
#27 /home/oqrkrpbs/offices.topdealhot.com/vendor/laravel/framework/src/Illuminate/Foundation/Http/Kernel.php(170): Illuminate\\Foundation\\Http\\Kernel->bootstrap()
#28 /home/oqrkrpbs/offices.topdealhot.com/vendor/laravel/framework/src/Illuminate/Foundation/Http/Kernel.php(144): Illuminate\\Foundation\\Http\\Kernel->sendRequestThroughRouter()
#29 /home/oqrkrpbs/offices.topdealhot.com/public/index.php(56): Illuminate\\Foundation\\Http\\Kernel->handle()
#30 {main}
"} 
[2024-02-20 05:53:31] production.ERROR: require(/home/oqrkrpbs/offices.topdealhot.com/routes/api.php): Failed to open stream: No such file or directory {"exception":"[object] (ErrorException(code: 0): require(/home/oqrkrpbs/offices.topdealhot.com/routes/api.php): Failed to open stream: No such file or directory at /home/oqrkrpbs/offices.topdealhot.com/vendor/laravel/framework/src/Illuminate/Routing/RouteFileRegistrar.php:35)
[stacktrace]
#0 /home/oqrkrpbs/offices.topdealhot.com/vendor/laravel/framework/src/Illuminate/Foundation/Bootstrap/HandleExceptions.php(255): Illuminate\\Foundation\\Bootstrap\\HandleExceptions->handleError()
#1 /home/oqrkrpbs/offices.topdealhot.com/vendor/laravel/framework/src/Illuminate/Routing/RouteFileRegistrar.php(35): Illuminate\\Foundation\\Bootstrap\\HandleExceptions->Illuminate\\Foundation\\Bootstrap\\{closure}()
#2 /home/oqrkrpbs/offices.topdealhot.com/vendor/laravel/framework/src/Illuminate/Routing/RouteFileRegistrar.php(35): require('/home/oqrkrpbs/...')
#3 /home/oqrkrpbs/offices.topdealhot.com/vendor/laravel/framework/src/Illuminate/Routing/Router.php(511): Illuminate\\Routing\\RouteFileRegistrar->register()
#4 /home/oqrkrpbs/offices.topdealhot.com/vendor/laravel/framework/src/Illuminate/Routing/Router.php(465): Illuminate\\Routing\\Router->loadRoutes()
#5 /home/oqrkrpbs/offices.topdealhot.com/vendor/laravel/framework/src/Illuminate/Routing/RouteRegistrar.php(194): Illuminate\\Routing\\Router->group()
#6 /home/oqrkrpbs/offices.topdealhot.com/app/Providers/RouteServiceProvider.php(34): Illuminate\\Routing\\RouteRegistrar->group()
#7 /home/oqrkrpbs/offices.topdealhot.com/vendor/laravel/framework/src/Illuminate/Container/BoundMethod.php(36): App\\Providers\\RouteServiceProvider->App\\Providers\\{closure}()
#8 /home/oqrkrpbs/offices.topdealhot.com/vendor/laravel/framework/src/Illuminate/Container/Util.php(41): Illuminate\\Container\\BoundMethod::Illuminate\\Container\\{closure}()
#9 /home/oqrkrpbs/offices.topdealhot.com/vendor/laravel/framework/src/Illuminate/Container/BoundMethod.php(81): Illuminate\\Container\\Util::unwrapIfClosure()
#10 /home/oqrkrpbs/offices.topdealhot.com/vendor/laravel/framework/src/Illuminate/Container/BoundMethod.php(37): Illuminate\\Container\\BoundMethod::callBoundMethod()
#11 /home/oqrkrpbs/offices.topdealhot.com/vendor/laravel/framework/src/Illuminate/Container/Container.php(662): Illuminate\\Container\\BoundMethod::call()
#12 /home/oqrkrpbs/offices.topdealhot.com/vendor/laravel/framework/src/Illuminate/Foundation/Support/Providers/RouteServiceProvider.php(120): Illuminate\\Container\\Container->call()
#13 /home/oqrkrpbs/offices.topdealhot.com/vendor/laravel/framework/src/Illuminate/Foundation/Support/Providers/RouteServiceProvider.php(45): Illuminate\\Foundation\\Support\\Providers\\RouteServiceProvider->loadRoutes()
#14 /home/oqrkrpbs/offices.topdealhot.com/vendor/laravel/framework/src/Illuminate/Container/BoundMethod.php(36): Illuminate\\Foundation\\Support\\Providers\\RouteServiceProvider->Illuminate\\Foundation\\Support\\Providers\\{closure}()
#15 /home/oqrkrpbs/offices.topdealhot.com/vendor/laravel/framework/src/Illuminate/Container/Util.php(41): Illuminate\\Container\\BoundMethod::Illuminate\\Container\\{closure}()
#16 /home/oqrkrpbs/offices.topdealhot.com/vendor/laravel/framework/src/Illuminate/Container/BoundMethod.php(81): Illuminate\\Container\\Util::unwrapIfClosure()
#17 /home/oqrkrpbs/offices.topdealhot.com/vendor/laravel/framework/src/Illuminate/Container/BoundMethod.php(37): Illuminate\\Container\\BoundMethod::callBoundMethod()
#18 /home/oqrkrpbs/offices.topdealhot.com/vendor/laravel/framework/src/Illuminate/Container/Container.php(662): Illuminate\\Container\\BoundMethod::call()
#19 /home/oqrkrpbs/offices.topdealhot.com/vendor/laravel/framework/src/Illuminate/Support/ServiceProvider.php(119): Illuminate\\Container\\Container->call()
#20 /home/oqrkrpbs/offices.topdealhot.com/vendor/laravel/framework/src/Illuminate/Foundation/Application.php(1033): Illuminate\\Support\\ServiceProvider->callBootedCallbacks()
#21 /home/oqrkrpbs/offices.topdealhot.com/vendor/laravel/framework/src/Illuminate/Foundation/Application.php(1011): Illuminate\\Foundation\\Application->bootProvider()
#22 [internal function]: Illuminate\\Foundation\\Application->Illuminate\\Foundation\\{closure}()
#23 /home/oqrkrpbs/offices.topdealhot.com/vendor/laravel/framework/src/Illuminate/Foundation/Application.php(1012): array_walk()
#24 /home/oqrkrpbs/offices.topdealhot.com/vendor/laravel/framework/src/Illuminate/Foundation/Bootstrap/BootProviders.php(17): Illuminate\\Foundation\\Application->boot()
#25 /home/oqrkrpbs/offices.topdealhot.com/vendor/laravel/framework/src/Illuminate/Foundation/Application.php(263): Illuminate\\Foundation\\Bootstrap\\BootProviders->bootstrap()
#26 /home/oqrkrpbs/offices.topdealhot.com/vendor/laravel/framework/src/Illuminate/Foundation/Http/Kernel.php(186): Illuminate\\Foundation\\Application->bootstrapWith()
#27 /home/oqrkrpbs/offices.topdealhot.com/vendor/laravel/framework/src/Illuminate/Foundation/Http/Kernel.php(170): Illuminate\\Foundation\\Http\\Kernel->bootstrap()
#28 /home/oqrkrpbs/offices.topdealhot.com/vendor/laravel/framework/src/Illuminate/Foundation/Http/Kernel.php(144): Illuminate\\Foundation\\Http\\Kernel->sendRequestThroughRouter()
#29 /home/oqrkrpbs/offices.topdealhot.com/public/index.php(56): Illuminate\\Foundation\\Http\\Kernel->handle()
#30 {main}
"} 
[2024-02-20 06:57:41] production.ERROR: Undefined constant "properties" (View: /home/oqrkrpbs/offices.topdealhot.com/platform/themes/resido/views/real-estate/includes/properties-list.blade.php) (View: /home/oqrkrpbs/offices.topdealhot.com/platform/themes/resido/views/real-estate/includes/properties-list.blade.php) {"userId":1,"exception":"[object] (Illuminate\\View\\ViewException(code: 0): Undefined constant \"properties\" (View: /home/oqrkrpbs/offices.topdealhot.com/platform/themes/resido/views/real-estate/includes/properties-list.blade.php) (View: /home/oqrkrpbs/offices.topdealhot.com/platform/themes/resido/views/real-estate/includes/properties-list.blade.php) at /home/oqrkrpbs/offices.topdealhot.com/storage/framework/views/27ab3ca2bb49b3fdccd27f97042e9a82.php:66)
[stacktrace]
#0 /home/oqrkrpbs/offices.topdealhot.com/vendor/laravel/framework/src/Illuminate/View/Engines/PhpEngine.php(60): Illuminate\\View\\Engines\\CompilerEngine->handleViewException()
#1 /home/oqrkrpbs/offices.topdealhot.com/vendor/laravel/framework/src/Illuminate/View/Engines/CompilerEngine.php(72): Illuminate\\View\\Engines\\PhpEngine->evaluatePath()
#2 /home/oqrkrpbs/offices.topdealhot.com/vendor/laravel/framework/src/Illuminate/View/View.php(207): Illuminate\\View\\Engines\\CompilerEngine->get()
#3 /home/oqrkrpbs/offices.topdealhot.com/vendor/botble/shortcode/src/View/View.php(50): Illuminate\\View\\View->getContents()
#4 /home/oqrkrpbs/offices.topdealhot.com/vendor/laravel/framework/src/Illuminate/View/View.php(159): Botble\\Shortcode\\View\\View->renderContents()
#5 /home/oqrkrpbs/offices.topdealhot.com/vendor/botble/theme/src/Theme.php(617): Illuminate\\View\\View->render()
#6 /home/oqrkrpbs/offices.topdealhot.com/vendor/botble/theme/src/Theme.php(597): Botble\\Theme\\Theme->setUpContent()
#7 /home/oqrkrpbs/offices.topdealhot.com/vendor/laravel/framework/src/Illuminate/Support/Facades/Facade.php(355): Botble\\Theme\\Theme->scope()
#8 /home/oqrkrpbs/offices.topdealhot.com/vendor/botble/theme/src/Http/Controllers/PublicController.php(89): Illuminate\\Support\\Facades\\Facade::__callStatic()
#9 /home/oqrkrpbs/offices.topdealhot.com/vendor/botble/theme/src/Http/Controllers/PublicController.php(119): Botble\\Theme\\Http\\Controllers\\PublicController->getView()
#10 /home/oqrkrpbs/offices.topdealhot.com/vendor/laravel/framework/src/Illuminate/Routing/Controller.php(54): Botble\\Theme\\Http\\Controllers\\PublicController->getViewWithPrefix()
#11 /home/oqrkrpbs/offices.topdealhot.com/vendor/laravel/framework/src/Illuminate/Routing/ControllerDispatcher.php(43): Illuminate\\Routing\\Controller->callAction()
#12 /home/oqrkrpbs/offices.topdealhot.com/vendor/laravel/framework/src/Illuminate/Routing/Route.php(260): Illuminate\\Routing\\ControllerDispatcher->dispatch()
#13 /home/oqrkrpbs/offices.topdealhot.com/vendor/laravel/framework/src/Illuminate/Routing/Route.php(205): Illuminate\\Routing\\Route->runController()
#14 /home/oqrkrpbs/offices.topdealhot.com/vendor/laravel/framework/src/Illuminate/Routing/Router.php(806): Illuminate\\Routing\\Route->run()
#15 /home/oqrkrpbs/offices.topdealhot.com/vendor/laravel/framework/src/Illuminate/Pipeline/Pipeline.php(144): Illuminate\\Routing\\Router->Illuminate\\Routing\\{closure}()
#16 /home/oqrkrpbs/offices.topdealhot.com/vendor/botble/platform/base/src/Http/Middleware/CoreMiddleware.php(17): Illuminate\\Pipeline\\Pipeline->Illuminate\\Pipeline\\{closure}()
#17 /home/oqrkrpbs/offices.topdealhot.com/vendor/laravel/framework/src/Illuminate/Pipeline/Pipeline.php(144): Botble\\Base\\Http\\Middleware\\CoreMiddleware->Botble\\Base\\Http\\Middleware\\{closure}()
#18 /home/oqrkrpbs/offices.topdealhot.com/vendor/botble/platform/base/src/Http/Middleware/EnsureLicenseHasBeenActivated.php(24): Illuminate\\Pipeline\\Pipeline->Illuminate\\Pipeline\\{closure}()
#19 /home/oqrkrpbs/offices.topdealhot.com/vendor/laravel/framework/src/Illuminate/Pipeline/Pipeline.php(183): Botble\\Base\\Http\\Middleware\\EnsureLicenseHasBeenActivated->handle()
#20 /home/oqrkrpbs/offices.topdealhot.com/vendor/laravel/framework/src/Illuminate/Pipeline/Pipeline.php(119): Illuminate\\Pipeline\\Pipeline->Illuminate\\Pipeline\\{closure}()
#21 /home/oqrkrpbs/offices.topdealhot.com/vendor/botble/platform/base/src/Http/Middleware/CoreMiddleware.php(18): Illuminate\\Pipeline\\Pipeline->then()
#22 /home/oqrkrpbs/offices.topdealhot.com/vendor/laravel/framework/src/Illuminate/Pipeline/Pipeline.php(183): Botble\\Base\\Http\\Middleware\\CoreMiddleware->handle()
#23 /home/oqrkrpbs/offices.topdealhot.com/vendor/botble/platform/base/src/Http/Middleware/HttpsProtocolMiddleware.php(16): Illuminate\\Pipeline\\Pipeline->Illuminate\\Pipeline\\{closure}()
#24 /home/oqrkrpbs/offices.topdealhot.com/vendor/laravel/framework/src/Illuminate/Pipeline/Pipeline.php(183): Botble\\Base\\Http\\Middleware\\HttpsProtocolMiddleware->handle()
#25 /home/oqrkrpbs/offices.topdealhot.com/vendor/botble/platform/base/src/Http/Middleware/AdminLocaleMiddleware.php(17): Illuminate\\Pipeline\\Pipeline->Illuminate\\Pipeline\\{closure}()
#26 /home/oqrkrpbs/offices.topdealhot.com/vendor/laravel/framework/src/Illuminate/Pipeline/Pipeline.php(183): Botble\\Base\\Http\\Middleware\\AdminLocaleMiddleware->handle()
#27 /home/oqrkrpbs/offices.topdealhot.com/vendor/botble/platform/base/src/Http/Middleware/LocaleMiddleware.php(29): Illuminate\\Pipeline\\Pipeline->Illuminate\\Pipeline\\{closure}()
#28 /home/oqrkrpbs/offices.topdealhot.com/vendor/laravel/framework/src/Illuminate/Pipeline/Pipeline.php(183): Botble\\Base\\Http\\Middleware\\LocaleMiddleware->handle()
#29 /home/oqrkrpbs/offices.topdealhot.com/vendor/botble/installer/src/Http/Middleware/RedirectIfNotInstalledMiddleware.php(17): Illuminate\\Pipeline\\Pipeline->Illuminate\\Pipeline\\{closure}()
#30 /home/oqrkrpbs/offices.topdealhot.com/vendor/laravel/framework/src/Illuminate/Pipeline/Pipeline.php(183): Botble\\Installer\\Http\\Middleware\\RedirectIfNotInstalledMiddleware->handle()
#31 /home/oqrkrpbs/offices.topdealhot.com/vendor/laravel/framework/src/Illuminate/Routing/Middleware/SubstituteBindings.php(50): Illuminate\\Pipeline\\Pipeline->Illuminate\\Pipeline\\{closure}()
#32 /home/oqrkrpbs/offices.topdealhot.com/vendor/laravel/framework/src/Illuminate/Pipeline/Pipeline.php(183): Illuminate\\Routing\\Middleware\\SubstituteBindings->handle()
#33 /home/oqrkrpbs/offices.topdealhot.com/vendor/laravel/framework/src/Illuminate/Foundation/Http/Middleware/VerifyCsrfToken.php(78): Illuminate\\Pipeline\\Pipeline->Illuminate\\Pipeline\\{closure}()
#34 /home/oqrkrpbs/offices.topdealhot.com/vendor/laravel/framework/src/Illuminate/Pipeline/Pipeline.php(183): Illuminate\\Foundation\\Http\\Middleware\\VerifyCsrfToken->handle()
#35 /home/oqrkrpbs/offices.topdealhot.com/vendor/laravel/framework/src/Illuminate/View/Middleware/ShareErrorsFromSession.php(49): Illuminate\\Pipeline\\Pipeline->Illuminate\\Pipeline\\{closure}()
#36 /home/oqrkrpbs/offices.topdealhot.com/vendor/laravel/framework/src/Illuminate/Pipeline/Pipeline.php(183): Illuminate\\View\\Middleware\\ShareErrorsFromSession->handle()
#37 /home/oqrkrpbs/offices.topdealhot.com/vendor/laravel/framework/src/Illuminate/Session/Middleware/StartSession.php(121): Illuminate\\Pipeline\\Pipeline->Illuminate\\Pipeline\\{closure}()
#38 /home/oqrkrpbs/offices.topdealhot.com/vendor/laravel/framework/src/Illuminate/Session/Middleware/StartSession.php(64): Illuminate\\Session\\Middleware\\StartSession->handleStatefulRequest()
#39 /home/oqrkrpbs/offices.topdealhot.com/vendor/laravel/framework/src/Illuminate/Pipeline/Pipeline.php(183): Illuminate\\Session\\Middleware\\StartSession->handle()
#40 /home/oqrkrpbs/offices.topdealhot.com/vendor/laravel/framework/src/Illuminate/Cookie/Middleware/AddQueuedCookiesToResponse.php(37): Illuminate\\Pipeline\\Pipeline->Illuminate\\Pipeline\\{closure}()
#41 /home/oqrkrpbs/offices.topdealhot.com/vendor/laravel/framework/src/Illuminate/Pipeline/Pipeline.php(183): Illuminate\\Cookie\\Middleware\\AddQueuedCookiesToResponse->handle()
#42 /home/oqrkrpbs/offices.topdealhot.com/vendor/laravel/framework/src/Illuminate/Cookie/Middleware/EncryptCookies.php(67): Illuminate\\Pipeline\\Pipeline->Illuminate\\Pipeline\\{closure}()
#43 /home/oqrkrpbs/offices.topdealhot.com/vendor/laravel/framework/src/Illuminate/Pipeline/Pipeline.php(183): Illuminate\\Cookie\\Middleware\\EncryptCookies->handle()
#44 /home/oqrkrpbs/offices.topdealhot.com/platform/plugins/language/src/Http/Middleware/LocalizationRedirectFilter.php(51): Illuminate\\Pipeline\\Pipeline->Illuminate\\Pipeline\\{closure}()
#45 /home/oqrkrpbs/offices.topdealhot.com/vendor/laravel/framework/src/Illuminate/Pipeline/Pipeline.php(183): Botble\\Language\\Http\\Middleware\\LocalizationRedirectFilter->handle()
#46 /home/oqrkrpbs/offices.topdealhot.com/platform/plugins/language/src/Http/Middleware/LocaleSessionRedirect.php(71): Illuminate\\Pipeline\\Pipeline->Illuminate\\Pipeline\\{closure}()
#47 /home/oqrkrpbs/offices.topdealhot.com/vendor/laravel/framework/src/Illuminate/Pipeline/Pipeline.php(183): Botble\\Language\\Http\\Middleware\\LocaleSessionRedirect->handle()
#48 /home/oqrkrpbs/offices.topdealhot.com/vendor/laravel/framework/src/Illuminate/Pipeline/Pipeline.php(119): Illuminate\\Pipeline\\Pipeline->Illuminate\\Pipeline\\{closure}()
#49 /home/oqrkrpbs/offices.topdealhot.com/vendor/laravel/framework/src/Illuminate/Routing/Router.php(807): Illuminate\\Pipeline\\Pipeline->then()
#50 /home/oqrkrpbs/offices.topdealhot.com/vendor/laravel/framework/src/Illuminate/Routing/Router.php(784): Illuminate\\Routing\\Router->runRouteWithinStack()
#51 /home/oqrkrpbs/offices.topdealhot.com/vendor/laravel/framework/src/Illuminate/Routing/Router.php(748): Illuminate\\Routing\\Router->runRoute()
#52 /home/oqrkrpbs/offices.topdealhot.com/vendor/laravel/framework/src/Illuminate/Routing/Router.php(737): Illuminate\\Routing\\Router->dispatchToRoute()
#53 /home/oqrkrpbs/offices.topdealhot.com/vendor/laravel/framework/src/Illuminate/Foundation/Http/Kernel.php(200): Illuminate\\Routing\\Router->dispatch()
#54 /home/oqrkrpbs/offices.topdealhot.com/vendor/laravel/framework/src/Illuminate/Pipeline/Pipeline.php(144): Illuminate\\Foundation\\Http\\Kernel->Illuminate\\Foundation\\Http\\{closure}()
#55 /home/oqrkrpbs/offices.topdealhot.com/vendor/botble/platform/js-validation/src/RemoteValidationMiddleware.php(43): Illuminate\\Pipeline\\Pipeline->Illuminate\\Pipeline\\{closure}()
#56 /home/oqrkrpbs/offices.topdealhot.com/vendor/laravel/framework/src/Illuminate/Pipeline/Pipeline.php(183): Botble\\JsValidation\\RemoteValidationMiddleware->handle()
#57 /home/oqrkrpbs/offices.topdealhot.com/vendor/laravel/framework/src/Illuminate/Foundation/Http/Middleware/TransformsRequest.php(21): Illuminate\\Pipeline\\Pipeline->Illuminate\\Pipeline\\{closure}()
#58 /home/oqrkrpbs/offices.topdealhot.com/vendor/laravel/framework/src/Illuminate/Foundation/Http/Middleware/ConvertEmptyStringsToNull.php(31): Illuminate\\Foundation\\Http\\Middleware\\TransformsRequest->handle()
#59 /home/oqrkrpbs/offices.topdealhot.com/vendor/laravel/framework/src/Illuminate/Pipeline/Pipeline.php(183): Illuminate\\Foundation\\Http\\Middleware\\ConvertEmptyStringsToNull->handle()
#60 /home/oqrkrpbs/offices.topdealhot.com/vendor/laravel/framework/src/Illuminate/Foundation/Http/Middleware/TransformsRequest.php(21): Illuminate\\Pipeline\\Pipeline->Illuminate\\Pipeline\\{closure}()
#61 /home/oqrkrpbs/offices.topdealhot.com/vendor/laravel/framework/src/Illuminate/Foundation/Http/Middleware/TrimStrings.php(40): Illuminate\\Foundation\\Http\\Middleware\\TransformsRequest->handle()
#62 /home/oqrkrpbs/offices.topdealhot.com/vendor/laravel/framework/src/Illuminate/Pipeline/Pipeline.php(183): Illuminate\\Foundation\\Http\\Middleware\\TrimStrings->handle()
#63 /home/oqrkrpbs/offices.topdealhot.com/vendor/laravel/framework/src/Illuminate/Foundation/Http/Middleware/ValidatePostSize.php(27): Illuminate\\Pipeline\\Pipeline->Illuminate\\Pipeline\\{closure}()
#64 /home/oqrkrpbs/offices.topdealhot.com/vendor/laravel/framework/src/Illuminate/Pipeline/Pipeline.php(183): Illuminate\\Foundation\\Http\\Middleware\\ValidatePostSize->handle()
#65 /home/oqrkrpbs/offices.topdealhot.com/vendor/laravel/framework/src/Illuminate/Foundation/Http/Middleware/PreventRequestsDuringMaintenance.php(99): Illuminate\\Pipeline\\Pipeline->Illuminate\\Pipeline\\{closure}()
#66 /home/oqrkrpbs/offices.topdealhot.com/vendor/laravel/framework/src/Illuminate/Pipeline/Pipeline.php(183): Illuminate\\Foundation\\Http\\Middleware\\PreventRequestsDuringMaintenance->handle()
#67 /home/oqrkrpbs/offices.topdealhot.com/vendor/laravel/framework/src/Illuminate/Http/Middleware/HandleCors.php(49): Illuminate\\Pipeline\\Pipeline->Illuminate\\Pipeline\\{closure}()
#68 /home/oqrkrpbs/offices.topdealhot.com/vendor/laravel/framework/src/Illuminate/Pipeline/Pipeline.php(183): Illuminate\\Http\\Middleware\\HandleCors->handle()
#69 /home/oqrkrpbs/offices.topdealhot.com/vendor/laravel/framework/src/Illuminate/Http/Middleware/TrustProxies.php(39): Illuminate\\Pipeline\\Pipeline->Illuminate\\Pipeline\\{closure}()
#70 /home/oqrkrpbs/offices.topdealhot.com/vendor/laravel/framework/src/Illuminate/Pipeline/Pipeline.php(183): Illuminate\\Http\\Middleware\\TrustProxies->handle()
#71 /home/oqrkrpbs/offices.topdealhot.com/vendor/laravel/framework/src/Illuminate/Pipeline/Pipeline.php(119): Illuminate\\Pipeline\\Pipeline->Illuminate\\Pipeline\\{closure}()
#72 /home/oqrkrpbs/offices.topdealhot.com/vendor/laravel/framework/src/Illuminate/Foundation/Http/Kernel.php(175): Illuminate\\Pipeline\\Pipeline->then()
#73 /home/oqrkrpbs/offices.topdealhot.com/vendor/laravel/framework/src/Illuminate/Foundation/Http/Kernel.php(144): Illuminate\\Foundation\\Http\\Kernel->sendRequestThroughRouter()
#74 /home/oqrkrpbs/offices.topdealhot.com/public/index.php(56): Illuminate\\Foundation\\Http\\Kernel->handle()
#75 {main}

[previous exception] [object] (Illuminate\\View\\ViewException(code: 0): Undefined constant \"properties\" (View: /home/oqrkrpbs/offices.topdealhot.com/platform/themes/resido/views/real-estate/includes/properties-list.blade.php) at /home/oqrkrpbs/offices.topdealhot.com/storage/framework/views/27ab3ca2bb49b3fdccd27f97042e9a82.php:66)
[stacktrace]
#0 /home/oqrkrpbs/offices.topdealhot.com/vendor/laravel/framework/src/Illuminate/View/Engines/PhpEngine.php(60): Illuminate\\View\\Engines\\CompilerEngine->handleViewException()
#1 /home/oqrkrpbs/offices.topdealhot.com/vendor/laravel/framework/src/Illuminate/View/Engines/CompilerEngine.php(72): Illuminate\\View\\Engines\\PhpEngine->evaluatePath()
#2 /home/oqrkrpbs/offices.topdealhot.com/vendor/laravel/framework/src/Illuminate/View/View.php(207): Illuminate\\View\\Engines\\CompilerEngine->get()
#3 /home/oqrkrpbs/offices.topdealhot.com/vendor/botble/shortcode/src/View/View.php(50): Illuminate\\View\\View->getContents()
#4 /home/oqrkrpbs/offices.topdealhot.com/vendor/laravel/framework/src/Illuminate/View/View.php(159): Botble\\Shortcode\\View\\View->renderContents()
#5 /home/oqrkrpbs/offices.topdealhot.com/storage/framework/views/992a8199c11081ec71d2ae082b0f7677.php(16): Illuminate\\View\\View->render()
#6 /home/oqrkrpbs/offices.topdealhot.com/vendor/laravel/framework/src/Illuminate/Filesystem/Filesystem.php(124): require('/home/oqrkrpbs/...')
#7 /home/oqrkrpbs/offices.topdealhot.com/vendor/laravel/framework/src/Illuminate/Filesystem/Filesystem.php(125): Illuminate\\Filesystem\\Filesystem::Illuminate\\Filesystem\\{closure}()
#8 /home/oqrkrpbs/offices.topdealhot.com/vendor/laravel/framework/src/Illuminate/View/Engines/PhpEngine.php(58): Illuminate\\Filesystem\\Filesystem->getRequire()
#9 /home/oqrkrpbs/offices.topdealhot.com/vendor/laravel/framework/src/Illuminate/View/Engines/CompilerEngine.php(72): Illuminate\\View\\Engines\\PhpEngine->evaluatePath()
#10 /home/oqrkrpbs/offices.topdealhot.com/vendor/laravel/framework/src/Illuminate/View/View.php(207): Illuminate\\View\\Engines\\CompilerEngine->get()
#11 /home/oqrkrpbs/offices.topdealhot.com/vendor/botble/shortcode/src/View/View.php(50): Illuminate\\View\\View->getContents()
#12 /home/oqrkrpbs/offices.topdealhot.com/vendor/laravel/framework/src/Illuminate/View/View.php(159): Botble\\Shortcode\\View\\View->renderContents()
#13 /home/oqrkrpbs/offices.topdealhot.com/vendor/botble/theme/src/Theme.php(617): Illuminate\\View\\View->render()
#14 /home/oqrkrpbs/offices.topdealhot.com/vendor/botble/theme/src/Theme.php(597): Botble\\Theme\\Theme->setUpContent()
#15 /home/oqrkrpbs/offices.topdealhot.com/vendor/laravel/framework/src/Illuminate/Support/Facades/Facade.php(355): Botble\\Theme\\Theme->scope()
#16 /home/oqrkrpbs/offices.topdealhot.com/vendor/botble/theme/src/Http/Controllers/PublicController.php(89): Illuminate\\Support\\Facades\\Facade::__callStatic()
#17 /home/oqrkrpbs/offices.topdealhot.com/vendor/botble/theme/src/Http/Controllers/PublicController.php(119): Botble\\Theme\\Http\\Controllers\\PublicController->getView()
#18 /home/oqrkrpbs/offices.topdealhot.com/vendor/laravel/framework/src/Illuminate/Routing/Controller.php(54): Botble\\Theme\\Http\\Controllers\\PublicController->getViewWithPrefix()
#19 /home/oqrkrpbs/offices.topdealhot.com/vendor/laravel/framework/src/Illuminate/Routing/ControllerDispatcher.php(43): Illuminate\\Routing\\Controller->callAction()
#20 /home/oqrkrpbs/offices.topdealhot.com/vendor/laravel/framework/src/Illuminate/Routing/Route.php(260): Illuminate\\Routing\\ControllerDispatcher->dispatch()
#21 /home/oqrkrpbs/offices.topdealhot.com/vendor/laravel/framework/src/Illuminate/Routing/Route.php(205): Illuminate\\Routing\\Route->runController()
#22 /home/oqrkrpbs/offices.topdealhot.com/vendor/laravel/framework/src/Illuminate/Routing/Router.php(806): Illuminate\\Routing\\Route->run()
#23 /home/oqrkrpbs/offices.topdealhot.com/vendor/laravel/framework/src/Illuminate/Pipeline/Pipeline.php(144): Illuminate\\Routing\\Router->Illuminate\\Routing\\{closure}()
#24 /home/oqrkrpbs/offices.topdealhot.com/vendor/botble/platform/base/src/Http/Middleware/CoreMiddleware.php(17): Illuminate\\Pipeline\\Pipeline->Illuminate\\Pipeline\\{closure}()
#25 /home/oqrkrpbs/offices.topdealhot.com/vendor/laravel/framework/src/Illuminate/Pipeline/Pipeline.php(144): Botble\\Base\\Http\\Middleware\\CoreMiddleware->Botble\\Base\\Http\\Middleware\\{closure}()
#26 /home/oqrkrpbs/offices.topdealhot.com/vendor/botble/platform/base/src/Http/Middleware/EnsureLicenseHasBeenActivated.php(24): Illuminate\\Pipeline\\Pipeline->Illuminate\\Pipeline\\{closure}()
#27 /home/oqrkrpbs/offices.topdealhot.com/vendor/laravel/framework/src/Illuminate/Pipeline/Pipeline.php(183): Botble\\Base\\Http\\Middleware\\EnsureLicenseHasBeenActivated->handle()
#28 /home/oqrkrpbs/offices.topdealhot.com/vendor/laravel/framework/src/Illuminate/Pipeline/Pipeline.php(119): Illuminate\\Pipeline\\Pipeline->Illuminate\\Pipeline\\{closure}()
#29 /home/oqrkrpbs/offices.topdealhot.com/vendor/botble/platform/base/src/Http/Middleware/CoreMiddleware.php(18): Illuminate\\Pipeline\\Pipeline->then()
#30 /home/oqrkrpbs/offices.topdealhot.com/vendor/laravel/framework/src/Illuminate/Pipeline/Pipeline.php(183): Botble\\Base\\Http\\Middleware\\CoreMiddleware->handle()
#31 /home/oqrkrpbs/offices.topdealhot.com/vendor/botble/platform/base/src/Http/Middleware/HttpsProtocolMiddleware.php(16): Illuminate\\Pipeline\\Pipeline->Illuminate\\Pipeline\\{closure}()
#32 /home/oqrkrpbs/offices.topdealhot.com/vendor/laravel/framework/src/Illuminate/Pipeline/Pipeline.php(183): Botble\\Base\\Http\\Middleware\\HttpsProtocolMiddleware->handle()
#33 /home/oqrkrpbs/offices.topdealhot.com/vendor/botble/platform/base/src/Http/Middleware/AdminLocaleMiddleware.php(17): Illuminate\\Pipeline\\Pipeline->Illuminate\\Pipeline\\{closure}()
#34 /home/oqrkrpbs/offices.topdealhot.com/vendor/laravel/framework/src/Illuminate/Pipeline/Pipeline.php(183): Botble\\Base\\Http\\Middleware\\AdminLocaleMiddleware->handle()
#35 /home/oqrkrpbs/offices.topdealhot.com/vendor/botble/platform/base/src/Http/Middleware/LocaleMiddleware.php(29): Illuminate\\Pipeline\\Pipeline->Illuminate\\Pipeline\\{closure}()
#36 /home/oqrkrpbs/offices.topdealhot.com/vendor/laravel/framework/src/Illuminate/Pipeline/Pipeline.php(183): Botble\\Base\\Http\\Middleware\\LocaleMiddleware->handle()
#37 /home/oqrkrpbs/offices.topdealhot.com/vendor/botble/installer/src/Http/Middleware/RedirectIfNotInstalledMiddleware.php(17): Illuminate\\Pipeline\\Pipeline->Illuminate\\Pipeline\\{closure}()
#38 /home/oqrkrpbs/offices.topdealhot.com/vendor/laravel/framework/src/Illuminate/Pipeline/Pipeline.php(183): Botble\\Installer\\Http\\Middleware\\RedirectIfNotInstalledMiddleware->handle()
#39 /home/oqrkrpbs/offices.topdealhot.com/vendor/laravel/framework/src/Illuminate/Routing/Middleware/SubstituteBindings.php(50): Illuminate\\Pipeline\\Pipeline->Illuminate\\Pipeline\\{closure}()
#40 /home/oqrkrpbs/offices.topdealhot.com/vendor/laravel/framework/src/Illuminate/Pipeline/Pipeline.php(183): Illuminate\\Routing\\Middleware\\SubstituteBindings->handle()
#41 /home/oqrkrpbs/offices.topdealhot.com/vendor/laravel/framework/src/Illuminate/Foundation/Http/Middleware/VerifyCsrfToken.php(78): Illuminate\\Pipeline\\Pipeline->Illuminate\\Pipeline\\{closure}()
#42 /home/oqrkrpbs/offices.topdealhot.com/vendor/laravel/framework/src/Illuminate/Pipeline/Pipeline.php(183): Illuminate\\Foundation\\Http\\Middleware\\VerifyCsrfToken->handle()
#43 /home/oqrkrpbs/offices.topdealhot.com/vendor/laravel/framework/src/Illuminate/View/Middleware/ShareErrorsFromSession.php(49): Illuminate\\Pipeline\\Pipeline->Illuminate\\Pipeline\\{closure}()
#44 /home/oqrkrpbs/offices.topdealhot.com/vendor/laravel/framework/src/Illuminate/Pipeline/Pipeline.php(183): Illuminate\\View\\Middleware\\ShareErrorsFromSession->handle()
#45 /home/oqrkrpbs/offices.topdealhot.com/vendor/laravel/framework/src/Illuminate/Session/Middleware/StartSession.php(121): Illuminate\\Pipeline\\Pipeline->Illuminate\\Pipeline\\{closure}()
#46 /home/oqrkrpbs/offices.topdealhot.com/vendor/laravel/framework/src/Illuminate/Session/Middleware/StartSession.php(64): Illuminate\\Session\\Middleware\\StartSession->handleStatefulRequest()
#47 /home/oqrkrpbs/offices.topdealhot.com/vendor/laravel/framework/src/Illuminate/Pipeline/Pipeline.php(183): Illuminate\\Session\\Middleware\\StartSession->handle()
#48 /home/oqrkrpbs/offices.topdealhot.com/vendor/laravel/framework/src/Illuminate/Cookie/Middleware/AddQueuedCookiesToResponse.php(37): Illuminate\\Pipeline\\Pipeline->Illuminate\\Pipeline\\{closure}()
#49 /home/oqrkrpbs/offices.topdealhot.com/vendor/laravel/framework/src/Illuminate/Pipeline/Pipeline.php(183): Illuminate\\Cookie\\Middleware\\AddQueuedCookiesToResponse->handle()
#50 /home/oqrkrpbs/offices.topdealhot.com/vendor/laravel/framework/src/Illuminate/Cookie/Middleware/EncryptCookies.php(67): Illuminate\\Pipeline\\Pipeline->Illuminate\\Pipeline\\{closure}()
#51 /home/oqrkrpbs/offices.topdealhot.com/vendor/laravel/framework/src/Illuminate/Pipeline/Pipeline.php(183): Illuminate\\Cookie\\Middleware\\EncryptCookies->handle()
#52 /home/oqrkrpbs/offices.topdealhot.com/platform/plugins/language/src/Http/Middleware/LocalizationRedirectFilter.php(51): Illuminate\\Pipeline\\Pipeline->Illuminate\\Pipeline\\{closure}()
#53 /home/oqrkrpbs/offices.topdealhot.com/vendor/laravel/framework/src/Illuminate/Pipeline/Pipeline.php(183): Botble\\Language\\Http\\Middleware\\LocalizationRedirectFilter->handle()
#54 /home/oqrkrpbs/offices.topdealhot.com/platform/plugins/language/src/Http/Middleware/LocaleSessionRedirect.php(71): Illuminate\\Pipeline\\Pipeline->Illuminate\\Pipeline\\{closure}()
#55 /home/oqrkrpbs/offices.topdealhot.com/vendor/laravel/framework/src/Illuminate/Pipeline/Pipeline.php(183): Botble\\Language\\Http\\Middleware\\LocaleSessionRedirect->handle()
#56 /home/oqrkrpbs/offices.topdealhot.com/vendor/laravel/framework/src/Illuminate/Pipeline/Pipeline.php(119): Illuminate\\Pipeline\\Pipeline->Illuminate\\Pipeline\\{closure}()
#57 /home/oqrkrpbs/offices.topdealhot.com/vendor/laravel/framework/src/Illuminate/Routing/Router.php(807): Illuminate\\Pipeline\\Pipeline->then()
#58 /home/oqrkrpbs/offices.topdealhot.com/vendor/laravel/framework/src/Illuminate/Routing/Router.php(784): Illuminate\\Routing\\Router->runRouteWithinStack()
#59 /home/oqrkrpbs/offices.topdealhot.com/vendor/laravel/framework/src/Illuminate/Routing/Router.php(748): Illuminate\\Routing\\Router->runRoute()
#60 /home/oqrkrpbs/offices.topdealhot.com/vendor/laravel/framework/src/Illuminate/Routing/Router.php(737): Illuminate\\Routing\\Router->dispatchToRoute()
#61 /home/oqrkrpbs/offices.topdealhot.com/vendor/laravel/framework/src/Illuminate/Foundation/Http/Kernel.php(200): Illuminate\\Routing\\Router->dispatch()
#62 /home/oqrkrpbs/offices.topdealhot.com/vendor/laravel/framework/src/Illuminate/Pipeline/Pipeline.php(144): Illuminate\\Foundation\\Http\\Kernel->Illuminate\\Foundation\\Http\\{closure}()
#63 /home/oqrkrpbs/offices.topdealhot.com/vendor/botble/platform/js-validation/src/RemoteValidationMiddleware.php(43): Illuminate\\Pipeline\\Pipeline->Illuminate\\Pipeline\\{closure}()
#64 /home/oqrkrpbs/offices.topdealhot.com/vendor/laravel/framework/src/Illuminate/Pipeline/Pipeline.php(183): Botble\\JsValidation\\RemoteValidationMiddleware->handle()
#65 /home/oqrkrpbs/offices.topdealhot.com/vendor/laravel/framework/src/Illuminate/Foundation/Http/Middleware/TransformsRequest.php(21): Illuminate\\Pipeline\\Pipeline->Illuminate\\Pipeline\\{closure}()
#66 /home/oqrkrpbs/offices.topdealhot.com/vendor/laravel/framework/src/Illuminate/Foundation/Http/Middleware/ConvertEmptyStringsToNull.php(31): Illuminate\\Foundation\\Http\\Middleware\\TransformsRequest->handle()
#67 /home/oqrkrpbs/offices.topdealhot.com/vendor/laravel/framework/src/Illuminate/Pipeline/Pipeline.php(183): Illuminate\\Foundation\\Http\\Middleware\\ConvertEmptyStringsToNull->handle()
#68 /home/oqrkrpbs/offices.topdealhot.com/vendor/laravel/framework/src/Illuminate/Foundation/Http/Middleware/TransformsRequest.php(21): Illuminate\\Pipeline\\Pipeline->Illuminate\\Pipeline\\{closure}()
#69 /home/oqrkrpbs/offices.topdealhot.com/vendor/laravel/framework/src/Illuminate/Foundation/Http/Middleware/TrimStrings.php(40): Illuminate\\Foundation\\Http\\Middleware\\TransformsRequest->handle()
#70 /home/oqrkrpbs/offices.topdealhot.com/vendor/laravel/framework/src/Illuminate/Pipeline/Pipeline.php(183): Illuminate\\Foundation\\Http\\Middleware\\TrimStrings->handle()
#71 /home/oqrkrpbs/offices.topdealhot.com/vendor/laravel/framework/src/Illuminate/Foundation/Http/Middleware/ValidatePostSize.php(27): Illuminate\\Pipeline\\Pipeline->Illuminate\\Pipeline\\{closure}()
#72 /home/oqrkrpbs/offices.topdealhot.com/vendor/laravel/framework/src/Illuminate/Pipeline/Pipeline.php(183): Illuminate\\Foundation\\Http\\Middleware\\ValidatePostSize->handle()
#73 /home/oqrkrpbs/offices.topdealhot.com/vendor/laravel/framework/src/Illuminate/Foundation/Http/Middleware/PreventRequestsDuringMaintenance.php(99): Illuminate\\Pipeline\\Pipeline->Illuminate\\Pipeline\\{closure}()
#74 /home/oqrkrpbs/offices.topdealhot.com/vendor/laravel/framework/src/Illuminate/Pipeline/Pipeline.php(183): Illuminate\\Foundation\\Http\\Middleware\\PreventRequestsDuringMaintenance->handle()
#75 /home/oqrkrpbs/offices.topdealhot.com/vendor/laravel/framework/src/Illuminate/Http/Middleware/HandleCors.php(49): Illuminate\\Pipeline\\Pipeline->Illuminate\\Pipeline\\{closure}()
#76 /home/oqrkrpbs/offices.topdealhot.com/vendor/laravel/framework/src/Illuminate/Pipeline/Pipeline.php(183): Illuminate\\Http\\Middleware\\HandleCors->handle()
#77 /home/oqrkrpbs/offices.topdealhot.com/vendor/laravel/framework/src/Illuminate/Http/Middleware/TrustProxies.php(39): Illuminate\\Pipeline\\Pipeline->Illuminate\\Pipeline\\{closure}()
#78 /home/oqrkrpbs/offices.topdealhot.com/vendor/laravel/framework/src/Illuminate/Pipeline/Pipeline.php(183): Illuminate\\Http\\Middleware\\TrustProxies->handle()
#79 /home/oqrkrpbs/offices.topdealhot.com/vendor/laravel/framework/src/Illuminate/Pipeline/Pipeline.php(119): Illuminate\\Pipeline\\Pipeline->Illuminate\\Pipeline\\{closure}()
#80 /home/oqrkrpbs/offices.topdealhot.com/vendor/laravel/framework/src/Illuminate/Foundation/Http/Kernel.php(175): Illuminate\\Pipeline\\Pipeline->then()
#81 /home/oqrkrpbs/offices.topdealhot.com/vendor/laravel/framework/src/Illuminate/Foundation/Http/Kernel.php(144): Illuminate\\Foundation\\Http\\Kernel->sendRequestThroughRouter()
#82 /home/oqrkrpbs/offices.topdealhot.com/public/index.php(56): Illuminate\\Foundation\\Http\\Kernel->handle()
#83 {main}

[previous exception] [object] (Error(code: 0): Undefined constant \"properties\" at /home/oqrkrpbs/offices.topdealhot.com/storage/framework/views/27ab3ca2bb49b3fdccd27f97042e9a82.php:66)
[stacktrace]
#0 /home/oqrkrpbs/offices.topdealhot.com/vendor/laravel/framework/src/Illuminate/Filesystem/Filesystem.php(124): require()
#1 /home/oqrkrpbs/offices.topdealhot.com/vendor/laravel/framework/src/Illuminate/Filesystem/Filesystem.php(125): Illuminate\\Filesystem\\Filesystem::Illuminate\\Filesystem\\{closure}()
#2 /home/oqrkrpbs/offices.topdealhot.com/vendor/laravel/framework/src/Illuminate/View/Engines/PhpEngine.php(58): Illuminate\\Filesystem\\Filesystem->getRequire()
#3 /home/oqrkrpbs/offices.topdealhot.com/vendor/laravel/framework/src/Illuminate/View/Engines/CompilerEngine.php(72): Illuminate\\View\\Engines\\PhpEngine->evaluatePath()
#4 /home/oqrkrpbs/offices.topdealhot.com/vendor/laravel/framework/src/Illuminate/View/View.php(207): Illuminate\\View\\Engines\\CompilerEngine->get()
#5 /home/oqrkrpbs/offices.topdealhot.com/vendor/botble/shortcode/src/View/View.php(50): Illuminate\\View\\View->getContents()
#6 /home/oqrkrpbs/offices.topdealhot.com/vendor/laravel/framework/src/Illuminate/View/View.php(159): Botble\\Shortcode\\View\\View->renderContents()
#7 /home/oqrkrpbs/offices.topdealhot.com/storage/framework/views/992a8199c11081ec71d2ae082b0f7677.php(16): Illuminate\\View\\View->render()
#8 /home/oqrkrpbs/offices.topdealhot.com/vendor/laravel/framework/src/Illuminate/Filesystem/Filesystem.php(124): require('/home/oqrkrpbs/...')
#9 /home/oqrkrpbs/offices.topdealhot.com/vendor/laravel/framework/src/Illuminate/Filesystem/Filesystem.php(125): Illuminate\\Filesystem\\Filesystem::Illuminate\\Filesystem\\{closure}()
#10 /home/oqrkrpbs/offices.topdealhot.com/vendor/laravel/framework/src/Illuminate/View/Engines/PhpEngine.php(58): Illuminate\\Filesystem\\Filesystem->getRequire()
#11 /home/oqrkrpbs/offices.topdealhot.com/vendor/laravel/framework/src/Illuminate/View/Engines/CompilerEngine.php(72): Illuminate\\View\\Engines\\PhpEngine->evaluatePath()
#12 /home/oqrkrpbs/offices.topdealhot.com/vendor/laravel/framework/src/Illuminate/View/View.php(207): Illuminate\\View\\Engines\\CompilerEngine->get()
#13 /home/oqrkrpbs/offices.topdealhot.com/vendor/botble/shortcode/src/View/View.php(50): Illuminate\\View\\View->getContents()
#14 /home/oqrkrpbs/offices.topdealhot.com/vendor/laravel/framework/src/Illuminate/View/View.php(159): Botble\\Shortcode\\View\\View->renderContents()
#15 /home/oqrkrpbs/offices.topdealhot.com/vendor/botble/theme/src/Theme.php(617): Illuminate\\View\\View->render()
#16 /home/oqrkrpbs/offices.topdealhot.com/vendor/botble/theme/src/Theme.php(597): Botble\\Theme\\Theme->setUpContent()
#17 /home/oqrkrpbs/offices.topdealhot.com/vendor/laravel/framework/src/Illuminate/Support/Facades/Facade.php(355): Botble\\Theme\\Theme->scope()
#18 /home/oqrkrpbs/offices.topdealhot.com/vendor/botble/theme/src/Http/Controllers/PublicController.php(89): Illuminate\\Support\\Facades\\Facade::__callStatic()
#19 /home/oqrkrpbs/offices.topdealhot.com/vendor/botble/theme/src/Http/Controllers/PublicController.php(119): Botble\\Theme\\Http\\Controllers\\PublicController->getView()
#20 /home/oqrkrpbs/offices.topdealhot.com/vendor/laravel/framework/src/Illuminate/Routing/Controller.php(54): Botble\\Theme\\Http\\Controllers\\PublicController->getViewWithPrefix()
#21 /home/oqrkrpbs/offices.topdealhot.com/vendor/laravel/framework/src/Illuminate/Routing/ControllerDispatcher.php(43): Illuminate\\Routing\\Controller->callAction()
#22 /home/oqrkrpbs/offices.topdealhot.com/vendor/laravel/framework/src/Illuminate/Routing/Route.php(260): Illuminate\\Routing\\ControllerDispatcher->dispatch()
#23 /home/oqrkrpbs/offices.topdealhot.com/vendor/laravel/framework/src/Illuminate/Routing/Route.php(205): Illuminate\\Routing\\Route->runController()
#24 /home/oqrkrpbs/offices.topdealhot.com/vendor/laravel/framework/src/Illuminate/Routing/Router.php(806): Illuminate\\Routing\\Route->run()
#25 /home/oqrkrpbs/offices.topdealhot.com/vendor/laravel/framework/src/Illuminate/Pipeline/Pipeline.php(144): Illuminate\\Routing\\Router->Illuminate\\Routing\\{closure}()
#26 /home/oqrkrpbs/offices.topdealhot.com/vendor/botble/platform/base/src/Http/Middleware/CoreMiddleware.php(17): Illuminate\\Pipeline\\Pipeline->Illuminate\\Pipeline\\{closure}()
#27 /home/oqrkrpbs/offices.topdealhot.com/vendor/laravel/framework/src/Illuminate/Pipeline/Pipeline.php(144): Botble\\Base\\Http\\Middleware\\CoreMiddleware->Botble\\Base\\Http\\Middleware\\{closure}()
#28 /home/oqrkrpbs/offices.topdealhot.com/vendor/botble/platform/base/src/Http/Middleware/EnsureLicenseHasBeenActivated.php(24): Illuminate\\Pipeline\\Pipeline->Illuminate\\Pipeline\\{closure}()
#29 /home/oqrkrpbs/offices.topdealhot.com/vendor/laravel/framework/src/Illuminate/Pipeline/Pipeline.php(183): Botble\\Base\\Http\\Middleware\\EnsureLicenseHasBeenActivated->handle()
#30 /home/oqrkrpbs/offices.topdealhot.com/vendor/laravel/framework/src/Illuminate/Pipeline/Pipeline.php(119): Illuminate\\Pipeline\\Pipeline->Illuminate\\Pipeline\\{closure}()
#31 /home/oqrkrpbs/offices.topdealhot.com/vendor/botble/platform/base/src/Http/Middleware/CoreMiddleware.php(18): Illuminate\\Pipeline\\Pipeline->then()
#32 /home/oqrkrpbs/offices.topdealhot.com/vendor/laravel/framework/src/Illuminate/Pipeline/Pipeline.php(183): Botble\\Base\\Http\\Middleware\\CoreMiddleware->handle()
#33 /home/oqrkrpbs/offices.topdealhot.com/vendor/botble/platform/base/src/Http/Middleware/HttpsProtocolMiddleware.php(16): Illuminate\\Pipeline\\Pipeline->Illuminate\\Pipeline\\{closure}()
#34 /home/oqrkrpbs/offices.topdealhot.com/vendor/laravel/framework/src/Illuminate/Pipeline/Pipeline.php(183): Botble\\Base\\Http\\Middleware\\HttpsProtocolMiddleware->handle()
#35 /home/oqrkrpbs/offices.topdealhot.com/vendor/botble/platform/base/src/Http/Middleware/AdminLocaleMiddleware.php(17): Illuminate\\Pipeline\\Pipeline->Illuminate\\Pipeline\\{closure}()
#36 /home/oqrkrpbs/offices.topdealhot.com/vendor/laravel/framework/src/Illuminate/Pipeline/Pipeline.php(183): Botble\\Base\\Http\\Middleware\\AdminLocaleMiddleware->handle()
#37 /home/oqrkrpbs/offices.topdealhot.com/vendor/botble/platform/base/src/Http/Middleware/LocaleMiddleware.php(29): Illuminate\\Pipeline\\Pipeline->Illuminate\\Pipeline\\{closure}()
#38 /home/oqrkrpbs/offices.topdealhot.com/vendor/laravel/framework/src/Illuminate/Pipeline/Pipeline.php(183): Botble\\Base\\Http\\Middleware\\LocaleMiddleware->handle()
#39 /home/oqrkrpbs/offices.topdealhot.com/vendor/botble/installer/src/Http/Middleware/RedirectIfNotInstalledMiddleware.php(17): Illuminate\\Pipeline\\Pipeline->Illuminate\\Pipeline\\{closure}()
#40 /home/oqrkrpbs/offices.topdealhot.com/vendor/laravel/framework/src/Illuminate/Pipeline/Pipeline.php(183): Botble\\Installer\\Http\\Middleware\\RedirectIfNotInstalledMiddleware->handle()
#41 /home/oqrkrpbs/offices.topdealhot.com/vendor/laravel/framework/src/Illuminate/Routing/Middleware/SubstituteBindings.php(50): Illuminate\\Pipeline\\Pipeline->Illuminate\\Pipeline\\{closure}()
#42 /home/oqrkrpbs/offices.topdealhot.com/vendor/laravel/framework/src/Illuminate/Pipeline/Pipeline.php(183): Illuminate\\Routing\\Middleware\\SubstituteBindings->handle()
#43 /home/oqrkrpbs/offices.topdealhot.com/vendor/laravel/framework/src/Illuminate/Foundation/Http/Middleware/VerifyCsrfToken.php(78): Illuminate\\Pipeline\\Pipeline->Illuminate\\Pipeline\\{closure}()
#44 /home/oqrkrpbs/offices.topdealhot.com/vendor/laravel/framework/src/Illuminate/Pipeline/Pipeline.php(183): Illuminate\\Foundation\\Http\\Middleware\\VerifyCsrfToken->handle()
#45 /home/oqrkrpbs/offices.topdealhot.com/vendor/laravel/framework/src/Illuminate/View/Middleware/ShareErrorsFromSession.php(49): Illuminate\\Pipeline\\Pipeline->Illuminate\\Pipeline\\{closure}()
#46 /home/oqrkrpbs/offices.topdealhot.com/vendor/laravel/framework/src/Illuminate/Pipeline/Pipeline.php(183): Illuminate\\View\\Middleware\\ShareErrorsFromSession->handle()
#47 /home/oqrkrpbs/offices.topdealhot.com/vendor/laravel/framework/src/Illuminate/Session/Middleware/StartSession.php(121): Illuminate\\Pipeline\\Pipeline->Illuminate\\Pipeline\\{closure}()
#48 /home/oqrkrpbs/offices.topdealhot.com/vendor/laravel/framework/src/Illuminate/Session/Middleware/StartSession.php(64): Illuminate\\Session\\Middleware\\StartSession->handleStatefulRequest()
#49 /home/oqrkrpbs/offices.topdealhot.com/vendor/laravel/framework/src/Illuminate/Pipeline/Pipeline.php(183): Illuminate\\Session\\Middleware\\StartSession->handle()
#50 /home/oqrkrpbs/offices.topdealhot.com/vendor/laravel/framework/src/Illuminate/Cookie/Middleware/AddQueuedCookiesToResponse.php(37): Illuminate\\Pipeline\\Pipeline->Illuminate\\Pipeline\\{closure}()
#51 /home/oqrkrpbs/offices.topdealhot.com/vendor/laravel/framework/src/Illuminate/Pipeline/Pipeline.php(183): Illuminate\\Cookie\\Middleware\\AddQueuedCookiesToResponse->handle()
#52 /home/oqrkrpbs/offices.topdealhot.com/vendor/laravel/framework/src/Illuminate/Cookie/Middleware/EncryptCookies.php(67): Illuminate\\Pipeline\\Pipeline->Illuminate\\Pipeline\\{closure}()
#53 /home/oqrkrpbs/offices.topdealhot.com/vendor/laravel/framework/src/Illuminate/Pipeline/Pipeline.php(183): Illuminate\\Cookie\\Middleware\\EncryptCookies->handle()
#54 /home/oqrkrpbs/offices.topdealhot.com/platform/plugins/language/src/Http/Middleware/LocalizationRedirectFilter.php(51): Illuminate\\Pipeline\\Pipeline->Illuminate\\Pipeline\\{closure}()
#55 /home/oqrkrpbs/offices.topdealhot.com/vendor/laravel/framework/src/Illuminate/Pipeline/Pipeline.php(183): Botble\\Language\\Http\\Middleware\\LocalizationRedirectFilter->handle()
#56 /home/oqrkrpbs/offices.topdealhot.com/platform/plugins/language/src/Http/Middleware/LocaleSessionRedirect.php(71): Illuminate\\Pipeline\\Pipeline->Illuminate\\Pipeline\\{closure}()
#57 /home/oqrkrpbs/offices.topdealhot.com/vendor/laravel/framework/src/Illuminate/Pipeline/Pipeline.php(183): Botble\\Language\\Http\\Middleware\\LocaleSessionRedirect->handle()
#58 /home/oqrkrpbs/offices.topdealhot.com/vendor/laravel/framework/src/Illuminate/Pipeline/Pipeline.php(119): Illuminate\\Pipeline\\Pipeline->Illuminate\\Pipeline\\{closure}()
#59 /home/oqrkrpbs/offices.topdealhot.com/vendor/laravel/framework/src/Illuminate/Routing/Router.php(807): Illuminate\\Pipeline\\Pipeline->then()
#60 /home/oqrkrpbs/offices.topdealhot.com/vendor/laravel/framework/src/Illuminate/Routing/Router.php(784): Illuminate\\Routing\\Router->runRouteWithinStack()
#61 /home/oqrkrpbs/offices.topdealhot.com/vendor/laravel/framework/src/Illuminate/Routing/Router.php(748): Illuminate\\Routing\\Router->runRoute()
#62 /home/oqrkrpbs/offices.topdealhot.com/vendor/laravel/framework/src/Illuminate/Routing/Router.php(737): Illuminate\\Routing\\Router->dispatchToRoute()
#63 /home/oqrkrpbs/offices.topdealhot.com/vendor/laravel/framework/src/Illuminate/Foundation/Http/Kernel.php(200): Illuminate\\Routing\\Router->dispatch()
#64 /home/oqrkrpbs/offices.topdealhot.com/vendor/laravel/framework/src/Illuminate/Pipeline/Pipeline.php(144): Illuminate\\Foundation\\Http\\Kernel->Illuminate\\Foundation\\Http\\{closure}()
#65 /home/oqrkrpbs/offices.topdealhot.com/vendor/botble/platform/js-validation/src/RemoteValidationMiddleware.php(43): Illuminate\\Pipeline\\Pipeline->Illuminate\\Pipeline\\{closure}()
#66 /home/oqrkrpbs/offices.topdealhot.com/vendor/laravel/framework/src/Illuminate/Pipeline/Pipeline.php(183): Botble\\JsValidation\\RemoteValidationMiddleware->handle()
#67 /home/oqrkrpbs/offices.topdealhot.com/vendor/laravel/framework/src/Illuminate/Foundation/Http/Middleware/TransformsRequest.php(21): Illuminate\\Pipeline\\Pipeline->Illuminate\\Pipeline\\{closure}()
#68 /home/oqrkrpbs/offices.topdealhot.com/vendor/laravel/framework/src/Illuminate/Foundation/Http/Middleware/ConvertEmptyStringsToNull.php(31): Illuminate\\Foundation\\Http\\Middleware\\TransformsRequest->handle()
#69 /home/oqrkrpbs/offices.topdealhot.com/vendor/laravel/framework/src/Illuminate/Pipeline/Pipeline.php(183): Illuminate\\Foundation\\Http\\Middleware\\ConvertEmptyStringsToNull->handle()
#70 /home/oqrkrpbs/offices.topdealhot.com/vendor/laravel/framework/src/Illuminate/Foundation/Http/Middleware/TransformsRequest.php(21): Illuminate\\Pipeline\\Pipeline->Illuminate\\Pipeline\\{closure}()
#71 /home/oqrkrpbs/offices.topdealhot.com/vendor/laravel/framework/src/Illuminate/Foundation/Http/Middleware/TrimStrings.php(40): Illuminate\\Foundation\\Http\\Middleware\\TransformsRequest->handle()
#72 /home/oqrkrpbs/offices.topdealhot.com/vendor/laravel/framework/src/Illuminate/Pipeline/Pipeline.php(183): Illuminate\\Foundation\\Http\\Middleware\\TrimStrings->handle()
#73 /home/oqrkrpbs/offices.topdealhot.com/vendor/laravel/framework/src/Illuminate/Foundation/Http/Middleware/ValidatePostSize.php(27): Illuminate\\Pipeline\\Pipeline->Illuminate\\Pipeline\\{closure}()
#74 /home/oqrkrpbs/offices.topdealhot.com/vendor/laravel/framework/src/Illuminate/Pipeline/Pipeline.php(183): Illuminate\\Foundation\\Http\\Middleware\\ValidatePostSize->handle()
#75 /home/oqrkrpbs/offices.topdealhot.com/vendor/laravel/framework/src/Illuminate/Foundation/Http/Middleware/PreventRequestsDuringMaintenance.php(99): Illuminate\\Pipeline\\Pipeline->Illuminate\\Pipeline\\{closure}()
#76 /home/oqrkrpbs/offices.topdealhot.com/vendor/laravel/framework/src/Illuminate/Pipeline/Pipeline.php(183): Illuminate\\Foundation\\Http\\Middleware\\PreventRequestsDuringMaintenance->handle()
#77 /home/oqrkrpbs/offices.topdealhot.com/vendor/laravel/framework/src/Illuminate/Http/Middleware/HandleCors.php(49): Illuminate\\Pipeline\\Pipeline->Illuminate\\Pipeline\\{closure}()
#78 /home/oqrkrpbs/offices.topdealhot.com/vendor/laravel/framework/src/Illuminate/Pipeline/Pipeline.php(183): Illuminate\\Http\\Middleware\\HandleCors->handle()
#79 /home/oqrkrpbs/offices.topdealhot.com/vendor/laravel/framework/src/Illuminate/Http/Middleware/TrustProxies.php(39): Illuminate\\Pipeline\\Pipeline->Illuminate\\Pipeline\\{closure}()
#80 /home/oqrkrpbs/offices.topdealhot.com/vendor/laravel/framework/src/Illuminate/Pipeline/Pipeline.php(183): Illuminate\\Http\\Middleware\\TrustProxies->handle()
#81 /home/oqrkrpbs/offices.topdealhot.com/vendor/laravel/framework/src/Illuminate/Pipeline/Pipeline.php(119): Illuminate\\Pipeline\\Pipeline->Illuminate\\Pipeline\\{closure}()
#82 /home/oqrkrpbs/offices.topdealhot.com/vendor/laravel/framework/src/Illuminate/Foundation/Http/Kernel.php(175): Illuminate\\Pipeline\\Pipeline->then()
#83 /home/oqrkrpbs/offices.topdealhot.com/vendor/laravel/framework/src/Illuminate/Foundation/Http/Kernel.php(144): Illuminate\\Foundation\\Http\\Kernel->sendRequestThroughRouter()
#84 /home/oqrkrpbs/offices.topdealhot.com/public/index.php(56): Illuminate\\Foundation\\Http\\Kernel->handle()
#85 {main}
"} 
[2024-02-20 07:15:51] production.ERROR: Undefined variable $propertie (View: /home/oqrkrpbs/offices.topdealhot.com/platform/themes/resido/views/real-estate/includes/properties-list.blade.php) (View: /home/oqrkrpbs/offices.topdealhot.com/platform/themes/resido/views/real-estate/includes/properties-list.blade.php) {"userId":1,"exception":"[object] (Illuminate\\View\\ViewException(code: 0): Undefined variable $propertie (View: /home/oqrkrpbs/offices.topdealhot.com/platform/themes/resido/views/real-estate/includes/properties-list.blade.php) (View: /home/oqrkrpbs/offices.topdealhot.com/platform/themes/resido/views/real-estate/includes/properties-list.blade.php) at /home/oqrkrpbs/offices.topdealhot.com/storage/framework/views/27ab3ca2bb49b3fdccd27f97042e9a82.php:70)
[stacktrace]
#0 /home/oqrkrpbs/offices.topdealhot.com/vendor/laravel/framework/src/Illuminate/View/Engines/PhpEngine.php(60): Illuminate\\View\\Engines\\CompilerEngine->handleViewException()
#1 /home/oqrkrpbs/offices.topdealhot.com/vendor/laravel/framework/src/Illuminate/View/Engines/CompilerEngine.php(72): Illuminate\\View\\Engines\\PhpEngine->evaluatePath()
#2 /home/oqrkrpbs/offices.topdealhot.com/vendor/laravel/framework/src/Illuminate/View/View.php(207): Illuminate\\View\\Engines\\CompilerEngine->get()
#3 /home/oqrkrpbs/offices.topdealhot.com/vendor/botble/shortcode/src/View/View.php(50): Illuminate\\View\\View->getContents()
#4 /home/oqrkrpbs/offices.topdealhot.com/vendor/laravel/framework/src/Illuminate/View/View.php(159): Botble\\Shortcode\\View\\View->renderContents()
#5 /home/oqrkrpbs/offices.topdealhot.com/vendor/botble/theme/src/Theme.php(617): Illuminate\\View\\View->render()
#6 /home/oqrkrpbs/offices.topdealhot.com/vendor/botble/theme/src/Theme.php(597): Botble\\Theme\\Theme->setUpContent()
#7 /home/oqrkrpbs/offices.topdealhot.com/vendor/laravel/framework/src/Illuminate/Support/Facades/Facade.php(355): Botble\\Theme\\Theme->scope()
#8 /home/oqrkrpbs/offices.topdealhot.com/vendor/botble/theme/src/Http/Controllers/PublicController.php(89): Illuminate\\Support\\Facades\\Facade::__callStatic()
#9 /home/oqrkrpbs/offices.topdealhot.com/vendor/botble/theme/src/Http/Controllers/PublicController.php(119): Botble\\Theme\\Http\\Controllers\\PublicController->getView()
#10 /home/oqrkrpbs/offices.topdealhot.com/vendor/laravel/framework/src/Illuminate/Routing/Controller.php(54): Botble\\Theme\\Http\\Controllers\\PublicController->getViewWithPrefix()
#11 /home/oqrkrpbs/offices.topdealhot.com/vendor/laravel/framework/src/Illuminate/Routing/ControllerDispatcher.php(43): Illuminate\\Routing\\Controller->callAction()
#12 /home/oqrkrpbs/offices.topdealhot.com/vendor/laravel/framework/src/Illuminate/Routing/Route.php(260): Illuminate\\Routing\\ControllerDispatcher->dispatch()
#13 /home/oqrkrpbs/offices.topdealhot.com/vendor/laravel/framework/src/Illuminate/Routing/Route.php(205): Illuminate\\Routing\\Route->runController()
#14 /home/oqrkrpbs/offices.topdealhot.com/vendor/laravel/framework/src/Illuminate/Routing/Router.php(806): Illuminate\\Routing\\Route->run()
#15 /home/oqrkrpbs/offices.topdealhot.com/vendor/laravel/framework/src/Illuminate/Pipeline/Pipeline.php(144): Illuminate\\Routing\\Router->Illuminate\\Routing\\{closure}()
#16 /home/oqrkrpbs/offices.topdealhot.com/vendor/botble/platform/base/src/Http/Middleware/CoreMiddleware.php(17): Illuminate\\Pipeline\\Pipeline->Illuminate\\Pipeline\\{closure}()
#17 /home/oqrkrpbs/offices.topdealhot.com/vendor/laravel/framework/src/Illuminate/Pipeline/Pipeline.php(144): Botble\\Base\\Http\\Middleware\\CoreMiddleware->Botble\\Base\\Http\\Middleware\\{closure}()
#18 /home/oqrkrpbs/offices.topdealhot.com/vendor/botble/platform/base/src/Http/Middleware/EnsureLicenseHasBeenActivated.php(24): Illuminate\\Pipeline\\Pipeline->Illuminate\\Pipeline\\{closure}()
#19 /home/oqrkrpbs/offices.topdealhot.com/vendor/laravel/framework/src/Illuminate/Pipeline/Pipeline.php(183): Botble\\Base\\Http\\Middleware\\EnsureLicenseHasBeenActivated->handle()
#20 /home/oqrkrpbs/offices.topdealhot.com/vendor/laravel/framework/src/Illuminate/Pipeline/Pipeline.php(119): Illuminate\\Pipeline\\Pipeline->Illuminate\\Pipeline\\{closure}()
#21 /home/oqrkrpbs/offices.topdealhot.com/vendor/botble/platform/base/src/Http/Middleware/CoreMiddleware.php(18): Illuminate\\Pipeline\\Pipeline->then()
#22 /home/oqrkrpbs/offices.topdealhot.com/vendor/laravel/framework/src/Illuminate/Pipeline/Pipeline.php(183): Botble\\Base\\Http\\Middleware\\CoreMiddleware->handle()
#23 /home/oqrkrpbs/offices.topdealhot.com/vendor/botble/platform/base/src/Http/Middleware/HttpsProtocolMiddleware.php(16): Illuminate\\Pipeline\\Pipeline->Illuminate\\Pipeline\\{closure}()
#24 /home/oqrkrpbs/offices.topdealhot.com/vendor/laravel/framework/src/Illuminate/Pipeline/Pipeline.php(183): Botble\\Base\\Http\\Middleware\\HttpsProtocolMiddleware->handle()
#25 /home/oqrkrpbs/offices.topdealhot.com/vendor/botble/platform/base/src/Http/Middleware/AdminLocaleMiddleware.php(17): Illuminate\\Pipeline\\Pipeline->Illuminate\\Pipeline\\{closure}()
#26 /home/oqrkrpbs/offices.topdealhot.com/vendor/laravel/framework/src/Illuminate/Pipeline/Pipeline.php(183): Botble\\Base\\Http\\Middleware\\AdminLocaleMiddleware->handle()
#27 /home/oqrkrpbs/offices.topdealhot.com/vendor/botble/platform/base/src/Http/Middleware/LocaleMiddleware.php(29): Illuminate\\Pipeline\\Pipeline->Illuminate\\Pipeline\\{closure}()
#28 /home/oqrkrpbs/offices.topdealhot.com/vendor/laravel/framework/src/Illuminate/Pipeline/Pipeline.php(183): Botble\\Base\\Http\\Middleware\\LocaleMiddleware->handle()
#29 /home/oqrkrpbs/offices.topdealhot.com/vendor/botble/installer/src/Http/Middleware/RedirectIfNotInstalledMiddleware.php(17): Illuminate\\Pipeline\\Pipeline->Illuminate\\Pipeline\\{closure}()
#30 /home/oqrkrpbs/offices.topdealhot.com/vendor/laravel/framework/src/Illuminate/Pipeline/Pipeline.php(183): Botble\\Installer\\Http\\Middleware\\RedirectIfNotInstalledMiddleware->handle()
#31 /home/oqrkrpbs/offices.topdealhot.com/vendor/laravel/framework/src/Illuminate/Routing/Middleware/SubstituteBindings.php(50): Illuminate\\Pipeline\\Pipeline->Illuminate\\Pipeline\\{closure}()
#32 /home/oqrkrpbs/offices.topdealhot.com/vendor/laravel/framework/src/Illuminate/Pipeline/Pipeline.php(183): Illuminate\\Routing\\Middleware\\SubstituteBindings->handle()
#33 /home/oqrkrpbs/offices.topdealhot.com/vendor/laravel/framework/src/Illuminate/Foundation/Http/Middleware/VerifyCsrfToken.php(78): Illuminate\\Pipeline\\Pipeline->Illuminate\\Pipeline\\{closure}()
#34 /home/oqrkrpbs/offices.topdealhot.com/vendor/laravel/framework/src/Illuminate/Pipeline/Pipeline.php(183): Illuminate\\Foundation\\Http\\Middleware\\VerifyCsrfToken->handle()
#35 /home/oqrkrpbs/offices.topdealhot.com/vendor/laravel/framework/src/Illuminate/View/Middleware/ShareErrorsFromSession.php(49): Illuminate\\Pipeline\\Pipeline->Illuminate\\Pipeline\\{closure}()
#36 /home/oqrkrpbs/offices.topdealhot.com/vendor/laravel/framework/src/Illuminate/Pipeline/Pipeline.php(183): Illuminate\\View\\Middleware\\ShareErrorsFromSession->handle()
#37 /home/oqrkrpbs/offices.topdealhot.com/vendor/laravel/framework/src/Illuminate/Session/Middleware/StartSession.php(121): Illuminate\\Pipeline\\Pipeline->Illuminate\\Pipeline\\{closure}()
#38 /home/oqrkrpbs/offices.topdealhot.com/vendor/laravel/framework/src/Illuminate/Session/Middleware/StartSession.php(64): Illuminate\\Session\\Middleware\\StartSession->handleStatefulRequest()
#39 /home/oqrkrpbs/offices.topdealhot.com/vendor/laravel/framework/src/Illuminate/Pipeline/Pipeline.php(183): Illuminate\\Session\\Middleware\\StartSession->handle()
#40 /home/oqrkrpbs/offices.topdealhot.com/vendor/laravel/framework/src/Illuminate/Cookie/Middleware/AddQueuedCookiesToResponse.php(37): Illuminate\\Pipeline\\Pipeline->Illuminate\\Pipeline\\{closure}()
#41 /home/oqrkrpbs/offices.topdealhot.com/vendor/laravel/framework/src/Illuminate/Pipeline/Pipeline.php(183): Illuminate\\Cookie\\Middleware\\AddQueuedCookiesToResponse->handle()
#42 /home/oqrkrpbs/offices.topdealhot.com/vendor/laravel/framework/src/Illuminate/Cookie/Middleware/EncryptCookies.php(67): Illuminate\\Pipeline\\Pipeline->Illuminate\\Pipeline\\{closure}()
#43 /home/oqrkrpbs/offices.topdealhot.com/vendor/laravel/framework/src/Illuminate/Pipeline/Pipeline.php(183): Illuminate\\Cookie\\Middleware\\EncryptCookies->handle()
#44 /home/oqrkrpbs/offices.topdealhot.com/platform/plugins/language/src/Http/Middleware/LocalizationRedirectFilter.php(51): Illuminate\\Pipeline\\Pipeline->Illuminate\\Pipeline\\{closure}()
#45 /home/oqrkrpbs/offices.topdealhot.com/vendor/laravel/framework/src/Illuminate/Pipeline/Pipeline.php(183): Botble\\Language\\Http\\Middleware\\LocalizationRedirectFilter->handle()
#46 /home/oqrkrpbs/offices.topdealhot.com/platform/plugins/language/src/Http/Middleware/LocaleSessionRedirect.php(71): Illuminate\\Pipeline\\Pipeline->Illuminate\\Pipeline\\{closure}()
#47 /home/oqrkrpbs/offices.topdealhot.com/vendor/laravel/framework/src/Illuminate/Pipeline/Pipeline.php(183): Botble\\Language\\Http\\Middleware\\LocaleSessionRedirect->handle()
#48 /home/oqrkrpbs/offices.topdealhot.com/vendor/laravel/framework/src/Illuminate/Pipeline/Pipeline.php(119): Illuminate\\Pipeline\\Pipeline->Illuminate\\Pipeline\\{closure}()
#49 /home/oqrkrpbs/offices.topdealhot.com/vendor/laravel/framework/src/Illuminate/Routing/Router.php(807): Illuminate\\Pipeline\\Pipeline->then()
#50 /home/oqrkrpbs/offices.topdealhot.com/vendor/laravel/framework/src/Illuminate/Routing/Router.php(784): Illuminate\\Routing\\Router->runRouteWithinStack()
#51 /home/oqrkrpbs/offices.topdealhot.com/vendor/laravel/framework/src/Illuminate/Routing/Router.php(748): Illuminate\\Routing\\Router->runRoute()
#52 /home/oqrkrpbs/offices.topdealhot.com/vendor/laravel/framework/src/Illuminate/Routing/Router.php(737): Illuminate\\Routing\\Router->dispatchToRoute()
#53 /home/oqrkrpbs/offices.topdealhot.com/vendor/laravel/framework/src/Illuminate/Foundation/Http/Kernel.php(200): Illuminate\\Routing\\Router->dispatch()
#54 /home/oqrkrpbs/offices.topdealhot.com/vendor/laravel/framework/src/Illuminate/Pipeline/Pipeline.php(144): Illuminate\\Foundation\\Http\\Kernel->Illuminate\\Foundation\\Http\\{closure}()
#55 /home/oqrkrpbs/offices.topdealhot.com/vendor/botble/platform/js-validation/src/RemoteValidationMiddleware.php(43): Illuminate\\Pipeline\\Pipeline->Illuminate\\Pipeline\\{closure}()
#56 /home/oqrkrpbs/offices.topdealhot.com/vendor/laravel/framework/src/Illuminate/Pipeline/Pipeline.php(183): Botble\\JsValidation\\RemoteValidationMiddleware->handle()
#57 /home/oqrkrpbs/offices.topdealhot.com/vendor/laravel/framework/src/Illuminate/Foundation/Http/Middleware/TransformsRequest.php(21): Illuminate\\Pipeline\\Pipeline->Illuminate\\Pipeline\\{closure}()
#58 /home/oqrkrpbs/offices.topdealhot.com/vendor/laravel/framework/src/Illuminate/Foundation/Http/Middleware/ConvertEmptyStringsToNull.php(31): Illuminate\\Foundation\\Http\\Middleware\\TransformsRequest->handle()
#59 /home/oqrkrpbs/offices.topdealhot.com/vendor/laravel/framework/src/Illuminate/Pipeline/Pipeline.php(183): Illuminate\\Foundation\\Http\\Middleware\\ConvertEmptyStringsToNull->handle()
#60 /home/oqrkrpbs/offices.topdealhot.com/vendor/laravel/framework/src/Illuminate/Foundation/Http/Middleware/TransformsRequest.php(21): Illuminate\\Pipeline\\Pipeline->Illuminate\\Pipeline\\{closure}()
#61 /home/oqrkrpbs/offices.topdealhot.com/vendor/laravel/framework/src/Illuminate/Foundation/Http/Middleware/TrimStrings.php(40): Illuminate\\Foundation\\Http\\Middleware\\TransformsRequest->handle()
#62 /home/oqrkrpbs/offices.topdealhot.com/vendor/laravel/framework/src/Illuminate/Pipeline/Pipeline.php(183): Illuminate\\Foundation\\Http\\Middleware\\TrimStrings->handle()
#63 /home/oqrkrpbs/offices.topdealhot.com/vendor/laravel/framework/src/Illuminate/Foundation/Http/Middleware/ValidatePostSize.php(27): Illuminate\\Pipeline\\Pipeline->Illuminate\\Pipeline\\{closure}()
#64 /home/oqrkrpbs/offices.topdealhot.com/vendor/laravel/framework/src/Illuminate/Pipeline/Pipeline.php(183): Illuminate\\Foundation\\Http\\Middleware\\ValidatePostSize->handle()
#65 /home/oqrkrpbs/offices.topdealhot.com/vendor/laravel/framework/src/Illuminate/Foundation/Http/Middleware/PreventRequestsDuringMaintenance.php(99): Illuminate\\Pipeline\\Pipeline->Illuminate\\Pipeline\\{closure}()
#66 /home/oqrkrpbs/offices.topdealhot.com/vendor/laravel/framework/src/Illuminate/Pipeline/Pipeline.php(183): Illuminate\\Foundation\\Http\\Middleware\\PreventRequestsDuringMaintenance->handle()
#67 /home/oqrkrpbs/offices.topdealhot.com/vendor/laravel/framework/src/Illuminate/Http/Middleware/HandleCors.php(49): Illuminate\\Pipeline\\Pipeline->Illuminate\\Pipeline\\{closure}()
#68 /home/oqrkrpbs/offices.topdealhot.com/vendor/laravel/framework/src/Illuminate/Pipeline/Pipeline.php(183): Illuminate\\Http\\Middleware\\HandleCors->handle()
#69 /home/oqrkrpbs/offices.topdealhot.com/vendor/laravel/framework/src/Illuminate/Http/Middleware/TrustProxies.php(39): Illuminate\\Pipeline\\Pipeline->Illuminate\\Pipeline\\{closure}()
#70 /home/oqrkrpbs/offices.topdealhot.com/vendor/laravel/framework/src/Illuminate/Pipeline/Pipeline.php(183): Illuminate\\Http\\Middleware\\TrustProxies->handle()
#71 /home/oqrkrpbs/offices.topdealhot.com/vendor/laravel/framework/src/Illuminate/Pipeline/Pipeline.php(119): Illuminate\\Pipeline\\Pipeline->Illuminate\\Pipeline\\{closure}()
#72 /home/oqrkrpbs/offices.topdealhot.com/vendor/laravel/framework/src/Illuminate/Foundation/Http/Kernel.php(175): Illuminate\\Pipeline\\Pipeline->then()
#73 /home/oqrkrpbs/offices.topdealhot.com/vendor/laravel/framework/src/Illuminate/Foundation/Http/Kernel.php(144): Illuminate\\Foundation\\Http\\Kernel->sendRequestThroughRouter()
#74 /home/oqrkrpbs/offices.topdealhot.com/public/index.php(56): Illuminate\\Foundation\\Http\\Kernel->handle()
#75 {main}

[previous exception] [object] (Illuminate\\View\\ViewException(code: 0): Undefined variable $propertie (View: /home/oqrkrpbs/offices.topdealhot.com/platform/themes/resido/views/real-estate/includes/properties-list.blade.php) at /home/oqrkrpbs/offices.topdealhot.com/storage/framework/views/27ab3ca2bb49b3fdccd27f97042e9a82.php:70)
[stacktrace]
#0 /home/oqrkrpbs/offices.topdealhot.com/vendor/laravel/framework/src/Illuminate/View/Engines/PhpEngine.php(60): Illuminate\\View\\Engines\\CompilerEngine->handleViewException()
#1 /home/oqrkrpbs/offices.topdealhot.com/vendor/laravel/framework/src/Illuminate/View/Engines/CompilerEngine.php(72): Illuminate\\View\\Engines\\PhpEngine->evaluatePath()
#2 /home/oqrkrpbs/offices.topdealhot.com/vendor/laravel/framework/src/Illuminate/View/View.php(207): Illuminate\\View\\Engines\\CompilerEngine->get()
#3 /home/oqrkrpbs/offices.topdealhot.com/vendor/botble/shortcode/src/View/View.php(50): Illuminate\\View\\View->getContents()
#4 /home/oqrkrpbs/offices.topdealhot.com/vendor/laravel/framework/src/Illuminate/View/View.php(159): Botble\\Shortcode\\View\\View->renderContents()
#5 /home/oqrkrpbs/offices.topdealhot.com/storage/framework/views/992a8199c11081ec71d2ae082b0f7677.php(16): Illuminate\\View\\View->render()
#6 /home/oqrkrpbs/offices.topdealhot.com/vendor/laravel/framework/src/Illuminate/Filesystem/Filesystem.php(124): require('/home/oqrkrpbs/...')
#7 /home/oqrkrpbs/offices.topdealhot.com/vendor/laravel/framework/src/Illuminate/Filesystem/Filesystem.php(125): Illuminate\\Filesystem\\Filesystem::Illuminate\\Filesystem\\{closure}()
#8 /home/oqrkrpbs/offices.topdealhot.com/vendor/laravel/framework/src/Illuminate/View/Engines/PhpEngine.php(58): Illuminate\\Filesystem\\Filesystem->getRequire()
#9 /home/oqrkrpbs/offices.topdealhot.com/vendor/laravel/framework/src/Illuminate/View/Engines/CompilerEngine.php(72): Illuminate\\View\\Engines\\PhpEngine->evaluatePath()
#10 /home/oqrkrpbs/offices.topdealhot.com/vendor/laravel/framework/src/Illuminate/View/View.php(207): Illuminate\\View\\Engines\\CompilerEngine->get()
#11 /home/oqrkrpbs/offices.topdealhot.com/vendor/botble/shortcode/src/View/View.php(50): Illuminate\\View\\View->getContents()
#12 /home/oqrkrpbs/offices.topdealhot.com/vendor/laravel/framework/src/Illuminate/View/View.php(159): Botble\\Shortcode\\View\\View->renderContents()
#13 /home/oqrkrpbs/offices.topdealhot.com/vendor/botble/theme/src/Theme.php(617): Illuminate\\View\\View->render()
#14 /home/oqrkrpbs/offices.topdealhot.com/vendor/botble/theme/src/Theme.php(597): Botble\\Theme\\Theme->setUpContent()
#15 /home/oqrkrpbs/offices.topdealhot.com/vendor/laravel/framework/src/Illuminate/Support/Facades/Facade.php(355): Botble\\Theme\\Theme->scope()
#16 /home/oqrkrpbs/offices.topdealhot.com/vendor/botble/theme/src/Http/Controllers/PublicController.php(89): Illuminate\\Support\\Facades\\Facade::__callStatic()
#17 /home/oqrkrpbs/offices.topdealhot.com/vendor/botble/theme/src/Http/Controllers/PublicController.php(119): Botble\\Theme\\Http\\Controllers\\PublicController->getView()
#18 /home/oqrkrpbs/offices.topdealhot.com/vendor/laravel/framework/src/Illuminate/Routing/Controller.php(54): Botble\\Theme\\Http\\Controllers\\PublicController->getViewWithPrefix()
#19 /home/oqrkrpbs/offices.topdealhot.com/vendor/laravel/framework/src/Illuminate/Routing/ControllerDispatcher.php(43): Illuminate\\Routing\\Controller->callAction()
#20 /home/oqrkrpbs/offices.topdealhot.com/vendor/laravel/framework/src/Illuminate/Routing/Route.php(260): Illuminate\\Routing\\ControllerDispatcher->dispatch()
#21 /home/oqrkrpbs/offices.topdealhot.com/vendor/laravel/framework/src/Illuminate/Routing/Route.php(205): Illuminate\\Routing\\Route->runController()
#22 /home/oqrkrpbs/offices.topdealhot.com/vendor/laravel/framework/src/Illuminate/Routing/Router.php(806): Illuminate\\Routing\\Route->run()
#23 /home/oqrkrpbs/offices.topdealhot.com/vendor/laravel/framework/src/Illuminate/Pipeline/Pipeline.php(144): Illuminate\\Routing\\Router->Illuminate\\Routing\\{closure}()
#24 /home/oqrkrpbs/offices.topdealhot.com/vendor/botble/platform/base/src/Http/Middleware/CoreMiddleware.php(17): Illuminate\\Pipeline\\Pipeline->Illuminate\\Pipeline\\{closure}()
#25 /home/oqrkrpbs/offices.topdealhot.com/vendor/laravel/framework/src/Illuminate/Pipeline/Pipeline.php(144): Botble\\Base\\Http\\Middleware\\CoreMiddleware->Botble\\Base\\Http\\Middleware\\{closure}()
#26 /home/oqrkrpbs/offices.topdealhot.com/vendor/botble/platform/base/src/Http/Middleware/EnsureLicenseHasBeenActivated.php(24): Illuminate\\Pipeline\\Pipeline->Illuminate\\Pipeline\\{closure}()
#27 /home/oqrkrpbs/offices.topdealhot.com/vendor/laravel/framework/src/Illuminate/Pipeline/Pipeline.php(183): Botble\\Base\\Http\\Middleware\\EnsureLicenseHasBeenActivated->handle()
#28 /home/oqrkrpbs/offices.topdealhot.com/vendor/laravel/framework/src/Illuminate/Pipeline/Pipeline.php(119): Illuminate\\Pipeline\\Pipeline->Illuminate\\Pipeline\\{closure}()
#29 /home/oqrkrpbs/offices.topdealhot.com/vendor/botble/platform/base/src/Http/Middleware/CoreMiddleware.php(18): Illuminate\\Pipeline\\Pipeline->then()
#30 /home/oqrkrpbs/offices.topdealhot.com/vendor/laravel/framework/src/Illuminate/Pipeline/Pipeline.php(183): Botble\\Base\\Http\\Middleware\\CoreMiddleware->handle()
#31 /home/oqrkrpbs/offices.topdealhot.com/vendor/botble/platform/base/src/Http/Middleware/HttpsProtocolMiddleware.php(16): Illuminate\\Pipeline\\Pipeline->Illuminate\\Pipeline\\{closure}()
#32 /home/oqrkrpbs/offices.topdealhot.com/vendor/laravel/framework/src/Illuminate/Pipeline/Pipeline.php(183): Botble\\Base\\Http\\Middleware\\HttpsProtocolMiddleware->handle()
#33 /home/oqrkrpbs/offices.topdealhot.com/vendor/botble/platform/base/src/Http/Middleware/AdminLocaleMiddleware.php(17): Illuminate\\Pipeline\\Pipeline->Illuminate\\Pipeline\\{closure}()
#34 /home/oqrkrpbs/offices.topdealhot.com/vendor/laravel/framework/src/Illuminate/Pipeline/Pipeline.php(183): Botble\\Base\\Http\\Middleware\\AdminLocaleMiddleware->handle()
#35 /home/oqrkrpbs/offices.topdealhot.com/vendor/botble/platform/base/src/Http/Middleware/LocaleMiddleware.php(29): Illuminate\\Pipeline\\Pipeline->Illuminate\\Pipeline\\{closure}()
#36 /home/oqrkrpbs/offices.topdealhot.com/vendor/laravel/framework/src/Illuminate/Pipeline/Pipeline.php(183): Botble\\Base\\Http\\Middleware\\LocaleMiddleware->handle()
#37 /home/oqrkrpbs/offices.topdealhot.com/vendor/botble/installer/src/Http/Middleware/RedirectIfNotInstalledMiddleware.php(17): Illuminate\\Pipeline\\Pipeline->Illuminate\\Pipeline\\{closure}()
#38 /home/oqrkrpbs/offices.topdealhot.com/vendor/laravel/framework/src/Illuminate/Pipeline/Pipeline.php(183): Botble\\Installer\\Http\\Middleware\\RedirectIfNotInstalledMiddleware->handle()
#39 /home/oqrkrpbs/offices.topdealhot.com/vendor/laravel/framework/src/Illuminate/Routing/Middleware/SubstituteBindings.php(50): Illuminate\\Pipeline\\Pipeline->Illuminate\\Pipeline\\{closure}()
#40 /home/oqrkrpbs/offices.topdealhot.com/vendor/laravel/framework/src/Illuminate/Pipeline/Pipeline.php(183): Illuminate\\Routing\\Middleware\\SubstituteBindings->handle()
#41 /home/oqrkrpbs/offices.topdealhot.com/vendor/laravel/framework/src/Illuminate/Foundation/Http/Middleware/VerifyCsrfToken.php(78): Illuminate\\Pipeline\\Pipeline->Illuminate\\Pipeline\\{closure}()
#42 /home/oqrkrpbs/offices.topdealhot.com/vendor/laravel/framework/src/Illuminate/Pipeline/Pipeline.php(183): Illuminate\\Foundation\\Http\\Middleware\\VerifyCsrfToken->handle()
#43 /home/oqrkrpbs/offices.topdealhot.com/vendor/laravel/framework/src/Illuminate/View/Middleware/ShareErrorsFromSession.php(49): Illuminate\\Pipeline\\Pipeline->Illuminate\\Pipeline\\{closure}()
#44 /home/oqrkrpbs/offices.topdealhot.com/vendor/laravel/framework/src/Illuminate/Pipeline/Pipeline.php(183): Illuminate\\View\\Middleware\\ShareErrorsFromSession->handle()
#45 /home/oqrkrpbs/offices.topdealhot.com/vendor/laravel/framework/src/Illuminate/Session/Middleware/StartSession.php(121): Illuminate\\Pipeline\\Pipeline->Illuminate\\Pipeline\\{closure}()
#46 /home/oqrkrpbs/offices.topdealhot.com/vendor/laravel/framework/src/Illuminate/Session/Middleware/StartSession.php(64): Illuminate\\Session\\Middleware\\StartSession->handleStatefulRequest()
#47 /home/oqrkrpbs/offices.topdealhot.com/vendor/laravel/framework/src/Illuminate/Pipeline/Pipeline.php(183): Illuminate\\Session\\Middleware\\StartSession->handle()
#48 /home/oqrkrpbs/offices.topdealhot.com/vendor/laravel/framework/src/Illuminate/Cookie/Middleware/AddQueuedCookiesToResponse.php(37): Illuminate\\Pipeline\\Pipeline->Illuminate\\Pipeline\\{closure}()
#49 /home/oqrkrpbs/offices.topdealhot.com/vendor/laravel/framework/src/Illuminate/Pipeline/Pipeline.php(183): Illuminate\\Cookie\\Middleware\\AddQueuedCookiesToResponse->handle()
#50 /home/oqrkrpbs/offices.topdealhot.com/vendor/laravel/framework/src/Illuminate/Cookie/Middleware/EncryptCookies.php(67): Illuminate\\Pipeline\\Pipeline->Illuminate\\Pipeline\\{closure}()
#51 /home/oqrkrpbs/offices.topdealhot.com/vendor/laravel/framework/src/Illuminate/Pipeline/Pipeline.php(183): Illuminate\\Cookie\\Middleware\\EncryptCookies->handle()
#52 /home/oqrkrpbs/offices.topdealhot.com/platform/plugins/language/src/Http/Middleware/LocalizationRedirectFilter.php(51): Illuminate\\Pipeline\\Pipeline->Illuminate\\Pipeline\\{closure}()
#53 /home/oqrkrpbs/offices.topdealhot.com/vendor/laravel/framework/src/Illuminate/Pipeline/Pipeline.php(183): Botble\\Language\\Http\\Middleware\\LocalizationRedirectFilter->handle()
#54 /home/oqrkrpbs/offices.topdealhot.com/platform/plugins/language/src/Http/Middleware/LocaleSessionRedirect.php(71): Illuminate\\Pipeline\\Pipeline->Illuminate\\Pipeline\\{closure}()
#55 /home/oqrkrpbs/offices.topdealhot.com/vendor/laravel/framework/src/Illuminate/Pipeline/Pipeline.php(183): Botble\\Language\\Http\\Middleware\\LocaleSessionRedirect->handle()
#56 /home/oqrkrpbs/offices.topdealhot.com/vendor/laravel/framework/src/Illuminate/Pipeline/Pipeline.php(119): Illuminate\\Pipeline\\Pipeline->Illuminate\\Pipeline\\{closure}()
#57 /home/oqrkrpbs/offices.topdealhot.com/vendor/laravel/framework/src/Illuminate/Routing/Router.php(807): Illuminate\\Pipeline\\Pipeline->then()
#58 /home/oqrkrpbs/offices.topdealhot.com/vendor/laravel/framework/src/Illuminate/Routing/Router.php(784): Illuminate\\Routing\\Router->runRouteWithinStack()
#59 /home/oqrkrpbs/offices.topdealhot.com/vendor/laravel/framework/src/Illuminate/Routing/Router.php(748): Illuminate\\Routing\\Router->runRoute()
#60 /home/oqrkrpbs/offices.topdealhot.com/vendor/laravel/framework/src/Illuminate/Routing/Router.php(737): Illuminate\\Routing\\Router->dispatchToRoute()
#61 /home/oqrkrpbs/offices.topdealhot.com/vendor/laravel/framework/src/Illuminate/Foundation/Http/Kernel.php(200): Illuminate\\Routing\\Router->dispatch()
#62 /home/oqrkrpbs/offices.topdealhot.com/vendor/laravel/framework/src/Illuminate/Pipeline/Pipeline.php(144): Illuminate\\Foundation\\Http\\Kernel->Illuminate\\Foundation\\Http\\{closure}()
#63 /home/oqrkrpbs/offices.topdealhot.com/vendor/botble/platform/js-validation/src/RemoteValidationMiddleware.php(43): Illuminate\\Pipeline\\Pipeline->Illuminate\\Pipeline\\{closure}()
#64 /home/oqrkrpbs/offices.topdealhot.com/vendor/laravel/framework/src/Illuminate/Pipeline/Pipeline.php(183): Botble\\JsValidation\\RemoteValidationMiddleware->handle()
#65 /home/oqrkrpbs/offices.topdealhot.com/vendor/laravel/framework/src/Illuminate/Foundation/Http/Middleware/TransformsRequest.php(21): Illuminate\\Pipeline\\Pipeline->Illuminate\\Pipeline\\{closure}()
#66 /home/oqrkrpbs/offices.topdealhot.com/vendor/laravel/framework/src/Illuminate/Foundation/Http/Middleware/ConvertEmptyStringsToNull.php(31): Illuminate\\Foundation\\Http\\Middleware\\TransformsRequest->handle()
#67 /home/oqrkrpbs/offices.topdealhot.com/vendor/laravel/framework/src/Illuminate/Pipeline/Pipeline.php(183): Illuminate\\Foundation\\Http\\Middleware\\ConvertEmptyStringsToNull->handle()
#68 /home/oqrkrpbs/offices.topdealhot.com/vendor/laravel/framework/src/Illuminate/Foundation/Http/Middleware/TransformsRequest.php(21): Illuminate\\Pipeline\\Pipeline->Illuminate\\Pipeline\\{closure}()
#69 /home/oqrkrpbs/offices.topdealhot.com/vendor/laravel/framework/src/Illuminate/Foundation/Http/Middleware/TrimStrings.php(40): Illuminate\\Foundation\\Http\\Middleware\\TransformsRequest->handle()
#70 /home/oqrkrpbs/offices.topdealhot.com/vendor/laravel/framework/src/Illuminate/Pipeline/Pipeline.php(183): Illuminate\\Foundation\\Http\\Middleware\\TrimStrings->handle()
#71 /home/oqrkrpbs/offices.topdealhot.com/vendor/laravel/framework/src/Illuminate/Foundation/Http/Middleware/ValidatePostSize.php(27): Illuminate\\Pipeline\\Pipeline->Illuminate\\Pipeline\\{closure}()
#72 /home/oqrkrpbs/offices.topdealhot.com/vendor/laravel/framework/src/Illuminate/Pipeline/Pipeline.php(183): Illuminate\\Foundation\\Http\\Middleware\\ValidatePostSize->handle()
#73 /home/oqrkrpbs/offices.topdealhot.com/vendor/laravel/framework/src/Illuminate/Foundation/Http/Middleware/PreventRequestsDuringMaintenance.php(99): Illuminate\\Pipeline\\Pipeline->Illuminate\\Pipeline\\{closure}()
#74 /home/oqrkrpbs/offices.topdealhot.com/vendor/laravel/framework/src/Illuminate/Pipeline/Pipeline.php(183): Illuminate\\Foundation\\Http\\Middleware\\PreventRequestsDuringMaintenance->handle()
#75 /home/oqrkrpbs/offices.topdealhot.com/vendor/laravel/framework/src/Illuminate/Http/Middleware/HandleCors.php(49): Illuminate\\Pipeline\\Pipeline->Illuminate\\Pipeline\\{closure}()
#76 /home/oqrkrpbs/offices.topdealhot.com/vendor/laravel/framework/src/Illuminate/Pipeline/Pipeline.php(183): Illuminate\\Http\\Middleware\\HandleCors->handle()
#77 /home/oqrkrpbs/offices.topdealhot.com/vendor/laravel/framework/src/Illuminate/Http/Middleware/TrustProxies.php(39): Illuminate\\Pipeline\\Pipeline->Illuminate\\Pipeline\\{closure}()
#78 /home/oqrkrpbs/offices.topdealhot.com/vendor/laravel/framework/src/Illuminate/Pipeline/Pipeline.php(183): Illuminate\\Http\\Middleware\\TrustProxies->handle()
#79 /home/oqrkrpbs/offices.topdealhot.com/vendor/laravel/framework/src/Illuminate/Pipeline/Pipeline.php(119): Illuminate\\Pipeline\\Pipeline->Illuminate\\Pipeline\\{closure}()
#80 /home/oqrkrpbs/offices.topdealhot.com/vendor/laravel/framework/src/Illuminate/Foundation/Http/Kernel.php(175): Illuminate\\Pipeline\\Pipeline->then()
#81 /home/oqrkrpbs/offices.topdealhot.com/vendor/laravel/framework/src/Illuminate/Foundation/Http/Kernel.php(144): Illuminate\\Foundation\\Http\\Kernel->sendRequestThroughRouter()
#82 /home/oqrkrpbs/offices.topdealhot.com/public/index.php(56): Illuminate\\Foundation\\Http\\Kernel->handle()
#83 {main}

[previous exception] [object] (ErrorException(code: 0): Undefined variable $propertie at /home/oqrkrpbs/offices.topdealhot.com/storage/framework/views/27ab3ca2bb49b3fdccd27f97042e9a82.php:70)
[stacktrace]
#0 /home/oqrkrpbs/offices.topdealhot.com/vendor/laravel/framework/src/Illuminate/Foundation/Bootstrap/HandleExceptions.php(255): Illuminate\\Foundation\\Bootstrap\\HandleExceptions->handleError()
#1 /home/oqrkrpbs/offices.topdealhot.com/storage/framework/views/27ab3ca2bb49b3fdccd27f97042e9a82.php(70): Illuminate\\Foundation\\Bootstrap\\HandleExceptions->Illuminate\\Foundation\\Bootstrap\\{closure}()
#2 /home/oqrkrpbs/offices.topdealhot.com/vendor/laravel/framework/src/Illuminate/Filesystem/Filesystem.php(124): require('/home/oqrkrpbs/...')
#3 /home/oqrkrpbs/offices.topdealhot.com/vendor/laravel/framework/src/Illuminate/Filesystem/Filesystem.php(125): Illuminate\\Filesystem\\Filesystem::Illuminate\\Filesystem\\{closure}()
#4 /home/oqrkrpbs/offices.topdealhot.com/vendor/laravel/framework/src/Illuminate/View/Engines/PhpEngine.php(58): Illuminate\\Filesystem\\Filesystem->getRequire()
#5 /home/oqrkrpbs/offices.topdealhot.com/vendor/laravel/framework/src/Illuminate/View/Engines/CompilerEngine.php(72): Illuminate\\View\\Engines\\PhpEngine->evaluatePath()
#6 /home/oqrkrpbs/offices.topdealhot.com/vendor/laravel/framework/src/Illuminate/View/View.php(207): Illuminate\\View\\Engines\\CompilerEngine->get()
#7 /home/oqrkrpbs/offices.topdealhot.com/vendor/botble/shortcode/src/View/View.php(50): Illuminate\\View\\View->getContents()
#8 /home/oqrkrpbs/offices.topdealhot.com/vendor/laravel/framework/src/Illuminate/View/View.php(159): Botble\\Shortcode\\View\\View->renderContents()
#9 /home/oqrkrpbs/offices.topdealhot.com/storage/framework/views/992a8199c11081ec71d2ae082b0f7677.php(16): Illuminate\\View\\View->render()
#10 /home/oqrkrpbs/offices.topdealhot.com/vendor/laravel/framework/src/Illuminate/Filesystem/Filesystem.php(124): require('/home/oqrkrpbs/...')
#11 /home/oqrkrpbs/offices.topdealhot.com/vendor/laravel/framework/src/Illuminate/Filesystem/Filesystem.php(125): Illuminate\\Filesystem\\Filesystem::Illuminate\\Filesystem\\{closure}()
#12 /home/oqrkrpbs/offices.topdealhot.com/vendor/laravel/framework/src/Illuminate/View/Engines/PhpEngine.php(58): Illuminate\\Filesystem\\Filesystem->getRequire()
#13 /home/oqrkrpbs/offices.topdealhot.com/vendor/laravel/framework/src/Illuminate/View/Engines/CompilerEngine.php(72): Illuminate\\View\\Engines\\PhpEngine->evaluatePath()
#14 /home/oqrkrpbs/offices.topdealhot.com/vendor/laravel/framework/src/Illuminate/View/View.php(207): Illuminate\\View\\Engines\\CompilerEngine->get()
#15 /home/oqrkrpbs/offices.topdealhot.com/vendor/botble/shortcode/src/View/View.php(50): Illuminate\\View\\View->getContents()
#16 /home/oqrkrpbs/offices.topdealhot.com/vendor/laravel/framework/src/Illuminate/View/View.php(159): Botble\\Shortcode\\View\\View->renderContents()
#17 /home/oqrkrpbs/offices.topdealhot.com/vendor/botble/theme/src/Theme.php(617): Illuminate\\View\\View->render()
#18 /home/oqrkrpbs/offices.topdealhot.com/vendor/botble/theme/src/Theme.php(597): Botble\\Theme\\Theme->setUpContent()
#19 /home/oqrkrpbs/offices.topdealhot.com/vendor/laravel/framework/src/Illuminate/Support/Facades/Facade.php(355): Botble\\Theme\\Theme->scope()
#20 /home/oqrkrpbs/offices.topdealhot.com/vendor/botble/theme/src/Http/Controllers/PublicController.php(89): Illuminate\\Support\\Facades\\Facade::__callStatic()
#21 /home/oqrkrpbs/offices.topdealhot.com/vendor/botble/theme/src/Http/Controllers/PublicController.php(119): Botble\\Theme\\Http\\Controllers\\PublicController->getView()
#22 /home/oqrkrpbs/offices.topdealhot.com/vendor/laravel/framework/src/Illuminate/Routing/Controller.php(54): Botble\\Theme\\Http\\Controllers\\PublicController->getViewWithPrefix()
#23 /home/oqrkrpbs/offices.topdealhot.com/vendor/laravel/framework/src/Illuminate/Routing/ControllerDispatcher.php(43): Illuminate\\Routing\\Controller->callAction()
#24 /home/oqrkrpbs/offices.topdealhot.com/vendor/laravel/framework/src/Illuminate/Routing/Route.php(260): Illuminate\\Routing\\ControllerDispatcher->dispatch()
#25 /home/oqrkrpbs/offices.topdealhot.com/vendor/laravel/framework/src/Illuminate/Routing/Route.php(205): Illuminate\\Routing\\Route->runController()
#26 /home/oqrkrpbs/offices.topdealhot.com/vendor/laravel/framework/src/Illuminate/Routing/Router.php(806): Illuminate\\Routing\\Route->run()
#27 /home/oqrkrpbs/offices.topdealhot.com/vendor/laravel/framework/src/Illuminate/Pipeline/Pipeline.php(144): Illuminate\\Routing\\Router->Illuminate\\Routing\\{closure}()
#28 /home/oqrkrpbs/offices.topdealhot.com/vendor/botble/platform/base/src/Http/Middleware/CoreMiddleware.php(17): Illuminate\\Pipeline\\Pipeline->Illuminate\\Pipeline\\{closure}()
#29 /home/oqrkrpbs/offices.topdealhot.com/vendor/laravel/framework/src/Illuminate/Pipeline/Pipeline.php(144): Botble\\Base\\Http\\Middleware\\CoreMiddleware->Botble\\Base\\Http\\Middleware\\{closure}()
#30 /home/oqrkrpbs/offices.topdealhot.com/vendor/botble/platform/base/src/Http/Middleware/EnsureLicenseHasBeenActivated.php(24): Illuminate\\Pipeline\\Pipeline->Illuminate\\Pipeline\\{closure}()
#31 /home/oqrkrpbs/offices.topdealhot.com/vendor/laravel/framework/src/Illuminate/Pipeline/Pipeline.php(183): Botble\\Base\\Http\\Middleware\\EnsureLicenseHasBeenActivated->handle()
#32 /home/oqrkrpbs/offices.topdealhot.com/vendor/laravel/framework/src/Illuminate/Pipeline/Pipeline.php(119): Illuminate\\Pipeline\\Pipeline->Illuminate\\Pipeline\\{closure}()
#33 /home/oqrkrpbs/offices.topdealhot.com/vendor/botble/platform/base/src/Http/Middleware/CoreMiddleware.php(18): Illuminate\\Pipeline\\Pipeline->then()
#34 /home/oqrkrpbs/offices.topdealhot.com/vendor/laravel/framework/src/Illuminate/Pipeline/Pipeline.php(183): Botble\\Base\\Http\\Middleware\\CoreMiddleware->handle()
#35 /home/oqrkrpbs/offices.topdealhot.com/vendor/botble/platform/base/src/Http/Middleware/HttpsProtocolMiddleware.php(16): Illuminate\\Pipeline\\Pipeline->Illuminate\\Pipeline\\{closure}()
#36 /home/oqrkrpbs/offices.topdealhot.com/vendor/laravel/framework/src/Illuminate/Pipeline/Pipeline.php(183): Botble\\Base\\Http\\Middleware\\HttpsProtocolMiddleware->handle()
#37 /home/oqrkrpbs/offices.topdealhot.com/vendor/botble/platform/base/src/Http/Middleware/AdminLocaleMiddleware.php(17): Illuminate\\Pipeline\\Pipeline->Illuminate\\Pipeline\\{closure}()
#38 /home/oqrkrpbs/offices.topdealhot.com/vendor/laravel/framework/src/Illuminate/Pipeline/Pipeline.php(183): Botble\\Base\\Http\\Middleware\\AdminLocaleMiddleware->handle()
#39 /home/oqrkrpbs/offices.topdealhot.com/vendor/botble/platform/base/src/Http/Middleware/LocaleMiddleware.php(29): Illuminate\\Pipeline\\Pipeline->Illuminate\\Pipeline\\{closure}()
#40 /home/oqrkrpbs/offices.topdealhot.com/vendor/laravel/framework/src/Illuminate/Pipeline/Pipeline.php(183): Botble\\Base\\Http\\Middleware\\LocaleMiddleware->handle()
#41 /home/oqrkrpbs/offices.topdealhot.com/vendor/botble/installer/src/Http/Middleware/RedirectIfNotInstalledMiddleware.php(17): Illuminate\\Pipeline\\Pipeline->Illuminate\\Pipeline\\{closure}()
#42 /home/oqrkrpbs/offices.topdealhot.com/vendor/laravel/framework/src/Illuminate/Pipeline/Pipeline.php(183): Botble\\Installer\\Http\\Middleware\\RedirectIfNotInstalledMiddleware->handle()
#43 /home/oqrkrpbs/offices.topdealhot.com/vendor/laravel/framework/src/Illuminate/Routing/Middleware/SubstituteBindings.php(50): Illuminate\\Pipeline\\Pipeline->Illuminate\\Pipeline\\{closure}()
#44 /home/oqrkrpbs/offices.topdealhot.com/vendor/laravel/framework/src/Illuminate/Pipeline/Pipeline.php(183): Illuminate\\Routing\\Middleware\\SubstituteBindings->handle()
#45 /home/oqrkrpbs/offices.topdealhot.com/vendor/laravel/framework/src/Illuminate/Foundation/Http/Middleware/VerifyCsrfToken.php(78): Illuminate\\Pipeline\\Pipeline->Illuminate\\Pipeline\\{closure}()
#46 /home/oqrkrpbs/offices.topdealhot.com/vendor/laravel/framework/src/Illuminate/Pipeline/Pipeline.php(183): Illuminate\\Foundation\\Http\\Middleware\\VerifyCsrfToken->handle()
#47 /home/oqrkrpbs/offices.topdealhot.com/vendor/laravel/framework/src/Illuminate/View/Middleware/ShareErrorsFromSession.php(49): Illuminate\\Pipeline\\Pipeline->Illuminate\\Pipeline\\{closure}()
#48 /home/oqrkrpbs/offices.topdealhot.com/vendor/laravel/framework/src/Illuminate/Pipeline/Pipeline.php(183): Illuminate\\View\\Middleware\\ShareErrorsFromSession->handle()
#49 /home/oqrkrpbs/offices.topdealhot.com/vendor/laravel/framework/src/Illuminate/Session/Middleware/StartSession.php(121): Illuminate\\Pipeline\\Pipeline->Illuminate\\Pipeline\\{closure}()
#50 /home/oqrkrpbs/offices.topdealhot.com/vendor/laravel/framework/src/Illuminate/Session/Middleware/StartSession.php(64): Illuminate\\Session\\Middleware\\StartSession->handleStatefulRequest()
#51 /home/oqrkrpbs/offices.topdealhot.com/vendor/laravel/framework/src/Illuminate/Pipeline/Pipeline.php(183): Illuminate\\Session\\Middleware\\StartSession->handle()
#52 /home/oqrkrpbs/offices.topdealhot.com/vendor/laravel/framework/src/Illuminate/Cookie/Middleware/AddQueuedCookiesToResponse.php(37): Illuminate\\Pipeline\\Pipeline->Illuminate\\Pipeline\\{closure}()
#53 /home/oqrkrpbs/offices.topdealhot.com/vendor/laravel/framework/src/Illuminate/Pipeline/Pipeline.php(183): Illuminate\\Cookie\\Middleware\\AddQueuedCookiesToResponse->handle()
#54 /home/oqrkrpbs/offices.topdealhot.com/vendor/laravel/framework/src/Illuminate/Cookie/Middleware/EncryptCookies.php(67): Illuminate\\Pipeline\\Pipeline->Illuminate\\Pipeline\\{closure}()
#55 /home/oqrkrpbs/offices.topdealhot.com/vendor/laravel/framework/src/Illuminate/Pipeline/Pipeline.php(183): Illuminate\\Cookie\\Middleware\\EncryptCookies->handle()
#56 /home/oqrkrpbs/offices.topdealhot.com/platform/plugins/language/src/Http/Middleware/LocalizationRedirectFilter.php(51): Illuminate\\Pipeline\\Pipeline->Illuminate\\Pipeline\\{closure}()
#57 /home/oqrkrpbs/offices.topdealhot.com/vendor/laravel/framework/src/Illuminate/Pipeline/Pipeline.php(183): Botble\\Language\\Http\\Middleware\\LocalizationRedirectFilter->handle()
#58 /home/oqrkrpbs/offices.topdealhot.com/platform/plugins/language/src/Http/Middleware/LocaleSessionRedirect.php(71): Illuminate\\Pipeline\\Pipeline->Illuminate\\Pipeline\\{closure}()
#59 /home/oqrkrpbs/offices.topdealhot.com/vendor/laravel/framework/src/Illuminate/Pipeline/Pipeline.php(183): Botble\\Language\\Http\\Middleware\\LocaleSessionRedirect->handle()
#60 /home/oqrkrpbs/offices.topdealhot.com/vendor/laravel/framework/src/Illuminate/Pipeline/Pipeline.php(119): Illuminate\\Pipeline\\Pipeline->Illuminate\\Pipeline\\{closure}()
#61 /home/oqrkrpbs/offices.topdealhot.com/vendor/laravel/framework/src/Illuminate/Routing/Router.php(807): Illuminate\\Pipeline\\Pipeline->then()
#62 /home/oqrkrpbs/offices.topdealhot.com/vendor/laravel/framework/src/Illuminate/Routing/Router.php(784): Illuminate\\Routing\\Router->runRouteWithinStack()
#63 /home/oqrkrpbs/offices.topdealhot.com/vendor/laravel/framework/src/Illuminate/Routing/Router.php(748): Illuminate\\Routing\\Router->runRoute()
#64 /home/oqrkrpbs/offices.topdealhot.com/vendor/laravel/framework/src/Illuminate/Routing/Router.php(737): Illuminate\\Routing\\Router->dispatchToRoute()
#65 /home/oqrkrpbs/offices.topdealhot.com/vendor/laravel/framework/src/Illuminate/Foundation/Http/Kernel.php(200): Illuminate\\Routing\\Router->dispatch()
#66 /home/oqrkrpbs/offices.topdealhot.com/vendor/laravel/framework/src/Illuminate/Pipeline/Pipeline.php(144): Illuminate\\Foundation\\Http\\Kernel->Illuminate\\Foundation\\Http\\{closure}()
#67 /home/oqrkrpbs/offices.topdealhot.com/vendor/botble/platform/js-validation/src/RemoteValidationMiddleware.php(43): Illuminate\\Pipeline\\Pipeline->Illuminate\\Pipeline\\{closure}()
#68 /home/oqrkrpbs/offices.topdealhot.com/vendor/laravel/framework/src/Illuminate/Pipeline/Pipeline.php(183): Botble\\JsValidation\\RemoteValidationMiddleware->handle()
#69 /home/oqrkrpbs/offices.topdealhot.com/vendor/laravel/framework/src/Illuminate/Foundation/Http/Middleware/TransformsRequest.php(21): Illuminate\\Pipeline\\Pipeline->Illuminate\\Pipeline\\{closure}()
#70 /home/oqrkrpbs/offices.topdealhot.com/vendor/laravel/framework/src/Illuminate/Foundation/Http/Middleware/ConvertEmptyStringsToNull.php(31): Illuminate\\Foundation\\Http\\Middleware\\TransformsRequest->handle()
#71 /home/oqrkrpbs/offices.topdealhot.com/vendor/laravel/framework/src/Illuminate/Pipeline/Pipeline.php(183): Illuminate\\Foundation\\Http\\Middleware\\ConvertEmptyStringsToNull->handle()
#72 /home/oqrkrpbs/offices.topdealhot.com/vendor/laravel/framework/src/Illuminate/Foundation/Http/Middleware/TransformsRequest.php(21): Illuminate\\Pipeline\\Pipeline->Illuminate\\Pipeline\\{closure}()
#73 /home/oqrkrpbs/offices.topdealhot.com/vendor/laravel/framework/src/Illuminate/Foundation/Http/Middleware/TrimStrings.php(40): Illuminate\\Foundation\\Http\\Middleware\\TransformsRequest->handle()
#74 /home/oqrkrpbs/offices.topdealhot.com/vendor/laravel/framework/src/Illuminate/Pipeline/Pipeline.php(183): Illuminate\\Foundation\\Http\\Middleware\\TrimStrings->handle()
#75 /home/oqrkrpbs/offices.topdealhot.com/vendor/laravel/framework/src/Illuminate/Foundation/Http/Middleware/ValidatePostSize.php(27): Illuminate\\Pipeline\\Pipeline->Illuminate\\Pipeline\\{closure}()
#76 /home/oqrkrpbs/offices.topdealhot.com/vendor/laravel/framework/src/Illuminate/Pipeline/Pipeline.php(183): Illuminate\\Foundation\\Http\\Middleware\\ValidatePostSize->handle()
#77 /home/oqrkrpbs/offices.topdealhot.com/vendor/laravel/framework/src/Illuminate/Foundation/Http/Middleware/PreventRequestsDuringMaintenance.php(99): Illuminate\\Pipeline\\Pipeline->Illuminate\\Pipeline\\{closure}()
#78 /home/oqrkrpbs/offices.topdealhot.com/vendor/laravel/framework/src/Illuminate/Pipeline/Pipeline.php(183): Illuminate\\Foundation\\Http\\Middleware\\PreventRequestsDuringMaintenance->handle()
#79 /home/oqrkrpbs/offices.topdealhot.com/vendor/laravel/framework/src/Illuminate/Http/Middleware/HandleCors.php(49): Illuminate\\Pipeline\\Pipeline->Illuminate\\Pipeline\\{closure}()
#80 /home/oqrkrpbs/offices.topdealhot.com/vendor/laravel/framework/src/Illuminate/Pipeline/Pipeline.php(183): Illuminate\\Http\\Middleware\\HandleCors->handle()
#81 /home/oqrkrpbs/offices.topdealhot.com/vendor/laravel/framework/src/Illuminate/Http/Middleware/TrustProxies.php(39): Illuminate\\Pipeline\\Pipeline->Illuminate\\Pipeline\\{closure}()
#82 /home/oqrkrpbs/offices.topdealhot.com/vendor/laravel/framework/src/Illuminate/Pipeline/Pipeline.php(183): Illuminate\\Http\\Middleware\\TrustProxies->handle()
#83 /home/oqrkrpbs/offices.topdealhot.com/vendor/laravel/framework/src/Illuminate/Pipeline/Pipeline.php(119): Illuminate\\Pipeline\\Pipeline->Illuminate\\Pipeline\\{closure}()
#84 /home/oqrkrpbs/offices.topdealhot.com/vendor/laravel/framework/src/Illuminate/Foundation/Http/Kernel.php(175): Illuminate\\Pipeline\\Pipeline->then()
#85 /home/oqrkrpbs/offices.topdealhot.com/vendor/laravel/framework/src/Illuminate/Foundation/Http/Kernel.php(144): Illuminate\\Foundation\\Http\\Kernel->sendRequestThroughRouter()
#86 /home/oqrkrpbs/offices.topdealhot.com/public/index.php(56): Illuminate\\Foundation\\Http\\Kernel->handle()
#87 {main}
"} 
