[2024-01-28 08:00:47] production.ERROR: Attempt to read property "id" on string (View: /home/oqrkrpbs/offices.topdealhot.com/platform/themes/resido/partials/shortcodes/properties-slide-admin-config.blade.php) {"userId":1,"exception":"[object] (Illuminate\\View\\ViewException(code: 0): Attempt to read property \"id\" on string (View: /home/oqrkrpbs/offices.topdealhot.com/platform/themes/resido/partials/shortcodes/properties-slide-admin-config.blade.php) at /home/oqrkrpbs/offices.topdealhot.com/storage/framework/views/458d3befaee18734c570ed560321045a.php:16)
[stacktrace]
#0 /home/oqrkrpbs/offices.topdealhot.com/vendor/laravel/framework/src/Illuminate/View/Engines/PhpEngine.php(60): Illuminate\\View\\Engines\\CompilerEngine->handleViewException()
#1 /home/oqrkrpbs/offices.topdealhot.com/vendor/laravel/framework/src/Illuminate/View/Engines/CompilerEngine.php(72): Illuminate\\View\\Engines\\PhpEngine->evaluatePath()
#2 /home/oqrkrpbs/offices.topdealhot.com/vendor/laravel/framework/src/Illuminate/View/View.php(207): Illuminate\\View\\Engines\\CompilerEngine->get()
#3 /home/oqrkrpbs/offices.topdealhot.com/vendor/botble/shortcode/src/View/View.php(50): Illuminate\\View\\View->getContents()
#4 /home/oqrkrpbs/offices.topdealhot.com/vendor/laravel/framework/src/Illuminate/View/View.php(159): Botble\\Shortcode\\View\\View->renderContents()
#5 /home/oqrkrpbs/offices.topdealhot.com/vendor/botble/theme/src/Theme.php(435): Illuminate\\View\\View->render()
#6 /home/oqrkrpbs/offices.topdealhot.com/vendor/botble/theme/src/Theme.php(421): Botble\\Theme\\Theme->loadPartial()
#7 /home/oqrkrpbs/offices.topdealhot.com/vendor/laravel/framework/src/Illuminate/Support/Facades/Facade.php(355): Botble\\Theme\\Theme->partial()
#8 /home/oqrkrpbs/offices.topdealhot.com/platform/themes/resido/functions/shortcodes.php(160): Illuminate\\Support\\Facades\\Facade::__callStatic()
#9 [internal function]: Illuminate\\Filesystem\\Filesystem::{closure}()
#10 /home/oqrkrpbs/offices.topdealhot.com/vendor/botble/shortcode/src/Http/Controllers/ShortcodeController.php(36): call_user_func()
#11 /home/oqrkrpbs/offices.topdealhot.com/vendor/laravel/framework/src/Illuminate/Routing/Controller.php(54): Botble\\Shortcode\\Http\\Controllers\\ShortcodeController->ajaxGetAdminConfig()
#12 /home/oqrkrpbs/offices.topdealhot.com/vendor/laravel/framework/src/Illuminate/Routing/ControllerDispatcher.php(43): Illuminate\\Routing\\Controller->callAction()
#13 /home/oqrkrpbs/offices.topdealhot.com/vendor/laravel/framework/src/Illuminate/Routing/Route.php(260): Illuminate\\Routing\\ControllerDispatcher->dispatch()
#14 /home/oqrkrpbs/offices.topdealhot.com/vendor/laravel/framework/src/Illuminate/Routing/Route.php(205): Illuminate\\Routing\\Route->runController()
#15 /home/oqrkrpbs/offices.topdealhot.com/vendor/laravel/framework/src/Illuminate/Routing/Router.php(806): Illuminate\\Routing\\Route->run()
#16 /home/oqrkrpbs/offices.topdealhot.com/vendor/laravel/framework/src/Illuminate/Pipeline/Pipeline.php(144): Illuminate\\Routing\\Router->Illuminate\\Routing\\{closure}()
#17 /home/oqrkrpbs/offices.topdealhot.com/vendor/botble/platform/base/src/Http/Middleware/CoreMiddleware.php(17): Illuminate\\Pipeline\\Pipeline->Illuminate\\Pipeline\\{closure}()
#18 /home/oqrkrpbs/offices.topdealhot.com/vendor/laravel/framework/src/Illuminate/Pipeline/Pipeline.php(144): Botble\\Base\\Http\\Middleware\\CoreMiddleware->Botble\\Base\\Http\\Middleware\\{closure}()
#19 /home/oqrkrpbs/offices.topdealhot.com/vendor/botble/platform/base/src/Http/Middleware/EnsureLicenseHasBeenActivated.php(24): Illuminate\\Pipeline\\Pipeline->Illuminate\\Pipeline\\{closure}()
#20 /home/oqrkrpbs/offices.topdealhot.com/vendor/laravel/framework/src/Illuminate/Pipeline/Pipeline.php(183): Botble\\Base\\Http\\Middleware\\EnsureLicenseHasBeenActivated->handle()
#21 /home/oqrkrpbs/offices.topdealhot.com/vendor/laravel/framework/src/Illuminate/Pipeline/Pipeline.php(119): Illuminate\\Pipeline\\Pipeline->Illuminate\\Pipeline\\{closure}()
#22 /home/oqrkrpbs/offices.topdealhot.com/vendor/botble/platform/base/src/Http/Middleware/CoreMiddleware.php(18): Illuminate\\Pipeline\\Pipeline->then()
#23 /home/oqrkrpbs/offices.topdealhot.com/vendor/laravel/framework/src/Illuminate/Pipeline/Pipeline.php(183): Botble\\Base\\Http\\Middleware\\CoreMiddleware->handle()
#24 /home/oqrkrpbs/offices.topdealhot.com/vendor/botble/platform/base/src/Http/Middleware/HttpsProtocolMiddleware.php(16): Illuminate\\Pipeline\\Pipeline->Illuminate\\Pipeline\\{closure}()
#25 /home/oqrkrpbs/offices.topdealhot.com/vendor/laravel/framework/src/Illuminate/Pipeline/Pipeline.php(183): Botble\\Base\\Http\\Middleware\\HttpsProtocolMiddleware->handle()
#26 /home/oqrkrpbs/offices.topdealhot.com/vendor/botble/platform/base/src/Http/Middleware/AdminLocaleMiddleware.php(31): Illuminate\\Pipeline\\Pipeline->Illuminate\\Pipeline\\{closure}()
#27 /home/oqrkrpbs/offices.topdealhot.com/vendor/laravel/framework/src/Illuminate/Pipeline/Pipeline.php(183): Botble\\Base\\Http\\Middleware\\AdminLocaleMiddleware->handle()
#28 /home/oqrkrpbs/offices.topdealhot.com/vendor/botble/platform/base/src/Http/Middleware/LocaleMiddleware.php(23): Illuminate\\Pipeline\\Pipeline->Illuminate\\Pipeline\\{closure}()
#29 /home/oqrkrpbs/offices.topdealhot.com/vendor/laravel/framework/src/Illuminate/Pipeline/Pipeline.php(183): Botble\\Base\\Http\\Middleware\\LocaleMiddleware->handle()
#30 /home/oqrkrpbs/offices.topdealhot.com/vendor/botble/installer/src/Http/Middleware/RedirectIfNotInstalledMiddleware.php(17): Illuminate\\Pipeline\\Pipeline->Illuminate\\Pipeline\\{closure}()
#31 /home/oqrkrpbs/offices.topdealhot.com/vendor/laravel/framework/src/Illuminate/Pipeline/Pipeline.php(183): Botble\\Installer\\Http\\Middleware\\RedirectIfNotInstalledMiddleware->handle()
#32 /home/oqrkrpbs/offices.topdealhot.com/vendor/laravel/framework/src/Illuminate/Routing/Middleware/SubstituteBindings.php(50): Illuminate\\Pipeline\\Pipeline->Illuminate\\Pipeline\\{closure}()
#33 /home/oqrkrpbs/offices.topdealhot.com/vendor/laravel/framework/src/Illuminate/Pipeline/Pipeline.php(183): Illuminate\\Routing\\Middleware\\SubstituteBindings->handle()
#34 /home/oqrkrpbs/offices.topdealhot.com/vendor/botble/platform/acl/src/Http/Middleware/Authenticate.php(37): Illuminate\\Pipeline\\Pipeline->Illuminate\\Pipeline\\{closure}()
#35 /home/oqrkrpbs/offices.topdealhot.com/vendor/laravel/framework/src/Illuminate/Pipeline/Pipeline.php(183): Botble\\ACL\\Http\\Middleware\\Authenticate->handle()
#36 /home/oqrkrpbs/offices.topdealhot.com/vendor/laravel/framework/src/Illuminate/Foundation/Http/Middleware/VerifyCsrfToken.php(78): Illuminate\\Pipeline\\Pipeline->Illuminate\\Pipeline\\{closure}()
#37 /home/oqrkrpbs/offices.topdealhot.com/vendor/laravel/framework/src/Illuminate/Pipeline/Pipeline.php(183): Illuminate\\Foundation\\Http\\Middleware\\VerifyCsrfToken->handle()
#38 /home/oqrkrpbs/offices.topdealhot.com/vendor/laravel/framework/src/Illuminate/View/Middleware/ShareErrorsFromSession.php(49): Illuminate\\Pipeline\\Pipeline->Illuminate\\Pipeline\\{closure}()
#39 /home/oqrkrpbs/offices.topdealhot.com/vendor/laravel/framework/src/Illuminate/Pipeline/Pipeline.php(183): Illuminate\\View\\Middleware\\ShareErrorsFromSession->handle()
#40 /home/oqrkrpbs/offices.topdealhot.com/vendor/laravel/framework/src/Illuminate/Session/Middleware/StartSession.php(121): Illuminate\\Pipeline\\Pipeline->Illuminate\\Pipeline\\{closure}()
#41 /home/oqrkrpbs/offices.topdealhot.com/vendor/laravel/framework/src/Illuminate/Session/Middleware/StartSession.php(64): Illuminate\\Session\\Middleware\\StartSession->handleStatefulRequest()
#42 /home/oqrkrpbs/offices.topdealhot.com/vendor/laravel/framework/src/Illuminate/Pipeline/Pipeline.php(183): Illuminate\\Session\\Middleware\\StartSession->handle()
#43 /home/oqrkrpbs/offices.topdealhot.com/vendor/laravel/framework/src/Illuminate/Cookie/Middleware/AddQueuedCookiesToResponse.php(37): Illuminate\\Pipeline\\Pipeline->Illuminate\\Pipeline\\{closure}()
#44 /home/oqrkrpbs/offices.topdealhot.com/vendor/laravel/framework/src/Illuminate/Pipeline/Pipeline.php(183): Illuminate\\Cookie\\Middleware\\AddQueuedCookiesToResponse->handle()
#45 /home/oqrkrpbs/offices.topdealhot.com/vendor/laravel/framework/src/Illuminate/Cookie/Middleware/EncryptCookies.php(67): Illuminate\\Pipeline\\Pipeline->Illuminate\\Pipeline\\{closure}()
#46 /home/oqrkrpbs/offices.topdealhot.com/vendor/laravel/framework/src/Illuminate/Pipeline/Pipeline.php(183): Illuminate\\Cookie\\Middleware\\EncryptCookies->handle()
#47 /home/oqrkrpbs/offices.topdealhot.com/vendor/laravel/framework/src/Illuminate/Pipeline/Pipeline.php(119): Illuminate\\Pipeline\\Pipeline->Illuminate\\Pipeline\\{closure}()
#48 /home/oqrkrpbs/offices.topdealhot.com/vendor/laravel/framework/src/Illuminate/Routing/Router.php(807): Illuminate\\Pipeline\\Pipeline->then()
#49 /home/oqrkrpbs/offices.topdealhot.com/vendor/laravel/framework/src/Illuminate/Routing/Router.php(784): Illuminate\\Routing\\Router->runRouteWithinStack()
#50 /home/oqrkrpbs/offices.topdealhot.com/vendor/laravel/framework/src/Illuminate/Routing/Router.php(748): Illuminate\\Routing\\Router->runRoute()
#51 /home/oqrkrpbs/offices.topdealhot.com/vendor/laravel/framework/src/Illuminate/Routing/Router.php(737): Illuminate\\Routing\\Router->dispatchToRoute()
#52 /home/oqrkrpbs/offices.topdealhot.com/vendor/laravel/framework/src/Illuminate/Foundation/Http/Kernel.php(200): Illuminate\\Routing\\Router->dispatch()
#53 /home/oqrkrpbs/offices.topdealhot.com/vendor/laravel/framework/src/Illuminate/Pipeline/Pipeline.php(144): Illuminate\\Foundation\\Http\\Kernel->Illuminate\\Foundation\\Http\\{closure}()
#54 /home/oqrkrpbs/offices.topdealhot.com/vendor/botble/platform/js-validation/src/RemoteValidationMiddleware.php(43): Illuminate\\Pipeline\\Pipeline->Illuminate\\Pipeline\\{closure}()
#55 /home/oqrkrpbs/offices.topdealhot.com/vendor/laravel/framework/src/Illuminate/Pipeline/Pipeline.php(183): Botble\\JsValidation\\RemoteValidationMiddleware->handle()
#56 /home/oqrkrpbs/offices.topdealhot.com/vendor/laravel/framework/src/Illuminate/Foundation/Http/Middleware/TransformsRequest.php(21): Illuminate\\Pipeline\\Pipeline->Illuminate\\Pipeline\\{closure}()
#57 /home/oqrkrpbs/offices.topdealhot.com/vendor/laravel/framework/src/Illuminate/Foundation/Http/Middleware/ConvertEmptyStringsToNull.php(31): Illuminate\\Foundation\\Http\\Middleware\\TransformsRequest->handle()
#58 /home/oqrkrpbs/offices.topdealhot.com/vendor/laravel/framework/src/Illuminate/Pipeline/Pipeline.php(183): Illuminate\\Foundation\\Http\\Middleware\\ConvertEmptyStringsToNull->handle()
#59 /home/oqrkrpbs/offices.topdealhot.com/vendor/laravel/framework/src/Illuminate/Foundation/Http/Middleware/TransformsRequest.php(21): Illuminate\\Pipeline\\Pipeline->Illuminate\\Pipeline\\{closure}()
#60 /home/oqrkrpbs/offices.topdealhot.com/vendor/laravel/framework/src/Illuminate/Foundation/Http/Middleware/TrimStrings.php(40): Illuminate\\Foundation\\Http\\Middleware\\TransformsRequest->handle()
#61 /home/oqrkrpbs/offices.topdealhot.com/vendor/laravel/framework/src/Illuminate/Pipeline/Pipeline.php(183): Illuminate\\Foundation\\Http\\Middleware\\TrimStrings->handle()
#62 /home/oqrkrpbs/offices.topdealhot.com/vendor/laravel/framework/src/Illuminate/Foundation/Http/Middleware/ValidatePostSize.php(27): Illuminate\\Pipeline\\Pipeline->Illuminate\\Pipeline\\{closure}()
#63 /home/oqrkrpbs/offices.topdealhot.com/vendor/laravel/framework/src/Illuminate/Pipeline/Pipeline.php(183): Illuminate\\Foundation\\Http\\Middleware\\ValidatePostSize->handle()
#64 /home/oqrkrpbs/offices.topdealhot.com/vendor/laravel/framework/src/Illuminate/Foundation/Http/Middleware/PreventRequestsDuringMaintenance.php(99): Illuminate\\Pipeline\\Pipeline->Illuminate\\Pipeline\\{closure}()
#65 /home/oqrkrpbs/offices.topdealhot.com/vendor/laravel/framework/src/Illuminate/Pipeline/Pipeline.php(183): Illuminate\\Foundation\\Http\\Middleware\\PreventRequestsDuringMaintenance->handle()
#66 /home/oqrkrpbs/offices.topdealhot.com/vendor/laravel/framework/src/Illuminate/Http/Middleware/HandleCors.php(49): Illuminate\\Pipeline\\Pipeline->Illuminate\\Pipeline\\{closure}()
#67 /home/oqrkrpbs/offices.topdealhot.com/vendor/laravel/framework/src/Illuminate/Pipeline/Pipeline.php(183): Illuminate\\Http\\Middleware\\HandleCors->handle()
#68 /home/oqrkrpbs/offices.topdealhot.com/vendor/laravel/framework/src/Illuminate/Http/Middleware/TrustProxies.php(39): Illuminate\\Pipeline\\Pipeline->Illuminate\\Pipeline\\{closure}()
#69 /home/oqrkrpbs/offices.topdealhot.com/vendor/laravel/framework/src/Illuminate/Pipeline/Pipeline.php(183): Illuminate\\Http\\Middleware\\TrustProxies->handle()
#70 /home/oqrkrpbs/offices.topdealhot.com/vendor/laravel/framework/src/Illuminate/Pipeline/Pipeline.php(119): Illuminate\\Pipeline\\Pipeline->Illuminate\\Pipeline\\{closure}()
#71 /home/oqrkrpbs/offices.topdealhot.com/vendor/laravel/framework/src/Illuminate/Foundation/Http/Kernel.php(175): Illuminate\\Pipeline\\Pipeline->then()
#72 /home/oqrkrpbs/offices.topdealhot.com/vendor/laravel/framework/src/Illuminate/Foundation/Http/Kernel.php(144): Illuminate\\Foundation\\Http\\Kernel->sendRequestThroughRouter()
#73 /home/oqrkrpbs/offices.topdealhot.com/public/index.php(56): Illuminate\\Foundation\\Http\\Kernel->handle()
#74 {main}

[previous exception] [object] (ErrorException(code: 0): Attempt to read property \"id\" on string at /home/oqrkrpbs/offices.topdealhot.com/storage/framework/views/458d3befaee18734c570ed560321045a.php:16)
[stacktrace]
#0 /home/oqrkrpbs/offices.topdealhot.com/vendor/laravel/framework/src/Illuminate/Foundation/Bootstrap/HandleExceptions.php(255): Illuminate\\Foundation\\Bootstrap\\HandleExceptions->handleError()
#1 /home/oqrkrpbs/offices.topdealhot.com/storage/framework/views/458d3befaee18734c570ed560321045a.php(16): Illuminate\\Foundation\\Bootstrap\\HandleExceptions->Illuminate\\Foundation\\Bootstrap\\{closure}()
#2 /home/oqrkrpbs/offices.topdealhot.com/vendor/laravel/framework/src/Illuminate/Filesystem/Filesystem.php(124): require('/home/oqrkrpbs/...')
#3 /home/oqrkrpbs/offices.topdealhot.com/vendor/laravel/framework/src/Illuminate/Filesystem/Filesystem.php(125): Illuminate\\Filesystem\\Filesystem::Illuminate\\Filesystem\\{closure}()
#4 /home/oqrkrpbs/offices.topdealhot.com/vendor/laravel/framework/src/Illuminate/View/Engines/PhpEngine.php(58): Illuminate\\Filesystem\\Filesystem->getRequire()
#5 /home/oqrkrpbs/offices.topdealhot.com/vendor/laravel/framework/src/Illuminate/View/Engines/CompilerEngine.php(72): Illuminate\\View\\Engines\\PhpEngine->evaluatePath()
#6 /home/oqrkrpbs/offices.topdealhot.com/vendor/laravel/framework/src/Illuminate/View/View.php(207): Illuminate\\View\\Engines\\CompilerEngine->get()
#7 /home/oqrkrpbs/offices.topdealhot.com/vendor/botble/shortcode/src/View/View.php(50): Illuminate\\View\\View->getContents()
#8 /home/oqrkrpbs/offices.topdealhot.com/vendor/laravel/framework/src/Illuminate/View/View.php(159): Botble\\Shortcode\\View\\View->renderContents()
#9 /home/oqrkrpbs/offices.topdealhot.com/vendor/botble/theme/src/Theme.php(435): Illuminate\\View\\View->render()
#10 /home/oqrkrpbs/offices.topdealhot.com/vendor/botble/theme/src/Theme.php(421): Botble\\Theme\\Theme->loadPartial()
#11 /home/oqrkrpbs/offices.topdealhot.com/vendor/laravel/framework/src/Illuminate/Support/Facades/Facade.php(355): Botble\\Theme\\Theme->partial()
#12 /home/oqrkrpbs/offices.topdealhot.com/platform/themes/resido/functions/shortcodes.php(160): Illuminate\\Support\\Facades\\Facade::__callStatic()
#13 [internal function]: Illuminate\\Filesystem\\Filesystem::{closure}()
#14 /home/oqrkrpbs/offices.topdealhot.com/vendor/botble/shortcode/src/Http/Controllers/ShortcodeController.php(36): call_user_func()
#15 /home/oqrkrpbs/offices.topdealhot.com/vendor/laravel/framework/src/Illuminate/Routing/Controller.php(54): Botble\\Shortcode\\Http\\Controllers\\ShortcodeController->ajaxGetAdminConfig()
#16 /home/oqrkrpbs/offices.topdealhot.com/vendor/laravel/framework/src/Illuminate/Routing/ControllerDispatcher.php(43): Illuminate\\Routing\\Controller->callAction()
#17 /home/oqrkrpbs/offices.topdealhot.com/vendor/laravel/framework/src/Illuminate/Routing/Route.php(260): Illuminate\\Routing\\ControllerDispatcher->dispatch()
#18 /home/oqrkrpbs/offices.topdealhot.com/vendor/laravel/framework/src/Illuminate/Routing/Route.php(205): Illuminate\\Routing\\Route->runController()
#19 /home/oqrkrpbs/offices.topdealhot.com/vendor/laravel/framework/src/Illuminate/Routing/Router.php(806): Illuminate\\Routing\\Route->run()
#20 /home/oqrkrpbs/offices.topdealhot.com/vendor/laravel/framework/src/Illuminate/Pipeline/Pipeline.php(144): Illuminate\\Routing\\Router->Illuminate\\Routing\\{closure}()
#21 /home/oqrkrpbs/offices.topdealhot.com/vendor/botble/platform/base/src/Http/Middleware/CoreMiddleware.php(17): Illuminate\\Pipeline\\Pipeline->Illuminate\\Pipeline\\{closure}()
#22 /home/oqrkrpbs/offices.topdealhot.com/vendor/laravel/framework/src/Illuminate/Pipeline/Pipeline.php(144): Botble\\Base\\Http\\Middleware\\CoreMiddleware->Botble\\Base\\Http\\Middleware\\{closure}()
#23 /home/oqrkrpbs/offices.topdealhot.com/vendor/botble/platform/base/src/Http/Middleware/EnsureLicenseHasBeenActivated.php(24): Illuminate\\Pipeline\\Pipeline->Illuminate\\Pipeline\\{closure}()
#24 /home/oqrkrpbs/offices.topdealhot.com/vendor/laravel/framework/src/Illuminate/Pipeline/Pipeline.php(183): Botble\\Base\\Http\\Middleware\\EnsureLicenseHasBeenActivated->handle()
#25 /home/oqrkrpbs/offices.topdealhot.com/vendor/laravel/framework/src/Illuminate/Pipeline/Pipeline.php(119): Illuminate\\Pipeline\\Pipeline->Illuminate\\Pipeline\\{closure}()
#26 /home/oqrkrpbs/offices.topdealhot.com/vendor/botble/platform/base/src/Http/Middleware/CoreMiddleware.php(18): Illuminate\\Pipeline\\Pipeline->then()
#27 /home/oqrkrpbs/offices.topdealhot.com/vendor/laravel/framework/src/Illuminate/Pipeline/Pipeline.php(183): Botble\\Base\\Http\\Middleware\\CoreMiddleware->handle()
#28 /home/oqrkrpbs/offices.topdealhot.com/vendor/botble/platform/base/src/Http/Middleware/HttpsProtocolMiddleware.php(16): Illuminate\\Pipeline\\Pipeline->Illuminate\\Pipeline\\{closure}()
#29 /home/oqrkrpbs/offices.topdealhot.com/vendor/laravel/framework/src/Illuminate/Pipeline/Pipeline.php(183): Botble\\Base\\Http\\Middleware\\HttpsProtocolMiddleware->handle()
#30 /home/oqrkrpbs/offices.topdealhot.com/vendor/botble/platform/base/src/Http/Middleware/AdminLocaleMiddleware.php(31): Illuminate\\Pipeline\\Pipeline->Illuminate\\Pipeline\\{closure}()
#31 /home/oqrkrpbs/offices.topdealhot.com/vendor/laravel/framework/src/Illuminate/Pipeline/Pipeline.php(183): Botble\\Base\\Http\\Middleware\\AdminLocaleMiddleware->handle()
#32 /home/oqrkrpbs/offices.topdealhot.com/vendor/botble/platform/base/src/Http/Middleware/LocaleMiddleware.php(23): Illuminate\\Pipeline\\Pipeline->Illuminate\\Pipeline\\{closure}()
#33 /home/oqrkrpbs/offices.topdealhot.com/vendor/laravel/framework/src/Illuminate/Pipeline/Pipeline.php(183): Botble\\Base\\Http\\Middleware\\LocaleMiddleware->handle()
#34 /home/oqrkrpbs/offices.topdealhot.com/vendor/botble/installer/src/Http/Middleware/RedirectIfNotInstalledMiddleware.php(17): Illuminate\\Pipeline\\Pipeline->Illuminate\\Pipeline\\{closure}()
#35 /home/oqrkrpbs/offices.topdealhot.com/vendor/laravel/framework/src/Illuminate/Pipeline/Pipeline.php(183): Botble\\Installer\\Http\\Middleware\\RedirectIfNotInstalledMiddleware->handle()
#36 /home/oqrkrpbs/offices.topdealhot.com/vendor/laravel/framework/src/Illuminate/Routing/Middleware/SubstituteBindings.php(50): Illuminate\\Pipeline\\Pipeline->Illuminate\\Pipeline\\{closure}()
#37 /home/oqrkrpbs/offices.topdealhot.com/vendor/laravel/framework/src/Illuminate/Pipeline/Pipeline.php(183): Illuminate\\Routing\\Middleware\\SubstituteBindings->handle()
#38 /home/oqrkrpbs/offices.topdealhot.com/vendor/botble/platform/acl/src/Http/Middleware/Authenticate.php(37): Illuminate\\Pipeline\\Pipeline->Illuminate\\Pipeline\\{closure}()
#39 /home/oqrkrpbs/offices.topdealhot.com/vendor/laravel/framework/src/Illuminate/Pipeline/Pipeline.php(183): Botble\\ACL\\Http\\Middleware\\Authenticate->handle()
#40 /home/oqrkrpbs/offices.topdealhot.com/vendor/laravel/framework/src/Illuminate/Foundation/Http/Middleware/VerifyCsrfToken.php(78): Illuminate\\Pipeline\\Pipeline->Illuminate\\Pipeline\\{closure}()
#41 /home/oqrkrpbs/offices.topdealhot.com/vendor/laravel/framework/src/Illuminate/Pipeline/Pipeline.php(183): Illuminate\\Foundation\\Http\\Middleware\\VerifyCsrfToken->handle()
#42 /home/oqrkrpbs/offices.topdealhot.com/vendor/laravel/framework/src/Illuminate/View/Middleware/ShareErrorsFromSession.php(49): Illuminate\\Pipeline\\Pipeline->Illuminate\\Pipeline\\{closure}()
#43 /home/oqrkrpbs/offices.topdealhot.com/vendor/laravel/framework/src/Illuminate/Pipeline/Pipeline.php(183): Illuminate\\View\\Middleware\\ShareErrorsFromSession->handle()
#44 /home/oqrkrpbs/offices.topdealhot.com/vendor/laravel/framework/src/Illuminate/Session/Middleware/StartSession.php(121): Illuminate\\Pipeline\\Pipeline->Illuminate\\Pipeline\\{closure}()
#45 /home/oqrkrpbs/offices.topdealhot.com/vendor/laravel/framework/src/Illuminate/Session/Middleware/StartSession.php(64): Illuminate\\Session\\Middleware\\StartSession->handleStatefulRequest()
#46 /home/oqrkrpbs/offices.topdealhot.com/vendor/laravel/framework/src/Illuminate/Pipeline/Pipeline.php(183): Illuminate\\Session\\Middleware\\StartSession->handle()
#47 /home/oqrkrpbs/offices.topdealhot.com/vendor/laravel/framework/src/Illuminate/Cookie/Middleware/AddQueuedCookiesToResponse.php(37): Illuminate\\Pipeline\\Pipeline->Illuminate\\Pipeline\\{closure}()
#48 /home/oqrkrpbs/offices.topdealhot.com/vendor/laravel/framework/src/Illuminate/Pipeline/Pipeline.php(183): Illuminate\\Cookie\\Middleware\\AddQueuedCookiesToResponse->handle()
#49 /home/oqrkrpbs/offices.topdealhot.com/vendor/laravel/framework/src/Illuminate/Cookie/Middleware/EncryptCookies.php(67): Illuminate\\Pipeline\\Pipeline->Illuminate\\Pipeline\\{closure}()
#50 /home/oqrkrpbs/offices.topdealhot.com/vendor/laravel/framework/src/Illuminate/Pipeline/Pipeline.php(183): Illuminate\\Cookie\\Middleware\\EncryptCookies->handle()
#51 /home/oqrkrpbs/offices.topdealhot.com/vendor/laravel/framework/src/Illuminate/Pipeline/Pipeline.php(119): Illuminate\\Pipeline\\Pipeline->Illuminate\\Pipeline\\{closure}()
#52 /home/oqrkrpbs/offices.topdealhot.com/vendor/laravel/framework/src/Illuminate/Routing/Router.php(807): Illuminate\\Pipeline\\Pipeline->then()
#53 /home/oqrkrpbs/offices.topdealhot.com/vendor/laravel/framework/src/Illuminate/Routing/Router.php(784): Illuminate\\Routing\\Router->runRouteWithinStack()
#54 /home/oqrkrpbs/offices.topdealhot.com/vendor/laravel/framework/src/Illuminate/Routing/Router.php(748): Illuminate\\Routing\\Router->runRoute()
#55 /home/oqrkrpbs/offices.topdealhot.com/vendor/laravel/framework/src/Illuminate/Routing/Router.php(737): Illuminate\\Routing\\Router->dispatchToRoute()
#56 /home/oqrkrpbs/offices.topdealhot.com/vendor/laravel/framework/src/Illuminate/Foundation/Http/Kernel.php(200): Illuminate\\Routing\\Router->dispatch()
#57 /home/oqrkrpbs/offices.topdealhot.com/vendor/laravel/framework/src/Illuminate/Pipeline/Pipeline.php(144): Illuminate\\Foundation\\Http\\Kernel->Illuminate\\Foundation\\Http\\{closure}()
#58 /home/oqrkrpbs/offices.topdealhot.com/vendor/botble/platform/js-validation/src/RemoteValidationMiddleware.php(43): Illuminate\\Pipeline\\Pipeline->Illuminate\\Pipeline\\{closure}()
#59 /home/oqrkrpbs/offices.topdealhot.com/vendor/laravel/framework/src/Illuminate/Pipeline/Pipeline.php(183): Botble\\JsValidation\\RemoteValidationMiddleware->handle()
#60 /home/oqrkrpbs/offices.topdealhot.com/vendor/laravel/framework/src/Illuminate/Foundation/Http/Middleware/TransformsRequest.php(21): Illuminate\\Pipeline\\Pipeline->Illuminate\\Pipeline\\{closure}()
#61 /home/oqrkrpbs/offices.topdealhot.com/vendor/laravel/framework/src/Illuminate/Foundation/Http/Middleware/ConvertEmptyStringsToNull.php(31): Illuminate\\Foundation\\Http\\Middleware\\TransformsRequest->handle()
#62 /home/oqrkrpbs/offices.topdealhot.com/vendor/laravel/framework/src/Illuminate/Pipeline/Pipeline.php(183): Illuminate\\Foundation\\Http\\Middleware\\ConvertEmptyStringsToNull->handle()
#63 /home/oqrkrpbs/offices.topdealhot.com/vendor/laravel/framework/src/Illuminate/Foundation/Http/Middleware/TransformsRequest.php(21): Illuminate\\Pipeline\\Pipeline->Illuminate\\Pipeline\\{closure}()
#64 /home/oqrkrpbs/offices.topdealhot.com/vendor/laravel/framework/src/Illuminate/Foundation/Http/Middleware/TrimStrings.php(40): Illuminate\\Foundation\\Http\\Middleware\\TransformsRequest->handle()
#65 /home/oqrkrpbs/offices.topdealhot.com/vendor/laravel/framework/src/Illuminate/Pipeline/Pipeline.php(183): Illuminate\\Foundation\\Http\\Middleware\\TrimStrings->handle()
#66 /home/oqrkrpbs/offices.topdealhot.com/vendor/laravel/framework/src/Illuminate/Foundation/Http/Middleware/ValidatePostSize.php(27): Illuminate\\Pipeline\\Pipeline->Illuminate\\Pipeline\\{closure}()
#67 /home/oqrkrpbs/offices.topdealhot.com/vendor/laravel/framework/src/Illuminate/Pipeline/Pipeline.php(183): Illuminate\\Foundation\\Http\\Middleware\\ValidatePostSize->handle()
#68 /home/oqrkrpbs/offices.topdealhot.com/vendor/laravel/framework/src/Illuminate/Foundation/Http/Middleware/PreventRequestsDuringMaintenance.php(99): Illuminate\\Pipeline\\Pipeline->Illuminate\\Pipeline\\{closure}()
#69 /home/oqrkrpbs/offices.topdealhot.com/vendor/laravel/framework/src/Illuminate/Pipeline/Pipeline.php(183): Illuminate\\Foundation\\Http\\Middleware\\PreventRequestsDuringMaintenance->handle()
#70 /home/oqrkrpbs/offices.topdealhot.com/vendor/laravel/framework/src/Illuminate/Http/Middleware/HandleCors.php(49): Illuminate\\Pipeline\\Pipeline->Illuminate\\Pipeline\\{closure}()
#71 /home/oqrkrpbs/offices.topdealhot.com/vendor/laravel/framework/src/Illuminate/Pipeline/Pipeline.php(183): Illuminate\\Http\\Middleware\\HandleCors->handle()
#72 /home/oqrkrpbs/offices.topdealhot.com/vendor/laravel/framework/src/Illuminate/Http/Middleware/TrustProxies.php(39): Illuminate\\Pipeline\\Pipeline->Illuminate\\Pipeline\\{closure}()
#73 /home/oqrkrpbs/offices.topdealhot.com/vendor/laravel/framework/src/Illuminate/Pipeline/Pipeline.php(183): Illuminate\\Http\\Middleware\\TrustProxies->handle()
#74 /home/oqrkrpbs/offices.topdealhot.com/vendor/laravel/framework/src/Illuminate/Pipeline/Pipeline.php(119): Illuminate\\Pipeline\\Pipeline->Illuminate\\Pipeline\\{closure}()
#75 /home/oqrkrpbs/offices.topdealhot.com/vendor/laravel/framework/src/Illuminate/Foundation/Http/Kernel.php(175): Illuminate\\Pipeline\\Pipeline->then()
#76 /home/oqrkrpbs/offices.topdealhot.com/vendor/laravel/framework/src/Illuminate/Foundation/Http/Kernel.php(144): Illuminate\\Foundation\\Http\\Kernel->sendRequestThroughRouter()
#77 /home/oqrkrpbs/offices.topdealhot.com/public/index.php(56): Illuminate\\Foundation\\Http\\Kernel->handle()
#78 {main}
"} 
